#
# A fatal error has been detected by the Java Runtime Environment:
#
#  EXCEPTION_ACCESS_VIOLATION (0xc0000005) at pc=0x00007fff0730df3f, pid=10708, tid=12444
#
# JRE version: OpenJDK Runtime Environment (11.0.13) (build 11.0.13+0-b1751.21-8125866)
# Java VM: OpenJDK 64-Bit Server VM (11.0.13+0-b1751.21-8125866, mixed mode, tiered, compressed oops, g1 gc, windows-amd64)
# Problematic frame:
# V  [jvm.dll+0x63df3f]
#
# No core dump will be written. Minidumps are not enabled by default on client versions of Windows
#
# If you would like to submit a bug report, please visit:
#   https://bugreport.java.com/bugreport/crash.jsp
#

---------------  S U M M A R Y ------------

Command Line: --add-opens=java.base/java.util=ALL-UNNAMED --add-opens=java.base/java.lang=ALL-UNNAMED --add-opens=java.base/java.lang.invoke=ALL-UNNAMED --add-opens=java.base/java.util=ALL-UNNAMED --add-opens=java.prefs/java.util.prefs=ALL-UNNAMED --add-opens=java.prefs/java.util.prefs=ALL-UNNAMED --add-opens=java.base/java.nio.charset=ALL-UNNAMED --add-opens=java.base/java.net=ALL-UNNAMED --add-opens=java.base/java.util.concurrent.atomic=ALL-UNNAMED -Xmx2048m -Dfile.encoding=UTF-8 -Duser.country=SE -Duser.language=sv -Duser.variant org.gradle.launcher.daemon.bootstrap.GradleDaemon 7.4

Host: Intel(R) Core(TM) i7-3770K CPU @ 3.50GHz, 8 cores, 15G,  Windows 10 , 64 bit Build 19041 (10.0.19041.1889)
Time: Wed Oct  5 17:54:52 2022 Västeuropa, sommartid elapsed time: 9.900992 seconds (0d 0h 0m 9s)

---------------  T H R E A D  ---------------

Current thread (0x00000234ac3af000):  JavaThread "C2 CompilerThread2" daemon [_thread_in_native, id=12444, stack(0x000000bf0d100000,0x000000bf0d200000)]


Current CompileTask:
C2:   9901 9675   !   4       com.google.common.collect.MapMakerInternalMap$Segment::put (298 bytes)

Stack: [0x000000bf0d100000,0x000000bf0d200000],  sp=0x000000bf0d1fc3a0,  free space=1008k
Native frames: (J=compiled Java code, j=interpreted, Vv=VM code, C=native code)
V  [jvm.dll+0x63df3f]
V  [jvm.dll+0x3468d3]
V  [jvm.dll+0x10a29f]
V  [jvm.dll+0x5d6f99]
V  [jvm.dll+0x10a16c]
V  [jvm.dll+0x33c589]
V  [jvm.dll+0x6315cc]
V  [jvm.dll+0x6307b7]
V  [jvm.dll+0x62b78c]
V  [jvm.dll+0x62524a]
V  [jvm.dll+0x6248b3]
V  [jvm.dll+0x622904]
V  [jvm.dll+0x18b5ac]
V  [jvm.dll+0x2beb9f]
V  [jvm.dll+0x62d4e5]
V  [jvm.dll+0x62524a]
V  [jvm.dll+0x6248b3]
V  [jvm.dll+0x622904]
V  [jvm.dll+0x18b5ac]
V  [jvm.dll+0x2beb9f]
V  [jvm.dll+0x62d4e5]
V  [jvm.dll+0x62524a]
V  [jvm.dll+0x6248b3]
V  [jvm.dll+0x622904]
V  [jvm.dll+0x18b5ac]
V  [jvm.dll+0x2beb9f]
V  [jvm.dll+0x62d4e5]
V  [jvm.dll+0x62524a]
V  [jvm.dll+0x6248b3]
V  [jvm.dll+0x622904]
V  [jvm.dll+0x18b5ac]
V  [jvm.dll+0x2beb9f]
V  [jvm.dll+0x62d4e5]
V  [jvm.dll+0x62524a]
V  [jvm.dll+0x6248b3]
V  [jvm.dll+0x622904]
V  [jvm.dll+0x18b5ac]
V  [jvm.dll+0x2beb9f]
V  [jvm.dll+0x62d4e5]
V  [jvm.dll+0x62524a]
V  [jvm.dll+0x6248b3]
V  [jvm.dll+0x622904]
V  [jvm.dll+0x18b5ac]
V  [jvm.dll+0x202155]
V  [jvm.dll+0x188e01]
V  [jvm.dll+0x21106b]
V  [jvm.dll+0x20f8c1]
V  [jvm.dll+0x70de0f]
V  [jvm.dll+0x706a75]
V  [jvm.dll+0x60ed66]
C  [ucrtbase.dll+0x21bb2]
C  [KERNEL32.DLL+0x17034]
C  [ntdll.dll+0x526a1]


siginfo: EXCEPTION_ACCESS_VIOLATION (0xc0000005), reading address 0xffffffffffffffff


Register to memory mapping:

RIP=0x00007fff0730df3f jvm.dll
RAX=0x023490ca17a00000 is an unknown value
RBX=0x00000234aeb339b0 points into unknown readable memory: 0x00007fff07554bf8 | f8 4b 55 07 ff 7f 00 00
RCX=0x00000234aba4c4c8 points into unknown readable memory: 0x00007fff07577de0 | e0 7d 57 07 ff 7f 00 00
RDX=0x00000234aba4c4c8 points into unknown readable memory: 0x00007fff07577de0 | e0 7d 57 07 ff 7f 00 00
RSP=0x000000bf0d1fc3a0 is pointing into the stack for thread: 0x00000234ac3af000
RBP=0x000000bf0d1fc8b0 is pointing into the stack for thread: 0x00000234ac3af000
RSI=0x00000234aba4c4c8 points into unknown readable memory: 0x00007fff07577de0 | e0 7d 57 07 ff 7f 00 00
RDI=0x000000bf0d1fe020 is pointing into the stack for thread: 0x00000234ac3af000
R8 =0x0000000000000010 is an unknown value
R9 =0x00000234aeb2f120 points into unknown readable memory: 0x00000234aba4c490 | 90 c4 a4 ab 34 02 00 00
R10=0x00000234aedc8da0 points into unknown readable memory: 0x00007fff075517b0 | b0 17 55 07 ff 7f 00 00
R11=0x00000234aeb33930 points into unknown readable memory: 0x00000234aedc8a98 | 98 8a dc ae 34 02 00 00
R12=0x00000234aeb33768 points into unknown readable memory: 0x00007fff074de580 | 80 e5 4d 07 ff 7f 00 00
R13=0x00000234aba4c4c8 points into unknown readable memory: 0x00007fff07577de0 | e0 7d 57 07 ff 7f 00 00
R14=0x0000000000000115 is an unknown value
R15=0x00000234aedc8da0 points into unknown readable memory: 0x00007fff075517b0 | b0 17 55 07 ff 7f 00 00


Registers:
RAX=0x023490ca17a00000, RBX=0x00000234aeb339b0, RCX=0x00000234aba4c4c8, RDX=0x00000234aba4c4c8
RSP=0x000000bf0d1fc3a0, RBP=0x000000bf0d1fc8b0, RSI=0x00000234aba4c4c8, RDI=0x000000bf0d1fe020
R8 =0x0000000000000010, R9 =0x00000234aeb2f120, R10=0x00000234aedc8da0, R11=0x00000234aeb33930
R12=0x00000234aeb33768, R13=0x00000234aba4c4c8, R14=0x0000000000000115, R15=0x00000234aedc8da0
RIP=0x00007fff0730df3f, EFLAGS=0x0000000000010246

Top of Stack: (sp=0x000000bf0d1fc3a0)
0x000000bf0d1fc3a0:   00000234aeb339b0 000000bf0d1fc8b0
0x000000bf0d1fc3b0:   000000bf0d1fe020 00000234aeb33768
0x000000bf0d1fc3c0:   00000234aeb30bb0 00007fff070168d3
0x000000bf0d1fc3d0:   000000bf0d1fc8b0 0000000000000115
0x000000bf0d1fc3e0:   000000bf0d1fe020 00000234aeb319f0
0x000000bf0d1fc3f0:   0000000000000000 00000234aedc8da0
0x000000bf0d1fc400:   000002340000000c 0000023400000002
0x000000bf0d1fc410:   0000000000000000 0000000000000000
0x000000bf0d1fc420:   000000bf0d1fc8b0 00000234aeb319f0
0x000000bf0d1fc430:   0000000800084000 00007fff06dda29f
0x000000bf0d1fc440:   000000bf0d1fc5d8 0000000000000000
0x000000bf0d1fc450:   000000bf0d1fc5b0 00000234aeb31d88
0x000000bf0d1fc460:   000002340000000c 0000023400000008
0x000000bf0d1fc470:   0000023400000002 00007fff073eb900
0x000000bf0d1fc480:   0000000045790000 0000000000000000
0x000000bf0d1fc490:   000000bf0d1fc800 00000234aeb319f0 

Instructions: (pc=0x00007fff0730df3f)
0x00007fff0730de3f:   cc 48 89 5c 24 18 48 89 74 24 20 57 48 83 ec 20
0x00007fff0730de4f:   4c 89 74 24 38 48 8b da 48 8b f9 66 0f 1f 44 00
0x00007fff0730de5f:   00 48 8b 05 e9 0d 3e 00 45 33 c9 4c 8b c3 48 8b
0x00007fff0730de6f:   d7 48 8b 48 28 48 8b 01 ff 50 70 48 85 c0 75 14
0x00007fff0730de7f:   48 8b 03 45 33 c0 48 8b d7 48 8b cb ff 50 48 48
0x00007fff0730de8f:   85 c0 74 05 48 8b d8 eb c8 8b 73 28 48 89 6c 24
0x00007fff0730de9f:   30 3b 77 48 72 17 8b d6 48 8d 4f 40 e8 30 0e fb
0x00007fff0730deaf:   ff 48 8b 47 50 48 c7 04 f0 00 00 00 00 48 8b 03
0x00007fff0730debf:   48 8b d7 48 8b cb ff 50 40 44 8b 73 28 48 8b f0
0x00007fff0730decf:   48 8b 47 50 4a 39 34 f0 74 25 44 3b 77 48 72 0c
0x00007fff0730dedf:   41 8b d6 48 8d 4f 40 e8 f5 0d fb ff 48 8b 47 50
0x00007fff0730deef:   48 8b d6 48 8b cb 4a 89 34 f0 e8 b2 1d fb ff 48
0x00007fff0730deff:   8b 06 48 8b ce ff 50 40 4c 8b 74 24 38 48 8b 6c
0x00007fff0730df0f:   24 30 84 c0 74 25 0f b6 43 30 c0 e8 04 a8 01 75
0x00007fff0730df1f:   1a 48 8b d6 48 8b cf 48 8b 5c 24 40 48 8b 74 24
0x00007fff0730df2f:   48 48 83 c4 20 5f e9 86 ec ff ff 48 8b 05 0f 0d
0x00007fff0730df3f:   3e 00 4c 8b c3 48 8b d7 48 8b 48 28 48 8b 01 ff
0x00007fff0730df4f:   50 78 48 3b c3 75 2d 48 8b 03 48 8b d7 48 8b cb
0x00007fff0730df5f:   ff 50 38 48 3b c3 75 1c 48 8d 8f 88 09 00 00 48
0x00007fff0730df6f:   8b d3 e8 6a e8 ff ff 48 85 c0 74 05 48 3b c3 75
0x00007fff0730df7f:   03 48 8b c3 48 8b 5c 24 40 48 8b 74 24 48 48 83
0x00007fff0730df8f:   c4 20 5f c3 cc cc cc cc cc cc cc cc cc cc cc cc
0x00007fff0730df9f:   cc 48 89 5c 24 18 56 57 41 57 48 83 ec 20 48 8b
0x00007fff0730dfaf:   f1 48 89 6c 24 40 48 81 c1 88 09 00 00 48 8b da
0x00007fff0730dfbf:   e8 9c e6 ff ff 48 8b 05 85 0c 3e 00 41 b1 01 4c
0x00007fff0730dfcf:   8b c3 48 8b d6 48 8b 48 28 48 8b 01 ff 50 70 48
0x00007fff0730dfdf:   8b f8 48 85 c0 75 12 48 8b 03 41 b0 01 48 8b d6
0x00007fff0730dfef:   48 8b cb ff 50 48 48 8b f8 48 85 ff 74 5d 0f 1f
0x00007fff0730dfff:   00 48 8b d3 48 8b ce e8 85 d0 ff ff 48 3b df 74
0x00007fff0730e00f:   11 4c 8b c7 48 8b d3 48 8b ce e8 c2 f6 ff ff 48
0x00007fff0730e01f:   8b df 48 8b 05 28 0c 3e 00 41 b1 01 4c 8b c3 48
0x00007fff0730e02f:   8b d6 48 8b 48 28 48 8b 01 ff 50 70 48 8b f8 48 


Stack slot to memory mapping:
stack at sp + 0 slots: 0x00000234aeb339b0 points into unknown readable memory: 0x00007fff07554bf8 | f8 4b 55 07 ff 7f 00 00
stack at sp + 1 slots: 0x000000bf0d1fc8b0 is pointing into the stack for thread: 0x00000234ac3af000
stack at sp + 2 slots: 0x000000bf0d1fe020 is pointing into the stack for thread: 0x00000234ac3af000
stack at sp + 3 slots: 0x00000234aeb33768 points into unknown readable memory: 0x00007fff074de580 | 80 e5 4d 07 ff 7f 00 00
stack at sp + 4 slots: 0x00000234aeb30bb0 points into unknown readable memory: 0x00007fff07468538 | 38 85 46 07 ff 7f 00 00
stack at sp + 5 slots: 0x00007fff070168d3 jvm.dll
stack at sp + 6 slots: 0x000000bf0d1fc8b0 is pointing into the stack for thread: 0x00000234ac3af000
stack at sp + 7 slots: 0x0000000000000115 is an unknown value


---------------  P R O C E S S  ---------------

Threads class SMR info:
_java_thread_list=0x00000234b4ee3330, length=127, elements={
0x0000023490c8c000, 0x00000234ab99d800, 0x00000234ab9b4800, 0x00000234aba05800,
0x00000234aba07800, 0x00000234aba08800, 0x00000234aba12000, 0x00000234aba18800,
0x00000234aba24000, 0x00000234abb7b000, 0x00000234abc53000, 0x00000234ac3af000,
0x00000234acc9c000, 0x00000234aed85800, 0x00000234ae742000, 0x00000234ae59b800,
0x00000234adb5b800, 0x00000234ad340800, 0x00000234adaf7000, 0x00000234af079800,
0x00000234ae162800, 0x00000234ae097000, 0x00000234ade6a800, 0x00000234ade6c000,
0x00000234ade6b800, 0x00000234ade66800, 0x00000234ade6d000, 0x00000234ade68000,
0x00000234ade69000, 0x00000234ade67800, 0x00000234ade6a000, 0x00000234af7b3800,
0x00000234af7b6000, 0x00000234af7b2800, 0x00000234af7b4800, 0x00000234af7b1000,
0x00000234af7b0800, 0x00000234af7b5000, 0x00000234af7b7000, 0x00000234af7b7800,
0x00000234af7b2000, 0x00000234af7bc800, 0x00000234af7b9800, 0x00000234af7bb800,
0x00000234af7bf000, 0x00000234af7bb000, 0x00000234af7bd800, 0x00000234af7be000,
0x00000234b2ee6800, 0x00000234b2ee7800, 0x00000234b2eeb800, 0x00000234b2eeb000,
0x00000234b2ee8800, 0x00000234b2ee9000, 0x00000234b2eea000, 0x00000234b2ee6000,
0x00000234b2eef000, 0x00000234b2eef800, 0x00000234b2eee000, 0x00000234b2ef0800,
0x00000234b2ef1800, 0x00000234b2ef2000, 0x00000234b2eec800, 0x00000234b2eed000,
0x00000234b2ef3000, 0x00000234b2ef3800, 0x00000234b2ef4800, 0x00000234b167c000,
0x00000234b167d000, 0x00000234b1679000, 0x00000234b1678000, 0x00000234b167a000,
0x00000234b167b800, 0x00000234b167e000, 0x00000234b167e800, 0x00000234b167f800,
0x00000234b1680800, 0x00000234b167a800, 0x00000234b1686000, 0x00000234b1683000,
0x00000234b1687000, 0x00000234b1684800, 0x00000234b1681000, 0x00000234b1682000,
0x00000234b1685000, 0x00000234b1683800, 0x00000234b41ac000, 0x00000234b41ad800,
0x00000234b41ab000, 0x00000234b41b0000, 0x00000234b41ae800, 0x00000234b41b1000,
0x00000234b41ac800, 0x00000234b41b2800, 0x00000234b41b4000, 0x00000234b41b5000,
0x00000234b41b3000, 0x00000234b41af000, 0x00000234b41b5800, 0x00000234b41b6800,
0x00000234b41b7800, 0x00000234b41b1800, 0x00000234b41b9000, 0x00000234b41b9800,
0x00000234b41b8000, 0x00000234b4587800, 0x00000234b4588800, 0x00000234b4589800,
0x00000234b458a000, 0x00000234b458b000, 0x00000234b458c000, 0x00000234b4586000,
0x00000234b458c800, 0x00000234b4587000, 0x00000234b458d800, 0x00000234b4594000,
0x00000234b458e800, 0x00000234b4590800, 0x00000234b458f000, 0x00000234b4591800,
0x00000234b4595000, 0x00000234b4590000, 0x00000234b4593000, 0x00000234b4592800,
0x00000234abebe000, 0x00000234abebc000, 0x00000234abeba000
}

Java Threads: ( => current thread )
  0x0000023490c8c000 JavaThread "main" [_thread_blocked, id=11696, stack(0x000000bf0bf00000,0x000000bf0c000000)]
  0x00000234ab99d800 JavaThread "Reference Handler" daemon [_thread_blocked, id=6420, stack(0x000000bf0c600000,0x000000bf0c700000)]
  0x00000234ab9b4800 JavaThread "Finalizer" daemon [_thread_blocked, id=668, stack(0x000000bf0c700000,0x000000bf0c800000)]
  0x00000234aba05800 JavaThread "Signal Dispatcher" daemon [_thread_blocked, id=12696, stack(0x000000bf0c800000,0x000000bf0c900000)]
  0x00000234aba07800 JavaThread "Attach Listener" daemon [_thread_blocked, id=13108, stack(0x000000bf0c900000,0x000000bf0ca00000)]
  0x00000234aba08800 JavaThread "Service Thread" daemon [_thread_blocked, id=3104, stack(0x000000bf0ca00000,0x000000bf0cb00000)]
  0x00000234aba12000 JavaThread "C2 CompilerThread0" daemon [_thread_in_native, id=6280, stack(0x000000bf0cb00000,0x000000bf0cc00000)]
  0x00000234aba18800 JavaThread "C1 CompilerThread0" daemon [_thread_blocked, id=3924, stack(0x000000bf0cc00000,0x000000bf0cd00000)]
  0x00000234aba24000 JavaThread "Sweeper thread" daemon [_thread_blocked, id=2980, stack(0x000000bf0cd00000,0x000000bf0ce00000)]
  0x00000234abb7b000 JavaThread "Common-Cleaner" daemon [_thread_blocked, id=11916, stack(0x000000bf0ce00000,0x000000bf0cf00000)]
  0x00000234abc53000 JavaThread "C2 CompilerThread1" daemon [_thread_in_native, id=9516, stack(0x000000bf0d000000,0x000000bf0d100000)]
=>0x00000234ac3af000 JavaThread "C2 CompilerThread2" daemon [_thread_in_native, id=12444, stack(0x000000bf0d100000,0x000000bf0d200000)]
  0x00000234acc9c000 JavaThread "Daemon health stats" [_thread_blocked, id=6860, stack(0x000000bf0d700000,0x000000bf0d800000)]
  0x00000234aed85800 JavaThread "Incoming local TCP Connector on port 51284" [_thread_in_native, id=1132, stack(0x000000bf0d800000,0x000000bf0d900000)]
  0x00000234ae742000 JavaThread "Daemon periodic checks" [_thread_blocked, id=2504, stack(0x000000bf0d900000,0x000000bf0da00000)]
  0x00000234ae59b800 JavaThread "Daemon" [_thread_blocked, id=11184, stack(0x000000bf0da00000,0x000000bf0db00000)]
  0x00000234adb5b800 JavaThread "Handler for socket connection from /127.0.0.1:51284 to /127.0.0.1:51285" [_thread_in_native, id=864, stack(0x000000bf0db00000,0x000000bf0dc00000)]
  0x00000234ad340800 JavaThread "Cancel handler" [_thread_blocked, id=12260, stack(0x000000bf0dc00000,0x000000bf0dd00000)]
  0x00000234adaf7000 JavaThread "Daemon worker" [_thread_blocked, id=7592, stack(0x000000bf0dd00000,0x000000bf0de00000)]
  0x00000234af079800 JavaThread "Asynchronous log dispatcher for DefaultDaemonConnection: socket connection from /127.0.0.1:51284 to /127.0.0.1:51285" [_thread_blocked, id=6036, stack(0x000000bf0de00000,0x000000bf0df00000)]
  0x00000234ae162800 JavaThread "Stdin handler" [_thread_blocked, id=5284, stack(0x000000bf0df00000,0x000000bf0e000000)]
  0x00000234ae097000 JavaThread "Daemon client event forwarder" [_thread_blocked, id=7568, stack(0x000000bf0e000000,0x000000bf0e100000)]
  0x00000234ade6a800 JavaThread "Cache worker for journal cache (C:\Users\filip\.gradle\caches\journal-1)" [_thread_blocked, id=10080, stack(0x000000bf0e100000,0x000000bf0e200000)]
  0x00000234ade6c000 JavaThread "File lock request listener" [_thread_in_native, id=4524, stack(0x000000bf0e200000,0x000000bf0e300000)]
  0x00000234ade6b800 JavaThread "Cache worker for file hash cache (C:\Users\filip\.gradle\caches\7.4\fileHashes)" [_thread_blocked, id=9760, stack(0x000000bf0e600000,0x000000bf0e700000)]
  0x00000234ade66800 JavaThread "File watcher server" daemon [_thread_in_native, id=11192, stack(0x000000bf0e700000,0x000000bf0e800000)]
  0x00000234ade6d000 JavaThread "File watcher consumer" daemon [_thread_blocked, id=7732, stack(0x000000bf0e800000,0x000000bf0e900000)]
  0x00000234ade68000 JavaThread "jar transforms" [_thread_blocked, id=10580, stack(0x000000bf0e900000,0x000000bf0ea00000)]
  0x00000234ade69000 JavaThread "jar transforms Thread 2" [_thread_blocked, id=10944, stack(0x000000bf0ea00000,0x000000bf0eb00000)]
  0x00000234ade67800 JavaThread "jar transforms Thread 3" [_thread_blocked, id=1984, stack(0x000000bf0eb00000,0x000000bf0ec00000)]
  0x00000234ade6a000 JavaThread "jar transforms Thread 4" [_thread_blocked, id=13000, stack(0x000000bf0ec00000,0x000000bf0ed00000)]
  0x00000234af7b3800 JavaThread "jar transforms Thread 5" [_thread_blocked, id=5800, stack(0x000000bf0ed00000,0x000000bf0ee00000)]
  0x00000234af7b6000 JavaThread "jar transforms Thread 6" [_thread_blocked, id=10844, stack(0x000000bf0ee00000,0x000000bf0ef00000)]
  0x00000234af7b2800 JavaThread "jar transforms Thread 7" [_thread_blocked, id=11164, stack(0x000000bf0ef00000,0x000000bf0f000000)]
  0x00000234af7b4800 JavaThread "jar transforms Thread 8" [_thread_blocked, id=12232, stack(0x000000bf0f000000,0x000000bf0f100000)]
  0x00000234af7b1000 JavaThread "Cache worker for checksums cache (C:\Users\filip\StudioProjects\Foodcompare\.gradle\7.4\checksums)" [_thread_blocked, id=11200, stack(0x000000bf0f100000,0x000000bf0f200000)]
  0x00000234af7b0800 JavaThread "Cache worker for cache directory md-rule (C:\Users\filip\.gradle\caches\7.4\md-rule)" [_thread_blocked, id=5852, stack(0x000000bf0f200000,0x000000bf0f300000)]
  0x00000234af7b5000 JavaThread "Cache worker for file hash cache (C:\Users\filip\StudioProjects\Foodcompare\.gradle\7.4\fileHashes)" [_thread_blocked, id=9108, stack(0x000000bf0f300000,0x000000bf0f400000)]
  0x00000234af7b7000 JavaThread "Cache worker for cache directory md-supplier (C:\Users\filip\.gradle\caches\7.4\md-supplier)" [_thread_blocked, id=7528, stack(0x000000bf0f400000,0x000000bf0f500000)]
  0x00000234af7b7800 JavaThread "Cache worker for execution history cache (C:\Users\filip\.gradle\caches\7.4\executionHistory)" [_thread_in_Java, id=7304, stack(0x000000bf0f500000,0x000000bf0f600000)]
  0x00000234af7b2000 JavaThread "Cache worker for file content cache (C:\Users\filip\.gradle\caches\7.4\fileContent)" [_thread_blocked, id=7996, stack(0x000000bf0f600000,0x000000bf0f700000)]
  0x00000234af7bc800 JavaThread "Cache worker for dependencies-accessors (C:\Users\filip\StudioProjects\Foodcompare\.gradle\7.4\dependencies-accessors)" [_thread_blocked, id=11344, stack(0x000000bf0f900000,0x000000bf0fa00000)]
  0x00000234af7b9800 JavaThread "Cache worker for Build Output Cleanup Cache (C:\Users\filip\StudioProjects\Foodcompare\.gradle\buildOutputCleanup)" [_thread_blocked, id=7588, stack(0x000000bf0fa00000,0x000000bf0fb00000)]
  0x00000234af7bb800 JavaThread "Unconstrained build operations" [_thread_blocked, id=2916, stack(0x000000bf0fb00000,0x000000bf0fc00000)]
  0x00000234af7bf000 JavaThread "Unconstrained build operations Thread 2" [_thread_blocked, id=7272, stack(0x000000bf0fc00000,0x000000bf0fd00000)]
  0x00000234af7bb000 JavaThread "Unconstrained build operations Thread 3" [_thread_blocked, id=7584, stack(0x000000bf0fd00000,0x000000bf0fe00000)]
  0x00000234af7bd800 JavaThread "Unconstrained build operations Thread 4" [_thread_blocked, id=7280, stack(0x000000bf0fe00000,0x000000bf0ff00000)]
  0x00000234af7be000 JavaThread "Unconstrained build operations Thread 5" [_thread_blocked, id=7512, stack(0x000000bf0ff00000,0x000000bf10000000)]
  0x00000234b2ee6800 JavaThread "Unconstrained build operations Thread 6" [_thread_blocked, id=5400, stack(0x000000bf10000000,0x000000bf10100000)]
  0x00000234b2ee7800 JavaThread "Unconstrained build operations Thread 7" [_thread_blocked, id=7404, stack(0x000000bf10100000,0x000000bf10200000)]
  0x00000234b2eeb800 JavaThread "Unconstrained build operations Thread 8" [_thread_blocked, id=6596, stack(0x000000bf10200000,0x000000bf10300000)]
  0x00000234b2eeb000 JavaThread "Unconstrained build operations Thread 9" [_thread_in_vm, id=12068, stack(0x000000bf10300000,0x000000bf10400000)]
  0x00000234b2ee8800 JavaThread "Unconstrained build operations Thread 10" [_thread_blocked, id=2540, stack(0x000000bf10400000,0x000000bf10500000)]
  0x00000234b2ee9000 JavaThread "Unconstrained build operations Thread 11" [_thread_in_Java, id=2004, stack(0x000000bf10500000,0x000000bf10600000)]
  0x00000234b2eea000 JavaThread "Unconstrained build operations Thread 12" [_thread_blocked, id=10228, stack(0x000000bf10600000,0x000000bf10700000)]
  0x00000234b2ee6000 JavaThread "Unconstrained build operations Thread 13" [_thread_blocked, id=11604, stack(0x000000bf10700000,0x000000bf10800000)]
  0x00000234b2eef000 JavaThread "Unconstrained build operations Thread 14" [_thread_blocked, id=7780, stack(0x000000bf10800000,0x000000bf10900000)]
  0x00000234b2eef800 JavaThread "Unconstrained build operations Thread 15" [_thread_blocked, id=10152, stack(0x000000bf10900000,0x000000bf10a00000)]
  0x00000234b2eee000 JavaThread "Unconstrained build operations Thread 16" [_thread_blocked, id=9004, stack(0x000000bf10a00000,0x000000bf10b00000)]
  0x00000234b2ef0800 JavaThread "Unconstrained build operations Thread 17" [_thread_blocked, id=11380, stack(0x000000bf10b00000,0x000000bf10c00000)]
  0x00000234b2ef1800 JavaThread "Unconstrained build operations Thread 18" [_thread_blocked, id=9076, stack(0x000000bf10c00000,0x000000bf10d00000)]
  0x00000234b2ef2000 JavaThread "Unconstrained build operations Thread 19" [_thread_blocked, id=2672, stack(0x000000bf10d00000,0x000000bf10e00000)]
  0x00000234b2eec800 JavaThread "Unconstrained build operations Thread 20" [_thread_blocked, id=2164, stack(0x000000bf10e00000,0x000000bf10f00000)]
  0x00000234b2eed000 JavaThread "Unconstrained build operations Thread 21" [_thread_blocked, id=8484, stack(0x000000bf10f00000,0x000000bf11000000)]
  0x00000234b2ef3000 JavaThread "Unconstrained build operations Thread 22" [_thread_blocked, id=11740, stack(0x000000bf11000000,0x000000bf11100000)]
  0x00000234b2ef3800 JavaThread "Unconstrained build operations Thread 23" [_thread_blocked, id=6752, stack(0x000000bf11100000,0x000000bf11200000)]
  0x00000234b2ef4800 JavaThread "Unconstrained build operations Thread 24" [_thread_blocked, id=4240, stack(0x000000bf11200000,0x000000bf11300000)]
  0x00000234b167c000 JavaThread "Unconstrained build operations Thread 25" [_thread_blocked, id=6464, stack(0x000000bf11300000,0x000000bf11400000)]
  0x00000234b167d000 JavaThread "Unconstrained build operations Thread 26" [_thread_blocked, id=3852, stack(0x000000bf11400000,0x000000bf11500000)]
  0x00000234b1679000 JavaThread "Unconstrained build operations Thread 27" [_thread_blocked, id=3036, stack(0x000000bf11500000,0x000000bf11600000)]
  0x00000234b1678000 JavaThread "Unconstrained build operations Thread 28" [_thread_blocked, id=6128, stack(0x000000bf11600000,0x000000bf11700000)]
  0x00000234b167a000 JavaThread "Unconstrained build operations Thread 29" [_thread_blocked, id=3944, stack(0x000000bf11700000,0x000000bf11800000)]
  0x00000234b167b800 JavaThread "Unconstrained build operations Thread 30" [_thread_blocked, id=1180, stack(0x000000bf11800000,0x000000bf11900000)]
  0x00000234b167e000 JavaThread "Unconstrained build operations Thread 31" [_thread_blocked, id=2684, stack(0x000000bf11900000,0x000000bf11a00000)]
  0x00000234b167e800 JavaThread "Unconstrained build operations Thread 32" [_thread_blocked, id=7024, stack(0x000000bf11a00000,0x000000bf11b00000)]
  0x00000234b167f800 JavaThread "Unconstrained build operations Thread 33" [_thread_blocked, id=5212, stack(0x000000bf11b00000,0x000000bf11c00000)]
  0x00000234b1680800 JavaThread "Unconstrained build operations Thread 34" [_thread_blocked, id=9328, stack(0x000000bf11c00000,0x000000bf11d00000)]
  0x00000234b167a800 JavaThread "Unconstrained build operations Thread 35" [_thread_blocked, id=7276, stack(0x000000bf11d00000,0x000000bf11e00000)]
  0x00000234b1686000 JavaThread "Unconstrained build operations Thread 36" [_thread_blocked, id=7260, stack(0x000000bf11e00000,0x000000bf11f00000)]
  0x00000234b1683000 JavaThread "Unconstrained build operations Thread 37" [_thread_blocked, id=12760, stack(0x000000bf11f00000,0x000000bf12000000)]
  0x00000234b1687000 JavaThread "Unconstrained build operations Thread 38" [_thread_blocked, id=11356, stack(0x000000bf12000000,0x000000bf12100000)]
  0x00000234b1684800 JavaThread "Unconstrained build operations Thread 39" [_thread_blocked, id=9080, stack(0x000000bf12100000,0x000000bf12200000)]
  0x00000234b1681000 JavaThread "Unconstrained build operations Thread 40" [_thread_blocked, id=2972, stack(0x000000bf12200000,0x000000bf12300000)]
  0x00000234b1682000 JavaThread "Unconstrained build operations Thread 41" [_thread_blocked, id=7180, stack(0x000000bf12300000,0x000000bf12400000)]
  0x00000234b1685000 JavaThread "Unconstrained build operations Thread 42" [_thread_blocked, id=5568, stack(0x000000bf12400000,0x000000bf12500000)]
  0x00000234b1683800 JavaThread "Unconstrained build operations Thread 43" [_thread_blocked, id=13252, stack(0x000000bf12500000,0x000000bf12600000)]
  0x00000234b41ac000 JavaThread "Unconstrained build operations Thread 44" [_thread_blocked, id=10184, stack(0x000000bf12600000,0x000000bf12700000)]
  0x00000234b41ad800 JavaThread "Unconstrained build operations Thread 45" [_thread_blocked, id=1796, stack(0x000000bf12700000,0x000000bf12800000)]
  0x00000234b41ab000 JavaThread "Unconstrained build operations Thread 46" [_thread_blocked, id=12564, stack(0x000000bf12800000,0x000000bf12900000)]
  0x00000234b41b0000 JavaThread "Unconstrained build operations Thread 47" [_thread_blocked, id=3200, stack(0x000000bf12900000,0x000000bf12a00000)]
  0x00000234b41ae800 JavaThread "Unconstrained build operations Thread 48" [_thread_blocked, id=2592, stack(0x000000bf12a00000,0x000000bf12b00000)]
  0x00000234b41b1000 JavaThread "Unconstrained build operations Thread 49" [_thread_blocked, id=12924, stack(0x000000bf12b00000,0x000000bf12c00000)]
  0x00000234b41ac800 JavaThread "Unconstrained build operations Thread 50" [_thread_blocked, id=11352, stack(0x000000bf12c00000,0x000000bf12d00000)]
  0x00000234b41b2800 JavaThread "Unconstrained build operations Thread 51" [_thread_blocked, id=1304, stack(0x000000bf12d00000,0x000000bf12e00000)]
  0x00000234b41b4000 JavaThread "Unconstrained build operations Thread 52" [_thread_blocked, id=1040, stack(0x000000bf12e00000,0x000000bf12f00000)]
  0x00000234b41b5000 JavaThread "Unconstrained build operations Thread 53" [_thread_blocked, id=1488, stack(0x000000bf12f00000,0x000000bf13000000)]
  0x00000234b41b3000 JavaThread "Unconstrained build operations Thread 54" [_thread_blocked, id=9440, stack(0x000000bf13000000,0x000000bf13100000)]
  0x00000234b41af000 JavaThread "Unconstrained build operations Thread 55" [_thread_blocked, id=2276, stack(0x000000bf13100000,0x000000bf13200000)]
  0x00000234b41b5800 JavaThread "Unconstrained build operations Thread 56" [_thread_blocked, id=1848, stack(0x000000bf13200000,0x000000bf13300000)]
  0x00000234b41b6800 JavaThread "Unconstrained build operations Thread 57" [_thread_blocked, id=10860, stack(0x000000bf13300000,0x000000bf13400000)]
  0x00000234b41b7800 JavaThread "Unconstrained build operations Thread 58" [_thread_blocked, id=8520, stack(0x000000bf13400000,0x000000bf13500000)]
  0x00000234b41b1800 JavaThread "Unconstrained build operations Thread 59" [_thread_blocked, id=9672, stack(0x000000bf13500000,0x000000bf13600000)]
  0x00000234b41b9000 JavaThread "Unconstrained build operations Thread 60" [_thread_blocked, id=12392, stack(0x000000bf13600000,0x000000bf13700000)]
  0x00000234b41b9800 JavaThread "Unconstrained build operations Thread 61" [_thread_blocked, id=10876, stack(0x000000bf13700000,0x000000bf13800000)]
  0x00000234b41b8000 JavaThread "Unconstrained build operations Thread 62" [_thread_blocked, id=2568, stack(0x000000bf13800000,0x000000bf13900000)]
  0x00000234b4587800 JavaThread "Unconstrained build operations Thread 63" [_thread_blocked, id=6212, stack(0x000000bf13900000,0x000000bf13a00000)]
  0x00000234b4588800 JavaThread "Unconstrained build operations Thread 64" [_thread_blocked, id=5512, stack(0x000000bf13a00000,0x000000bf13b00000)]
  0x00000234b4589800 JavaThread "Unconstrained build operations Thread 65" [_thread_blocked, id=5116, stack(0x000000bf13b00000,0x000000bf13c00000)]
  0x00000234b458a000 JavaThread "Unconstrained build operations Thread 66" [_thread_blocked, id=11752, stack(0x000000bf13c00000,0x000000bf13d00000)]
  0x00000234b458b000 JavaThread "Unconstrained build operations Thread 67" [_thread_blocked, id=9656, stack(0x000000bf13d00000,0x000000bf13e00000)]
  0x00000234b458c000 JavaThread "Unconstrained build operations Thread 68" [_thread_blocked, id=7128, stack(0x000000bf13e00000,0x000000bf13f00000)]
  0x00000234b4586000 JavaThread "Unconstrained build operations Thread 69" [_thread_blocked, id=7448, stack(0x000000bf13f00000,0x000000bf14000000)]
  0x00000234b458c800 JavaThread "Unconstrained build operations Thread 70" [_thread_blocked, id=1716, stack(0x000000bf14000000,0x000000bf14100000)]
  0x00000234b4587000 JavaThread "Unconstrained build operations Thread 71" [_thread_blocked, id=13204, stack(0x000000bf14100000,0x000000bf14200000)]
  0x00000234b458d800 JavaThread "Unconstrained build operations Thread 72" [_thread_blocked, id=1384, stack(0x000000bf14200000,0x000000bf14300000)]
  0x00000234b4594000 JavaThread "Unconstrained build operations Thread 73" [_thread_blocked, id=5100, stack(0x000000bf14300000,0x000000bf14400000)]
  0x00000234b458e800 JavaThread "Unconstrained build operations Thread 74" [_thread_blocked, id=5216, stack(0x000000bf14400000,0x000000bf14500000)]
  0x00000234b4590800 JavaThread "Unconstrained build operations Thread 75" [_thread_blocked, id=10996, stack(0x000000bf14500000,0x000000bf14600000)]
  0x00000234b458f000 JavaThread "Unconstrained build operations Thread 76" [_thread_blocked, id=4576, stack(0x000000bf14600000,0x000000bf14700000)]
  0x00000234b4591800 JavaThread "Unconstrained build operations Thread 77" [_thread_blocked, id=5720, stack(0x000000bf14700000,0x000000bf14800000)]
  0x00000234b4595000 JavaThread "Unconstrained build operations Thread 78" [_thread_blocked, id=11832, stack(0x000000bf14800000,0x000000bf14900000)]
  0x00000234b4590000 JavaThread "Unconstrained build operations Thread 79" [_thread_blocked, id=5172, stack(0x000000bf14900000,0x000000bf14a00000)]
  0x00000234b4593000 JavaThread "Unconstrained build operations Thread 80" [_thread_blocked, id=8228, stack(0x000000bf14a00000,0x000000bf14b00000)]
  0x00000234b4592800 JavaThread "Memory manager" [_thread_blocked, id=5536, stack(0x000000bf14c00000,0x000000bf14d00000)]
  0x00000234abebe000 JavaThread "pool-3-thread-1" [_thread_blocked, id=9776, stack(0x000000bf14d00000,0x000000bf14e00000)]
  0x00000234abebc000 JavaThread "included builds" [_thread_blocked, id=11372, stack(0x000000bf14e00000,0x000000bf14f00000)]
  0x00000234abeba000 JavaThread "Cache worker for execution history cache (C:\Users\filip\StudioProjects\Foodcompare\.gradle\7.4\executionHistory)" [_thread_blocked, id=7192, stack(0x000000bf15600000,0x000000bf15700000)]

Other Threads:
  0x00000234ab99b800 VMThread "VM Thread" [stack: 0x000000bf0c500000,0x000000bf0c600000] [id=5360]
  0x00000234abb86000 WatcherThread [stack: 0x000000bf0cf00000,0x000000bf0d000000] [id=5348]
  0x0000023490ca4000 GCTaskThread "GC Thread#0" [stack: 0x000000bf0c000000,0x000000bf0c100000] [id=3108]
  0x00000234acc89800 GCTaskThread "GC Thread#1" [stack: 0x000000bf0d200000,0x000000bf0d300000] [id=8920]
  0x00000234acb2e000 GCTaskThread "GC Thread#2" [stack: 0x000000bf0d300000,0x000000bf0d400000] [id=7556]
  0x00000234acb15000 GCTaskThread "GC Thread#3" [stack: 0x000000bf0d400000,0x000000bf0d500000] [id=3780]
  0x00000234acb94000 GCTaskThread "GC Thread#4" [stack: 0x000000bf0d500000,0x000000bf0d600000] [id=6512]
  0x00000234ac171000 GCTaskThread "GC Thread#5" [stack: 0x000000bf0d600000,0x000000bf0d700000] [id=9908]
  0x00000234ad53f000 GCTaskThread "GC Thread#6" [stack: 0x000000bf0e300000,0x000000bf0e400000] [id=13012]
  0x00000234adc29000 GCTaskThread "GC Thread#7" [stack: 0x000000bf0e400000,0x000000bf0e500000] [id=11420]
  0x0000023490cd7000 ConcurrentGCThread "G1 Main Marker" [stack: 0x000000bf0c100000,0x000000bf0c200000] [id=9744]
  0x0000023490cd8000 ConcurrentGCThread "G1 Conc#0" [stack: 0x000000bf0c200000,0x000000bf0c300000] [id=7724]
  0x00000234ae7de800 ConcurrentGCThread "G1 Conc#1" [stack: 0x000000bf0e500000,0x000000bf0e600000] [id=2692]
  0x0000023490d6e000 ConcurrentGCThread "G1 Refine#0" [stack: 0x000000bf0c300000,0x000000bf0c400000] [id=6772]
  0x00000234adcd7800 ConcurrentGCThread "G1 Refine#1" [stack: 0x000000bf0f700000,0x000000bf0f800000] [id=7088]
  0x00000234b2815000 ConcurrentGCThread "G1 Refine#2" [stack: 0x000000bf0f800000,0x000000bf0f900000] [id=10664]
  0x00000234b2ee5000 ConcurrentGCThread "G1 Refine#3" [stack: 0x000000bf14b00000,0x000000bf14c00000] [id=4432]
  0x00000234aafec800 ConcurrentGCThread "G1 Young RemSet Sampling" [stack: 0x000000bf0c400000,0x000000bf0c500000] [id=5772]

Threads with active compile tasks:
C2 CompilerThread0   9980 9846       4       java.security.MessageDigest::update (45 bytes)
C2 CompilerThread1   9980 9312       4       org.gradle.internal.serialize.kryo.StringDeduplicatingKryoBackedEncoder::writeNullableString (114 bytes)
C2 CompilerThread2   9980 9675   !   4       com.google.common.collect.MapMakerInternalMap$Segment::put (298 bytes)

VM state:not at safepoint (normal execution)

VM Mutex/Monitor currently owned by a thread: None

Heap address: 0x0000000080000000, size: 2048 MB, Compressed Oops mode: 32-bit
Narrow klass base: 0x0000000000000000, Narrow klass shift: 3
Compressed class space size: 1073741824 Address: 0x0000000100000000

Heap:
 garbage-first heap   total 262144K, used 212164K [0x0000000080000000, 0x0000000100000000)
  region size 1024K, 78 young (79872K), 6 survivors (6144K)
 Metaspace       used 96520K, capacity 99048K, committed 99328K, reserved 1134592K
  class space    used 12294K, capacity 13204K, committed 13312K, reserved 1048576K
Heap Regions: E=young(eden), S=young(survivor), O=old, HS=humongous(starts), HC=humongous(continues), CS=collection set, F=free, A=archive, TAMS=top-at-mark-start (previous, next)
|   0|0x0000000080000000, 0x0000000080100000, 0x0000000080100000|100%| O|  |TAMS 0x0000000080100000, 0x0000000080000000| Untracked 
|   1|0x0000000080100000, 0x0000000080200000, 0x0000000080200000|100%| O|  |TAMS 0x0000000080200000, 0x0000000080100000| Untracked 
|   2|0x0000000080200000, 0x0000000080300000, 0x0000000080300000|100%| O|  |TAMS 0x0000000080300000, 0x0000000080200000| Untracked 
|   3|0x0000000080300000, 0x0000000080400000, 0x0000000080400000|100%|HS|  |TAMS 0x0000000080400000, 0x0000000080300000| Complete 
|   4|0x0000000080400000, 0x0000000080500000, 0x0000000080500000|100%|HC|  |TAMS 0x0000000080500000, 0x0000000080400000| Complete 
|   5|0x0000000080500000, 0x0000000080600000, 0x0000000080600000|100%|HC|  |TAMS 0x0000000080600000, 0x0000000080500000| Complete 
|   6|0x0000000080600000, 0x0000000080700000, 0x0000000080700000|100%| O|  |TAMS 0x0000000080700000, 0x0000000080600000| Untracked 
|   7|0x0000000080700000, 0x0000000080800000, 0x0000000080800000|100%| O|  |TAMS 0x0000000080800000, 0x0000000080700000| Untracked 
|   8|0x0000000080800000, 0x0000000080900000, 0x0000000080900000|100%| O|  |TAMS 0x0000000080900000, 0x0000000080800000| Untracked 
|   9|0x0000000080900000, 0x0000000080a00000, 0x0000000080a00000|100%| O|  |TAMS 0x0000000080a00000, 0x0000000080900000| Untracked 
|  10|0x0000000080a00000, 0x0000000080b00000, 0x0000000080b00000|100%| O|  |TAMS 0x0000000080b00000, 0x0000000080a00000| Untracked 
|  11|0x0000000080b00000, 0x0000000080c00000, 0x0000000080c00000|100%| O|  |TAMS 0x0000000080c00000, 0x0000000080b00000| Untracked 
|  12|0x0000000080c00000, 0x0000000080d00000, 0x0000000080d00000|100%| O|  |TAMS 0x0000000080d00000, 0x0000000080c00000| Untracked 
|  13|0x0000000080d00000, 0x0000000080e00000, 0x0000000080e00000|100%| O|  |TAMS 0x0000000080e00000, 0x0000000080d00000| Untracked 
|  14|0x0000000080e00000, 0x0000000080f00000, 0x0000000080f00000|100%| O|  |TAMS 0x0000000080f00000, 0x0000000080e00000| Untracked 
|  15|0x0000000080f00000, 0x0000000081000000, 0x0000000081000000|100%| O|  |TAMS 0x0000000081000000, 0x0000000080f00000| Untracked 
|  16|0x0000000081000000, 0x0000000081100000, 0x0000000081100000|100%| O|  |TAMS 0x0000000081100000, 0x0000000081000000| Untracked 
|  17|0x0000000081100000, 0x0000000081200000, 0x0000000081200000|100%|HS|  |TAMS 0x0000000081200000, 0x0000000081100000| Complete 
|  18|0x0000000081200000, 0x0000000081300000, 0x0000000081300000|100%|HC|  |TAMS 0x0000000081300000, 0x0000000081200000| Complete 
|  19|0x0000000081300000, 0x0000000081400000, 0x0000000081400000|100%|HS|  |TAMS 0x0000000081400000, 0x0000000081300000| Complete 
|  20|0x0000000081400000, 0x0000000081500000, 0x0000000081500000|100%|HC|  |TAMS 0x0000000081500000, 0x0000000081400000| Complete 
|  21|0x0000000081500000, 0x0000000081600000, 0x0000000081600000|100%|HC|  |TAMS 0x0000000081600000, 0x0000000081500000| Complete 
|  22|0x0000000081600000, 0x0000000081700000, 0x0000000081700000|100%|HS|  |TAMS 0x0000000081700000, 0x0000000081600000| Complete 
|  23|0x0000000081700000, 0x0000000081800000, 0x0000000081800000|100%|HC|  |TAMS 0x0000000081800000, 0x0000000081700000| Complete 
|  24|0x0000000081800000, 0x0000000081900000, 0x0000000081900000|100%|HC|  |TAMS 0x0000000081900000, 0x0000000081800000| Complete 
|  25|0x0000000081900000, 0x0000000081a00000, 0x0000000081a00000|100%|HS|  |TAMS 0x0000000081a00000, 0x0000000081900000| Complete 
|  26|0x0000000081a00000, 0x0000000081b00000, 0x0000000081b00000|100%|HC|  |TAMS 0x0000000081b00000, 0x0000000081a00000| Complete 
|  27|0x0000000081b00000, 0x0000000081c00000, 0x0000000081c00000|100%|HC|  |TAMS 0x0000000081c00000, 0x0000000081b00000| Complete 
|  28|0x0000000081c00000, 0x0000000081d00000, 0x0000000081d00000|100%|HC|  |TAMS 0x0000000081d00000, 0x0000000081c00000| Complete 
|  29|0x0000000081d00000, 0x0000000081e00000, 0x0000000081e00000|100%|HC|  |TAMS 0x0000000081e00000, 0x0000000081d00000| Complete 
|  30|0x0000000081e00000, 0x0000000081f00000, 0x0000000081f00000|100%|HS|  |TAMS 0x0000000081f00000, 0x0000000081e00000| Complete 
|  31|0x0000000081f00000, 0x0000000082000000, 0x0000000082000000|100%|HS|  |TAMS 0x0000000082000000, 0x0000000081f00000| Complete 
|  32|0x0000000082000000, 0x0000000082100000, 0x0000000082100000|100%|HC|  |TAMS 0x0000000082100000, 0x0000000082000000| Complete 
|  33|0x0000000082100000, 0x0000000082200000, 0x0000000082200000|100%|HC|  |TAMS 0x0000000082200000, 0x0000000082100000| Complete 
|  34|0x0000000082200000, 0x0000000082300000, 0x0000000082300000|100%|HC|  |TAMS 0x0000000082300000, 0x0000000082200000| Complete 
|  35|0x0000000082300000, 0x0000000082400000, 0x0000000082400000|100%|HS|  |TAMS 0x0000000082400000, 0x0000000082300000| Complete 
|  36|0x0000000082400000, 0x0000000082500000, 0x0000000082500000|100%|HS|  |TAMS 0x0000000082500000, 0x0000000082400000| Complete 
|  37|0x0000000082500000, 0x0000000082600000, 0x0000000082600000|100%| O|  |TAMS 0x0000000082600000, 0x0000000082500000| Untracked 
|  38|0x0000000082600000, 0x0000000082700000, 0x0000000082700000|100%|HS|  |TAMS 0x0000000082700000, 0x0000000082600000| Complete 
|  39|0x0000000082700000, 0x0000000082800000, 0x0000000082800000|100%|HC|  |TAMS 0x0000000082800000, 0x0000000082700000| Complete 
|  40|0x0000000082800000, 0x0000000082900000, 0x0000000082900000|100%|HC|  |TAMS 0x0000000082900000, 0x0000000082800000| Complete 
|  41|0x0000000082900000, 0x0000000082a00000, 0x0000000082a00000|100%|HC|  |TAMS 0x0000000082a00000, 0x0000000082900000| Complete 
|  42|0x0000000082a00000, 0x0000000082b00000, 0x0000000082b00000|100%|HS|  |TAMS 0x0000000082b00000, 0x0000000082a00000| Complete 
|  43|0x0000000082b00000, 0x0000000082c00000, 0x0000000082c00000|100%|HC|  |TAMS 0x0000000082c00000, 0x0000000082b00000| Complete 
|  44|0x0000000082c00000, 0x0000000082d00000, 0x0000000082d00000|100%|HC|  |TAMS 0x0000000082d00000, 0x0000000082c00000| Complete 
|  45|0x0000000082d00000, 0x0000000082e00000, 0x0000000082e00000|100%|HS|  |TAMS 0x0000000082e00000, 0x0000000082d00000| Complete 
|  46|0x0000000082e00000, 0x0000000082f00000, 0x0000000082f00000|100%|HC|  |TAMS 0x0000000082f00000, 0x0000000082e00000| Complete 
|  47|0x0000000082f00000, 0x0000000083000000, 0x0000000083000000|100%|HS|  |TAMS 0x0000000083000000, 0x0000000082f00000| Complete 
|  48|0x0000000083000000, 0x0000000083100000, 0x0000000083100000|100%|HC|  |TAMS 0x0000000083100000, 0x0000000083000000| Complete 
|  49|0x0000000083100000, 0x0000000083200000, 0x0000000083200000|100%|HC|  |TAMS 0x0000000083200000, 0x0000000083100000| Complete 
|  50|0x0000000083200000, 0x0000000083300000, 0x0000000083300000|100%| O|  |TAMS 0x0000000083300000, 0x0000000083200000| Untracked 
|  51|0x0000000083300000, 0x0000000083400000, 0x0000000083400000|100%| O|  |TAMS 0x0000000083400000, 0x0000000083300000| Untracked 
|  52|0x0000000083400000, 0x0000000083500000, 0x0000000083500000|100%| O|  |TAMS 0x0000000083500000, 0x0000000083400000| Untracked 
|  53|0x0000000083500000, 0x0000000083600000, 0x0000000083600000|100%| O|  |TAMS 0x0000000083600000, 0x0000000083500000| Untracked 
|  54|0x0000000083600000, 0x0000000083700000, 0x0000000083700000|100%|HS|  |TAMS 0x0000000083700000, 0x0000000083600000| Complete 
|  55|0x0000000083700000, 0x0000000083800000, 0x0000000083800000|100%|HC|  |TAMS 0x0000000083800000, 0x0000000083700000| Complete 
|  56|0x0000000083800000, 0x0000000083900000, 0x0000000083900000|100%|HC|  |TAMS 0x0000000083900000, 0x0000000083800000| Complete 
|  57|0x0000000083900000, 0x0000000083a00000, 0x0000000083a00000|100%|HC|  |TAMS 0x0000000083a00000, 0x0000000083900000| Complete 
|  58|0x0000000083a00000, 0x0000000083b00000, 0x0000000083b00000|100%|HC|  |TAMS 0x0000000083b00000, 0x0000000083a00000| Complete 
|  59|0x0000000083b00000, 0x0000000083c00000, 0x0000000083c00000|100%| O|  |TAMS 0x0000000083c00000, 0x0000000083b00000| Untracked 
|  60|0x0000000083c00000, 0x0000000083d00000, 0x0000000083d00000|100%| O|  |TAMS 0x0000000083d00000, 0x0000000083c00000| Untracked 
|  61|0x0000000083d00000, 0x0000000083e00000, 0x0000000083e00000|100%| O|  |TAMS 0x0000000083e00000, 0x0000000083d00000| Untracked 
|  62|0x0000000083e00000, 0x0000000083f00000, 0x0000000083f00000|100%| O|  |TAMS 0x0000000083f00000, 0x0000000083e00000| Untracked 
|  63|0x0000000083f00000, 0x0000000084000000, 0x0000000084000000|100%| O|  |TAMS 0x0000000084000000, 0x0000000083f00000| Untracked 
|  64|0x0000000084000000, 0x0000000084100000, 0x0000000084100000|100%| O|  |TAMS 0x0000000084100000, 0x0000000084000000| Untracked 
|  65|0x0000000084100000, 0x0000000084200000, 0x0000000084200000|100%| O|  |TAMS 0x0000000084200000, 0x0000000084100000| Untracked 
|  66|0x0000000084200000, 0x0000000084300000, 0x0000000084300000|100%| O|  |TAMS 0x0000000084300000, 0x0000000084200000| Untracked 
|  67|0x0000000084300000, 0x0000000084400000, 0x0000000084400000|100%|HS|  |TAMS 0x0000000084400000, 0x0000000084300000| Complete 
|  68|0x0000000084400000, 0x0000000084500000, 0x0000000084500000|100%|HC|  |TAMS 0x0000000084500000, 0x0000000084400000| Complete 
|  69|0x0000000084500000, 0x0000000084600000, 0x0000000084600000|100%| O|  |TAMS 0x0000000084600000, 0x0000000084500000| Untracked 
|  70|0x0000000084600000, 0x0000000084700000, 0x0000000084700000|100%| O|  |TAMS 0x0000000084700000, 0x0000000084600000| Untracked 
|  71|0x0000000084700000, 0x0000000084800000, 0x0000000084800000|100%| O|  |TAMS 0x0000000084800000, 0x0000000084700000| Untracked 
|  72|0x0000000084800000, 0x0000000084900000, 0x0000000084900000|100%| O|  |TAMS 0x0000000084900000, 0x0000000084800000| Untracked 
|  73|0x0000000084900000, 0x0000000084a00000, 0x0000000084a00000|100%| O|  |TAMS 0x0000000084a00000, 0x0000000084900000| Untracked 
|  74|0x0000000084a00000, 0x0000000084b00000, 0x0000000084b00000|100%| O|  |TAMS 0x0000000084b00000, 0x0000000084a00000| Untracked 
|  75|0x0000000084b00000, 0x0000000084c00000, 0x0000000084c00000|100%| O|  |TAMS 0x0000000084c00000, 0x0000000084b00000| Untracked 
|  76|0x0000000084c00000, 0x0000000084d00000, 0x0000000084d00000|100%| O|  |TAMS 0x0000000084d00000, 0x0000000084c00000| Untracked 
|  77|0x0000000084d00000, 0x0000000084e00000, 0x0000000084e00000|100%| O|  |TAMS 0x0000000084e00000, 0x0000000084d00000| Untracked 
|  78|0x0000000084e00000, 0x0000000084f00000, 0x0000000084f00000|100%| O|  |TAMS 0x0000000084f00000, 0x0000000084e00000| Untracked 
|  79|0x0000000084f00000, 0x0000000085000000, 0x0000000085000000|100%| O|  |TAMS 0x0000000085000000, 0x0000000084f00000| Untracked 
|  80|0x0000000085000000, 0x0000000085100000, 0x0000000085100000|100%| O|  |TAMS 0x0000000085100000, 0x0000000085000000| Untracked 
|  81|0x0000000085100000, 0x0000000085200000, 0x0000000085200000|100%| O|  |TAMS 0x0000000085200000, 0x0000000085100000| Untracked 
|  82|0x0000000085200000, 0x0000000085300000, 0x0000000085300000|100%| O|  |TAMS 0x0000000085300000, 0x0000000085200000| Untracked 
|  83|0x0000000085300000, 0x0000000085400000, 0x0000000085400000|100%| O|  |TAMS 0x0000000085400000, 0x0000000085300000| Untracked 
|  84|0x0000000085400000, 0x0000000085500000, 0x0000000085500000|100%| O|  |TAMS 0x0000000085500000, 0x0000000085400000| Untracked 
|  85|0x0000000085500000, 0x0000000085600000, 0x0000000085600000|100%| O|  |TAMS 0x0000000085600000, 0x0000000085500000| Untracked 
|  86|0x0000000085600000, 0x0000000085700000, 0x0000000085700000|100%| O|  |TAMS 0x0000000085700000, 0x0000000085600000| Untracked 
|  87|0x0000000085700000, 0x0000000085800000, 0x0000000085800000|100%| O|  |TAMS 0x0000000085800000, 0x0000000085700000| Untracked 
|  88|0x0000000085800000, 0x0000000085900000, 0x0000000085900000|100%|HS|  |TAMS 0x0000000085900000, 0x0000000085800000| Complete 
|  89|0x0000000085900000, 0x0000000085a00000, 0x0000000085a00000|100%|HC|  |TAMS 0x0000000085a00000, 0x0000000085900000| Complete 
|  90|0x0000000085a00000, 0x0000000085b00000, 0x0000000085b00000|100%|HS|  |TAMS 0x0000000085b00000, 0x0000000085a00000| Complete 
|  91|0x0000000085b00000, 0x0000000085c00000, 0x0000000085c00000|100%|HC|  |TAMS 0x0000000085c00000, 0x0000000085b00000| Complete 
|  92|0x0000000085c00000, 0x0000000085d00000, 0x0000000085d00000|100%|HC|  |TAMS 0x0000000085d00000, 0x0000000085c00000| Complete 
|  93|0x0000000085d00000, 0x0000000085e00000, 0x0000000085e00000|100%|HS|  |TAMS 0x0000000085e00000, 0x0000000085d00000| Complete 
|  94|0x0000000085e00000, 0x0000000085f00000, 0x0000000085f00000|100%|HC|  |TAMS 0x0000000085f00000, 0x0000000085e00000| Complete 
|  95|0x0000000085f00000, 0x0000000086000000, 0x0000000086000000|100%|HC|  |TAMS 0x0000000086000000, 0x0000000085f00000| Complete 
|  96|0x0000000086000000, 0x0000000086100000, 0x0000000086100000|100%|HS|  |TAMS 0x0000000086100000, 0x0000000086000000| Complete 
|  97|0x0000000086100000, 0x0000000086200000, 0x0000000086200000|100%|HC|  |TAMS 0x0000000086200000, 0x0000000086100000| Complete 
|  98|0x0000000086200000, 0x0000000086300000, 0x0000000086300000|100%|HC|  |TAMS 0x0000000086300000, 0x0000000086200000| Complete 
|  99|0x0000000086300000, 0x0000000086400000, 0x0000000086400000|100%|HC|  |TAMS 0x0000000086400000, 0x0000000086300000| Complete 
| 100|0x0000000086400000, 0x0000000086500000, 0x0000000086500000|100%|HC|  |TAMS 0x0000000086500000, 0x0000000086400000| Complete 
| 101|0x0000000086500000, 0x0000000086600000, 0x0000000086600000|100%|HS|  |TAMS 0x0000000086600000, 0x0000000086500000| Complete 
| 102|0x0000000086600000, 0x0000000086700000, 0x0000000086700000|100%|HS|  |TAMS 0x0000000086700000, 0x0000000086600000| Complete 
| 103|0x0000000086700000, 0x0000000086800000, 0x0000000086800000|100%|HC|  |TAMS 0x0000000086800000, 0x0000000086700000| Complete 
| 104|0x0000000086800000, 0x0000000086900000, 0x0000000086900000|100%|HC|  |TAMS 0x0000000086900000, 0x0000000086800000| Complete 
| 105|0x0000000086900000, 0x0000000086a00000, 0x0000000086a00000|100%|HC|  |TAMS 0x0000000086a00000, 0x0000000086900000| Complete 
| 106|0x0000000086a00000, 0x0000000086b00000, 0x0000000086b00000|100%| O|  |TAMS 0x0000000086b00000, 0x0000000086a00000| Untracked 
| 107|0x0000000086b00000, 0x0000000086c00000, 0x0000000086c00000|100%| O|  |TAMS 0x0000000086c00000, 0x0000000086b00000| Untracked 
| 108|0x0000000086c00000, 0x0000000086d00000, 0x0000000086d00000|100%| O|  |TAMS 0x0000000086d00000, 0x0000000086c00000| Untracked 
| 109|0x0000000086d00000, 0x0000000086e00000, 0x0000000086e00000|100%| O|  |TAMS 0x0000000086e00000, 0x0000000086d00000| Untracked 
| 110|0x0000000086e00000, 0x0000000086f00000, 0x0000000086f00000|100%| O|  |TAMS 0x0000000086f00000, 0x0000000086e00000| Untracked 
| 111|0x0000000086f00000, 0x0000000087000000, 0x0000000087000000|100%| O|  |TAMS 0x0000000087000000, 0x0000000086f00000| Untracked 
| 112|0x0000000087000000, 0x0000000087100000, 0x0000000087100000|100%| O|  |TAMS 0x0000000087100000, 0x0000000087000000| Untracked 
| 113|0x0000000087100000, 0x0000000087200000, 0x0000000087200000|100%| O|  |TAMS 0x0000000087200000, 0x0000000087100000| Untracked 
| 114|0x0000000087200000, 0x0000000087300000, 0x0000000087300000|100%| O|  |TAMS 0x0000000087300000, 0x0000000087200000| Untracked 
| 115|0x0000000087300000, 0x0000000087400000, 0x0000000087400000|100%| O|  |TAMS 0x0000000087400000, 0x0000000087300000| Untracked 
| 116|0x0000000087400000, 0x0000000087500000, 0x0000000087500000|100%| O|  |TAMS 0x0000000087500000, 0x0000000087400000| Untracked 
| 117|0x0000000087500000, 0x0000000087600000, 0x0000000087600000|100%| O|  |TAMS 0x0000000087600000, 0x0000000087500000| Untracked 
| 118|0x0000000087600000, 0x0000000087700000, 0x0000000087700000|100%| O|  |TAMS 0x0000000087700000, 0x0000000087600000| Untracked 
| 119|0x0000000087700000, 0x0000000087800000, 0x0000000087800000|100%| O|  |TAMS 0x0000000087800000, 0x0000000087700000| Untracked 
| 120|0x0000000087800000, 0x0000000087900000, 0x0000000087900000|100%| O|  |TAMS 0x0000000087900000, 0x0000000087800000| Untracked 
| 121|0x0000000087900000, 0x0000000087a00000, 0x0000000087a00000|100%| O|  |TAMS 0x0000000087a00000, 0x0000000087900000| Untracked 
| 122|0x0000000087a00000, 0x0000000087b00000, 0x0000000087b00000|100%| O|  |TAMS 0x0000000087b00000, 0x0000000087a00000| Untracked 
| 123|0x0000000087b00000, 0x0000000087c00000, 0x0000000087c00000|100%| O|  |TAMS 0x0000000087c00000, 0x0000000087b00000| Untracked 
| 124|0x0000000087c00000, 0x0000000087d00000, 0x0000000087d00000|100%| O|  |TAMS 0x0000000087d00000, 0x0000000087c00000| Untracked 
| 125|0x0000000087d00000, 0x0000000087e00000, 0x0000000087e00000|100%| O|  |TAMS 0x0000000087e00000, 0x0000000087d00000| Untracked 
| 126|0x0000000087e00000, 0x0000000087f00000, 0x0000000087f00000|100%| O|  |TAMS 0x0000000087f00000, 0x0000000087e00000| Untracked 
| 127|0x0000000087f00000, 0x0000000088000000, 0x0000000088000000|100%| O|  |TAMS 0x0000000088000000, 0x0000000087f00000| Untracked 
| 128|0x0000000088000000, 0x0000000088100000, 0x0000000088100000|100%| O|  |TAMS 0x0000000088100000, 0x0000000088000000| Untracked 
| 129|0x0000000088100000, 0x0000000088200000, 0x0000000088200000|100%| O|  |TAMS 0x0000000088200000, 0x0000000088100000| Untracked 
| 130|0x0000000088200000, 0x0000000088300000, 0x0000000088300000|100%| O|  |TAMS 0x0000000088300000, 0x0000000088200000| Untracked 
| 131|0x0000000088300000, 0x0000000088300000, 0x0000000088400000|  0%| F|  |TAMS 0x0000000088300000, 0x0000000088300000| Untracked 
| 132|0x0000000088400000, 0x0000000088400000, 0x0000000088500000|  0%| F|  |TAMS 0x0000000088400000, 0x0000000088400000| Untracked 
| 133|0x0000000088500000, 0x0000000088500000, 0x0000000088600000|  0%| F|  |TAMS 0x0000000088500000, 0x0000000088500000| Untracked 
| 134|0x0000000088600000, 0x0000000088600000, 0x0000000088700000|  0%| F|  |TAMS 0x0000000088600000, 0x0000000088600000| Untracked 
| 135|0x0000000088700000, 0x0000000088700000, 0x0000000088800000|  0%| F|  |TAMS 0x0000000088700000, 0x0000000088700000| Untracked 
| 136|0x0000000088800000, 0x0000000088800000, 0x0000000088900000|  0%| F|  |TAMS 0x0000000088800000, 0x0000000088800000| Untracked 
| 137|0x0000000088900000, 0x0000000088900000, 0x0000000088a00000|  0%| F|  |TAMS 0x0000000088900000, 0x0000000088900000| Untracked 
| 138|0x0000000088a00000, 0x0000000088a00000, 0x0000000088b00000|  0%| F|  |TAMS 0x0000000088a00000, 0x0000000088a00000| Untracked 
| 139|0x0000000088b00000, 0x0000000088b00000, 0x0000000088c00000|  0%| F|  |TAMS 0x0000000088b00000, 0x0000000088b00000| Untracked 
| 140|0x0000000088c00000, 0x0000000088c00000, 0x0000000088d00000|  0%| F|  |TAMS 0x0000000088c00000, 0x0000000088c00000| Untracked 
| 141|0x0000000088d00000, 0x0000000088d00000, 0x0000000088e00000|  0%| F|  |TAMS 0x0000000088d00000, 0x0000000088d00000| Untracked 
| 142|0x0000000088e00000, 0x0000000088f00000, 0x0000000088f00000|100%| O|  |TAMS 0x0000000088f00000, 0x0000000088e00000| Untracked 
| 143|0x0000000088f00000, 0x0000000088f00000, 0x0000000089000000|  0%| F|  |TAMS 0x0000000088f00000, 0x0000000088f00000| Untracked 
| 144|0x0000000089000000, 0x0000000089000000, 0x0000000089100000|  0%| F|  |TAMS 0x0000000089000000, 0x0000000089000000| Untracked 
| 145|0x0000000089100000, 0x0000000089100000, 0x0000000089200000|  0%| F|  |TAMS 0x0000000089100000, 0x0000000089100000| Untracked 
| 146|0x0000000089200000, 0x0000000089200000, 0x0000000089300000|  0%| F|  |TAMS 0x0000000089200000, 0x0000000089200000| Untracked 
| 147|0x0000000089300000, 0x0000000089300000, 0x0000000089400000|  0%| F|  |TAMS 0x0000000089300000, 0x0000000089300000| Untracked 
| 148|0x0000000089400000, 0x0000000089400000, 0x0000000089500000|  0%| F|  |TAMS 0x0000000089400000, 0x0000000089400000| Untracked 
| 149|0x0000000089500000, 0x0000000089500000, 0x0000000089600000|  0%| F|  |TAMS 0x0000000089500000, 0x0000000089500000| Untracked 
| 150|0x0000000089600000, 0x0000000089600000, 0x0000000089700000|  0%| F|  |TAMS 0x0000000089600000, 0x0000000089600000| Untracked 
| 151|0x0000000089700000, 0x0000000089700000, 0x0000000089800000|  0%| F|  |TAMS 0x0000000089700000, 0x0000000089700000| Untracked 
| 152|0x0000000089800000, 0x0000000089800000, 0x0000000089900000|  0%| F|  |TAMS 0x0000000089800000, 0x0000000089800000| Untracked 
| 153|0x0000000089900000, 0x0000000089900000, 0x0000000089a00000|  0%| F|  |TAMS 0x0000000089900000, 0x0000000089900000| Untracked 
| 154|0x0000000089a00000, 0x0000000089a00000, 0x0000000089b00000|  0%| F|  |TAMS 0x0000000089a00000, 0x0000000089a00000| Untracked 
| 155|0x0000000089b00000, 0x0000000089b00000, 0x0000000089c00000|  0%| F|  |TAMS 0x0000000089b00000, 0x0000000089b00000| Untracked 
| 156|0x0000000089c00000, 0x0000000089c00000, 0x0000000089d00000|  0%| F|  |TAMS 0x0000000089c00000, 0x0000000089c00000| Untracked 
| 157|0x0000000089d00000, 0x0000000089d00000, 0x0000000089e00000|  0%| F|  |TAMS 0x0000000089d00000, 0x0000000089d00000| Untracked 
| 158|0x0000000089e00000, 0x0000000089e00000, 0x0000000089f00000|  0%| F|  |TAMS 0x0000000089e00000, 0x0000000089e00000| Untracked 
| 159|0x0000000089f00000, 0x0000000089f00000, 0x000000008a000000|  0%| F|  |TAMS 0x0000000089f00000, 0x0000000089f00000| Untracked 
| 160|0x000000008a000000, 0x000000008a000000, 0x000000008a100000|  0%| F|  |TAMS 0x000000008a000000, 0x000000008a000000| Untracked 
| 161|0x000000008a100000, 0x000000008a100000, 0x000000008a200000|  0%| F|  |TAMS 0x000000008a100000, 0x000000008a100000| Untracked 
| 162|0x000000008a200000, 0x000000008a200000, 0x000000008a300000|  0%| F|  |TAMS 0x000000008a200000, 0x000000008a200000| Untracked 
| 163|0x000000008a300000, 0x000000008a300000, 0x000000008a400000|  0%| F|  |TAMS 0x000000008a300000, 0x000000008a300000| Untracked 
| 164|0x000000008a400000, 0x000000008a400000, 0x000000008a500000|  0%| F|  |TAMS 0x000000008a400000, 0x000000008a400000| Untracked 
| 165|0x000000008a500000, 0x000000008a500000, 0x000000008a600000|  0%| F|  |TAMS 0x000000008a500000, 0x000000008a500000| Untracked 
| 166|0x000000008a600000, 0x000000008a600000, 0x000000008a700000|  0%| F|  |TAMS 0x000000008a600000, 0x000000008a600000| Untracked 
| 167|0x000000008a700000, 0x000000008a700000, 0x000000008a800000|  0%| F|  |TAMS 0x000000008a700000, 0x000000008a700000| Untracked 
| 168|0x000000008a800000, 0x000000008a800000, 0x000000008a900000|  0%| F|  |TAMS 0x000000008a800000, 0x000000008a800000| Untracked 
| 169|0x000000008a900000, 0x000000008a900000, 0x000000008aa00000|  0%| F|  |TAMS 0x000000008a900000, 0x000000008a900000| Untracked 
| 170|0x000000008aa00000, 0x000000008aa00000, 0x000000008ab00000|  0%| F|  |TAMS 0x000000008aa00000, 0x000000008aa00000| Untracked 
| 171|0x000000008ab00000, 0x000000008ab31100, 0x000000008ac00000| 19%| S|CS|TAMS 0x000000008ab00000, 0x000000008ab00000| Complete 
| 172|0x000000008ac00000, 0x000000008ad00000, 0x000000008ad00000|100%| S|CS|TAMS 0x000000008ac00000, 0x000000008ac00000| Complete 
| 173|0x000000008ad00000, 0x000000008ae00000, 0x000000008ae00000|100%| S|CS|TAMS 0x000000008ad00000, 0x000000008ad00000| Complete 
| 174|0x000000008ae00000, 0x000000008af00000, 0x000000008af00000|100%| S|CS|TAMS 0x000000008ae00000, 0x000000008ae00000| Complete 
| 175|0x000000008af00000, 0x000000008b000000, 0x000000008b000000|100%| S|CS|TAMS 0x000000008af00000, 0x000000008af00000| Complete 
| 176|0x000000008b000000, 0x000000008b100000, 0x000000008b100000|100%| S|CS|TAMS 0x000000008b000000, 0x000000008b000000| Complete 
| 177|0x000000008b100000, 0x000000008b100000, 0x000000008b200000|  0%| F|  |TAMS 0x000000008b100000, 0x000000008b100000| Untracked 
| 178|0x000000008b200000, 0x000000008b200000, 0x000000008b300000|  0%| F|  |TAMS 0x000000008b200000, 0x000000008b200000| Untracked 
| 179|0x000000008b300000, 0x000000008b300000, 0x000000008b400000|  0%| F|  |TAMS 0x000000008b300000, 0x000000008b300000| Untracked 
| 180|0x000000008b400000, 0x000000008b400000, 0x000000008b500000|  0%| F|  |TAMS 0x000000008b400000, 0x000000008b400000| Untracked 
| 181|0x000000008b500000, 0x000000008b500000, 0x000000008b600000|  0%| F|  |TAMS 0x000000008b500000, 0x000000008b500000| Untracked 
| 182|0x000000008b600000, 0x000000008b628d88, 0x000000008b700000| 15%| E|  |TAMS 0x000000008b600000, 0x000000008b600000| Complete 
| 183|0x000000008b700000, 0x000000008b7eb028, 0x000000008b800000| 91%| E|  |TAMS 0x000000008b700000, 0x000000008b700000| Complete 
| 184|0x000000008b800000, 0x000000008b900000, 0x000000008b900000|100%| E|CS|TAMS 0x000000008b800000, 0x000000008b800000| Complete 
| 185|0x000000008b900000, 0x000000008ba00000, 0x000000008ba00000|100%| E|CS|TAMS 0x000000008b900000, 0x000000008b900000| Complete 
| 186|0x000000008ba00000, 0x000000008bb00000, 0x000000008bb00000|100%| E|CS|TAMS 0x000000008ba00000, 0x000000008ba00000| Complete 
| 187|0x000000008bb00000, 0x000000008bc00000, 0x000000008bc00000|100%| E|CS|TAMS 0x000000008bb00000, 0x000000008bb00000| Complete 
| 188|0x000000008bc00000, 0x000000008bd00000, 0x000000008bd00000|100%| E|CS|TAMS 0x000000008bc00000, 0x000000008bc00000| Complete 
| 189|0x000000008bd00000, 0x000000008be00000, 0x000000008be00000|100%| E|CS|TAMS 0x000000008bd00000, 0x000000008bd00000| Complete 
| 190|0x000000008be00000, 0x000000008bf00000, 0x000000008bf00000|100%| E|CS|TAMS 0x000000008be00000, 0x000000008be00000| Complete 
| 191|0x000000008bf00000, 0x000000008c000000, 0x000000008c000000|100%| E|CS|TAMS 0x000000008bf00000, 0x000000008bf00000| Complete 
| 192|0x000000008c000000, 0x000000008c100000, 0x000000008c100000|100%| E|CS|TAMS 0x000000008c000000, 0x000000008c000000| Complete 
| 193|0x000000008c100000, 0x000000008c200000, 0x000000008c200000|100%| E|CS|TAMS 0x000000008c100000, 0x000000008c100000| Complete 
| 194|0x000000008c200000, 0x000000008c300000, 0x000000008c300000|100%| E|CS|TAMS 0x000000008c200000, 0x000000008c200000| Complete 
| 195|0x000000008c300000, 0x000000008c400000, 0x000000008c400000|100%| E|CS|TAMS 0x000000008c300000, 0x000000008c300000| Complete 
| 196|0x000000008c400000, 0x000000008c500000, 0x000000008c500000|100%| E|CS|TAMS 0x000000008c400000, 0x000000008c400000| Complete 
| 197|0x000000008c500000, 0x000000008c600000, 0x000000008c600000|100%| E|CS|TAMS 0x000000008c500000, 0x000000008c500000| Complete 
| 198|0x000000008c600000, 0x000000008c700000, 0x000000008c700000|100%| E|CS|TAMS 0x000000008c600000, 0x000000008c600000| Complete 
| 199|0x000000008c700000, 0x000000008c800000, 0x000000008c800000|100%| E|CS|TAMS 0x000000008c700000, 0x000000008c700000| Complete 
| 200|0x000000008c800000, 0x000000008c900000, 0x000000008c900000|100%| E|CS|TAMS 0x000000008c800000, 0x000000008c800000| Complete 
| 201|0x000000008c900000, 0x000000008ca00000, 0x000000008ca00000|100%| E|CS|TAMS 0x000000008c900000, 0x000000008c900000| Complete 
| 202|0x000000008ca00000, 0x000000008cb00000, 0x000000008cb00000|100%| E|CS|TAMS 0x000000008ca00000, 0x000000008ca00000| Complete 
| 203|0x000000008cb00000, 0x000000008cc00000, 0x000000008cc00000|100%| E|CS|TAMS 0x000000008cb00000, 0x000000008cb00000| Complete 
| 204|0x000000008cc00000, 0x000000008cd00000, 0x000000008cd00000|100%| E|CS|TAMS 0x000000008cc00000, 0x000000008cc00000| Complete 
| 205|0x000000008cd00000, 0x000000008ce00000, 0x000000008ce00000|100%| E|CS|TAMS 0x000000008cd00000, 0x000000008cd00000| Complete 
| 206|0x000000008ce00000, 0x000000008cf00000, 0x000000008cf00000|100%| E|CS|TAMS 0x000000008ce00000, 0x000000008ce00000| Complete 
| 207|0x000000008cf00000, 0x000000008d000000, 0x000000008d000000|100%| E|CS|TAMS 0x000000008cf00000, 0x000000008cf00000| Complete 
| 208|0x000000008d000000, 0x000000008d100000, 0x000000008d100000|100%| E|CS|TAMS 0x000000008d000000, 0x000000008d000000| Complete 
| 209|0x000000008d100000, 0x000000008d200000, 0x000000008d200000|100%| E|CS|TAMS 0x000000008d100000, 0x000000008d100000| Complete 
| 210|0x000000008d200000, 0x000000008d300000, 0x000000008d300000|100%| E|CS|TAMS 0x000000008d200000, 0x000000008d200000| Complete 
| 211|0x000000008d300000, 0x000000008d400000, 0x000000008d400000|100%| E|CS|TAMS 0x000000008d300000, 0x000000008d300000| Complete 
| 212|0x000000008d400000, 0x000000008d500000, 0x000000008d500000|100%| E|CS|TAMS 0x000000008d400000, 0x000000008d400000| Complete 
| 213|0x000000008d500000, 0x000000008d600000, 0x000000008d600000|100%| E|CS|TAMS 0x000000008d500000, 0x000000008d500000| Complete 
| 214|0x000000008d600000, 0x000000008d700000, 0x000000008d700000|100%| E|CS|TAMS 0x000000008d600000, 0x000000008d600000| Complete 
| 215|0x000000008d700000, 0x000000008d800000, 0x000000008d800000|100%| E|CS|TAMS 0x000000008d700000, 0x000000008d700000| Complete 
| 216|0x000000008d800000, 0x000000008d900000, 0x000000008d900000|100%| E|CS|TAMS 0x000000008d800000, 0x000000008d800000| Complete 
| 217|0x000000008d900000, 0x000000008da00000, 0x000000008da00000|100%| E|CS|TAMS 0x000000008d900000, 0x000000008d900000| Complete 
| 218|0x000000008da00000, 0x000000008db00000, 0x000000008db00000|100%| E|CS|TAMS 0x000000008da00000, 0x000000008da00000| Complete 
| 219|0x000000008db00000, 0x000000008dc00000, 0x000000008dc00000|100%| E|CS|TAMS 0x000000008db00000, 0x000000008db00000| Complete 
| 220|0x000000008dc00000, 0x000000008dd00000, 0x000000008dd00000|100%| E|CS|TAMS 0x000000008dc00000, 0x000000008dc00000| Complete 
| 221|0x000000008dd00000, 0x000000008de00000, 0x000000008de00000|100%| E|CS|TAMS 0x000000008dd00000, 0x000000008dd00000| Complete 
| 222|0x000000008de00000, 0x000000008df00000, 0x000000008df00000|100%| E|CS|TAMS 0x000000008de00000, 0x000000008de00000| Complete 
| 223|0x000000008df00000, 0x000000008e000000, 0x000000008e000000|100%| E|CS|TAMS 0x000000008df00000, 0x000000008df00000| Complete 
| 224|0x000000008e000000, 0x000000008e100000, 0x000000008e100000|100%| E|CS|TAMS 0x000000008e000000, 0x000000008e000000| Complete 
| 225|0x000000008e100000, 0x000000008e200000, 0x000000008e200000|100%| E|CS|TAMS 0x000000008e100000, 0x000000008e100000| Complete 
| 226|0x000000008e200000, 0x000000008e300000, 0x000000008e300000|100%| E|CS|TAMS 0x000000008e200000, 0x000000008e200000| Complete 
| 227|0x000000008e300000, 0x000000008e400000, 0x000000008e400000|100%| E|CS|TAMS 0x000000008e300000, 0x000000008e300000| Complete 
| 228|0x000000008e400000, 0x000000008e500000, 0x000000008e500000|100%| E|CS|TAMS 0x000000008e400000, 0x000000008e400000| Complete 
| 229|0x000000008e500000, 0x000000008e600000, 0x000000008e600000|100%| E|CS|TAMS 0x000000008e500000, 0x000000008e500000| Complete 
| 230|0x000000008e600000, 0x000000008e700000, 0x000000008e700000|100%| E|CS|TAMS 0x000000008e600000, 0x000000008e600000| Complete 
| 231|0x000000008e700000, 0x000000008e800000, 0x000000008e800000|100%| E|CS|TAMS 0x000000008e700000, 0x000000008e700000| Complete 
| 232|0x000000008e800000, 0x000000008e900000, 0x000000008e900000|100%| E|CS|TAMS 0x000000008e800000, 0x000000008e800000| Complete 
| 233|0x000000008e900000, 0x000000008ea00000, 0x000000008ea00000|100%| E|CS|TAMS 0x000000008e900000, 0x000000008e900000| Complete 
| 234|0x000000008ea00000, 0x000000008eb00000, 0x000000008eb00000|100%| E|CS|TAMS 0x000000008ea00000, 0x000000008ea00000| Complete 
| 235|0x000000008eb00000, 0x000000008ec00000, 0x000000008ec00000|100%| E|CS|TAMS 0x000000008eb00000, 0x000000008eb00000| Complete 
| 236|0x000000008ec00000, 0x000000008ed00000, 0x000000008ed00000|100%| E|CS|TAMS 0x000000008ec00000, 0x000000008ec00000| Complete 
| 237|0x000000008ed00000, 0x000000008ee00000, 0x000000008ee00000|100%| E|CS|TAMS 0x000000008ed00000, 0x000000008ed00000| Complete 
| 238|0x000000008ee00000, 0x000000008ef00000, 0x000000008ef00000|100%| E|CS|TAMS 0x000000008ee00000, 0x000000008ee00000| Complete 
| 239|0x000000008ef00000, 0x000000008f000000, 0x000000008f000000|100%| E|CS|TAMS 0x000000008ef00000, 0x000000008ef00000| Complete 
| 240|0x000000008f000000, 0x000000008f100000, 0x000000008f100000|100%| E|CS|TAMS 0x000000008f000000, 0x000000008f000000| Complete 
| 241|0x000000008f100000, 0x000000008f200000, 0x000000008f200000|100%| E|CS|TAMS 0x000000008f100000, 0x000000008f100000| Complete 
| 242|0x000000008f200000, 0x000000008f300000, 0x000000008f300000|100%| E|CS|TAMS 0x000000008f200000, 0x000000008f200000| Complete 
| 243|0x000000008f300000, 0x000000008f400000, 0x000000008f400000|100%| E|CS|TAMS 0x000000008f300000, 0x000000008f300000| Complete 
| 244|0x000000008f400000, 0x000000008f500000, 0x000000008f500000|100%| E|CS|TAMS 0x000000008f400000, 0x000000008f400000| Complete 
| 245|0x000000008f500000, 0x000000008f600000, 0x000000008f600000|100%| E|CS|TAMS 0x000000008f500000, 0x000000008f500000| Complete 
| 246|0x000000008f600000, 0x000000008f700000, 0x000000008f700000|100%| E|CS|TAMS 0x000000008f600000, 0x000000008f600000| Complete 
| 247|0x000000008f700000, 0x000000008f800000, 0x000000008f800000|100%| E|CS|TAMS 0x000000008f700000, 0x000000008f700000| Complete 
| 248|0x000000008f800000, 0x000000008f900000, 0x000000008f900000|100%| E|CS|TAMS 0x000000008f800000, 0x000000008f800000| Complete 
| 249|0x000000008f900000, 0x000000008fa00000, 0x000000008fa00000|100%| E|CS|TAMS 0x000000008f900000, 0x000000008f900000| Complete 
| 250|0x000000008fa00000, 0x000000008fb00000, 0x000000008fb00000|100%| E|CS|TAMS 0x000000008fa00000, 0x000000008fa00000| Complete 
| 251|0x000000008fb00000, 0x000000008fc00000, 0x000000008fc00000|100%| E|CS|TAMS 0x000000008fb00000, 0x000000008fb00000| Complete 
| 252|0x000000008fc00000, 0x000000008fd00000, 0x000000008fd00000|100%| E|CS|TAMS 0x000000008fc00000, 0x000000008fc00000| Complete 
| 253|0x000000008fd00000, 0x000000008fe00000, 0x000000008fe00000|100%| E|CS|TAMS 0x000000008fd00000, 0x000000008fd00000| Complete 
| 254|0x000000008fe00000, 0x000000008ff00000, 0x000000008ff00000|100%| E|CS|TAMS 0x000000008fe00000, 0x000000008fe00000| Complete 
| 255|0x000000008ff00000, 0x0000000090000000, 0x0000000090000000|100%| E|CS|TAMS 0x000000008ff00000, 0x000000008ff00000| Complete 

Card table byte_map: [0x00000234a3ee0000,0x00000234a42e0000] _byte_map_base: 0x00000234a3ae0000

Marking Bits (Prev, Next): (CMBitMap*) 0x0000023490cce520, (CMBitMap*) 0x0000023490cce4e8
 Prev Bits: [0x00000234a66e0000, 0x00000234a86e0000)
 Next Bits: [0x00000234a46e0000, 0x00000234a66e0000)

Polling page: 0x000002348ebe0000

Metaspace:

Usage:
  Non-class:     83.83 MB capacity,    82.27 MB ( 98%) used,     1.31 MB (  2%) free+waste,   263.38 KB ( <1%) overhead. 
      Class:     12.89 MB capacity,    12.01 MB ( 93%) used,   787.09 KB (  6%) free+waste,   122.13 KB ( <1%) overhead. 
       Both:     96.73 MB capacity,    94.27 MB ( 97%) used,     2.08 MB (  2%) free+waste,   385.50 KB ( <1%) overhead. 

Virtual space:
  Non-class space:       84.00 MB reserved,      84.00 MB (100%) committed 
      Class space:        1.00 GB reserved,      13.00 MB (  1%) committed 
             Both:        1.08 GB reserved,      97.00 MB (  9%) committed 

Chunk freelists:
   Non-Class:  44.00 KB
       Class:  0 bytes
        Both:  44.00 KB

MaxMetaspaceSize: 17179869184.00 GB
CompressedClassSpaceSize: 1.00 GB
Initial GC threshold: 20.80 MB
Current GC threshold: 141.04 MB
CDS: off

CodeHeap 'non-profiled nmethods': size=120000Kb used=6151Kb max_used=6151Kb free=113848Kb
 bounds [0x000002349c280000, 0x000002349c890000, 0x00000234a37b0000]
CodeHeap 'profiled nmethods': size=120000Kb used=21680Kb max_used=21680Kb free=98319Kb
 bounds [0x0000023494d50000, 0x0000023496280000, 0x000002349c280000]
CodeHeap 'non-nmethods': size=5760Kb used=2405Kb max_used=2433Kb free=3354Kb
 bounds [0x00000234947b0000, 0x0000023494a20000, 0x0000023494d50000]
 total_blobs=10769 nmethods=9840 adapters=841
 compilation: enabled
              stopped_count=0, restarted_count=0
 full_count=0

Compilation events (20 events):
Event: 9.896 Thread 0x00000234aba18800 nmethod 9652 0x0000023496216690 code [0x0000023496216860, 0x0000023496216b38]
Event: 9.896 Thread 0x00000234aba18800 9661       1       sun.nio.fs.WindowsNativeDispatcher$QueryDirectoryInformation::volSerialNumber (5 bytes)
Event: 9.896 Thread 0x00000234aba18800 nmethod 9661 0x000002349c868990 code [0x000002349c868b40, 0x000002349c868bf8]
Event: 9.896 Thread 0x00000234aba18800 9663       3       org.gradle.cache.internal.CacheAccessWorker$1::call (10 bytes)
Event: 9.896 Thread 0x00000234aba18800 nmethod 9663 0x0000023496216c90 code [0x0000023496216e40, 0x0000023496217008]
Event: 9.896 Thread 0x00000234aba18800 9664       3       org.gradle.cache.internal.AsyncCacheAccessDecoratedCache$$Lambda$205/0x0000000100399c40::create (12 bytes)
Event: 9.896 Thread 0x00000234aba18800 nmethod 9664 0x0000023496217110 code [0x00000234962172e0, 0x0000023496217508]
Event: 9.896 Thread 0x00000234aba18800 9669       3       org.gradle.internal.execution.history.impl.FileSystemSnapshotSerializer::toAbsolutePath (102 bytes)
Event: 9.896 Thread 0x00000234ac3af000 nmethod 9660 0x000002349c868c90 code [0x000002349c868e20, 0x000002349c868f78]
Event: 9.896 Thread 0x00000234ac3af000 9675   !   4       com.google.common.collect.MapMakerInternalMap$Segment::put (298 bytes)
Event: 9.897 Thread 0x00000234aba18800 nmethod 9669 0x0000023496217610 code [0x0000023496217920, 0x0000023496218a48]
Event: 9.897 Thread 0x00000234aba18800 9670       3       java.util.stream.ReferencePipeline::mapToInt (26 bytes)
Event: 9.897 Thread 0x00000234aba18800 nmethod 9670 0x0000023496219010 code [0x0000023496219200, 0x0000023496219718]
Event: 9.897 Thread 0x00000234aba18800 9671       3       java.util.stream.ReferencePipeline$4::<init> (20 bytes)
Event: 9.897 Thread 0x00000234aba18800 nmethod 9671 0x0000023496219910 code [0x0000023496219ae0, 0x0000023496219da8]
Event: 9.897 Thread 0x00000234aba18800 9672       3       java.util.stream.IntPipeline$StatelessOp::<init> (29 bytes)
Event: 9.898 Thread 0x00000234aba18800 nmethod 9672 0x0000023496219f10 code [0x000002349621a0e0, 0x000002349621a288]
Event: 9.898 Thread 0x00000234aba18800 9673       3       java.util.stream.IntPipeline::<init> (7 bytes)
Event: 9.898 Thread 0x00000234aba18800 nmethod 9673 0x000002349621a390 code [0x000002349621a540, 0x000002349621a668]
Event: 9.898 Thread 0x00000234aba18800 9674       3       java.util.stream.IntPipeline::sum (11 bytes)

GC Heap History (20 events):
Event: 2.154 GC heap before
{Heap before GC invocations=3 (full 0):
 garbage-first heap   total 262144K, used 55794K [0x0000000080000000, 0x0000000100000000)
  region size 1024K, 50 young (51200K), 11 survivors (11264K)
 Metaspace       used 24566K, capacity 25200K, committed 25472K, reserved 1071104K
  class space    used 3129K, capacity 3336K, committed 3456K, reserved 1048576K
}
Event: 2.160 GC heap after
{Heap after GC invocations=4 (full 0):
 garbage-first heap   total 262144K, used 18454K [0x0000000080000000, 0x0000000100000000)
  region size 1024K, 2 young (2048K), 2 survivors (2048K)
 Metaspace       used 24566K, capacity 25200K, committed 25472K, reserved 1071104K
  class space    used 3129K, capacity 3336K, committed 3456K, reserved 1048576K
}
Event: 3.114 GC heap before
{Heap before GC invocations=4 (full 0):
 garbage-first heap   total 262144K, used 136214K [0x0000000080000000, 0x0000000100000000)
  region size 1024K, 101 young (103424K), 2 survivors (2048K)
 Metaspace       used 34781K, capacity 35784K, committed 35840K, reserved 1081344K
  class space    used 4597K, capacity 4968K, committed 4992K, reserved 1048576K
}
Event: 3.122 GC heap after
{Heap after GC invocations=5 (full 0):
 garbage-first heap   total 262144K, used 44588K [0x0000000080000000, 0x0000000100000000)
  region size 1024K, 10 young (10240K), 10 survivors (10240K)
 Metaspace       used 34781K, capacity 35784K, committed 35840K, reserved 1081344K
  class space    used 4597K, capacity 4968K, committed 4992K, reserved 1048576K
}
Event: 4.207 GC heap before
{Heap before GC invocations=6 (full 0):
 garbage-first heap   total 262144K, used 177708K [0x0000000080000000, 0x0000000100000000)
  region size 1024K, 125 young (128000K), 10 survivors (10240K)
 Metaspace       used 46203K, capacity 47316K, committed 47488K, reserved 1091584K
  class space    used 5784K, capacity 6242K, committed 6272K, reserved 1048576K
}
Event: 4.217 GC heap after
{Heap after GC invocations=7 (full 0):
 garbage-first heap   total 262144K, used 67219K [0x0000000080000000, 0x0000000100000000)
  region size 1024K, 16 young (16384K), 16 survivors (16384K)
 Metaspace       used 46203K, capacity 47316K, committed 47488K, reserved 1091584K
  class space    used 5784K, capacity 6242K, committed 6272K, reserved 1048576K
}
Event: 5.127 GC heap before
{Heap before GC invocations=7 (full 0):
 garbage-first heap   total 262144K, used 197267K [0x0000000080000000, 0x0000000100000000)
  region size 1024K, 135 young (138240K), 16 survivors (16384K)
 Metaspace       used 51654K, capacity 53248K, committed 53504K, reserved 1095680K
  class space    used 6581K, capacity 7143K, committed 7168K, reserved 1048576K
}
Event: 5.140 GC heap after
{Heap after GC invocations=8 (full 0):
 garbage-first heap   total 262144K, used 85293K [0x0000000080000000, 0x0000000100000000)
  region size 1024K, 17 young (17408K), 17 survivors (17408K)
 Metaspace       used 51654K, capacity 53248K, committed 53504K, reserved 1095680K
  class space    used 6581K, capacity 7143K, committed 7168K, reserved 1048576K
}
Event: 5.661 GC heap before
{Heap before GC invocations=8 (full 0):
 garbage-first heap   total 262144K, used 143661K [0x0000000080000000, 0x0000000100000000)
  region size 1024K, 74 young (75776K), 17 survivors (17408K)
 Metaspace       used 58376K, capacity 60063K, committed 60160K, reserved 1101824K
  class space    used 7410K, capacity 8026K, committed 8064K, reserved 1048576K
}
Event: 5.677 GC heap after
{Heap after GC invocations=9 (full 0):
 garbage-first heap   total 262144K, used 91091K [0x0000000080000000, 0x0000000100000000)
  region size 1024K, 5 young (5120K), 5 survivors (5120K)
 Metaspace       used 58376K, capacity 60063K, committed 60160K, reserved 1101824K
  class space    used 7410K, capacity 8026K, committed 8064K, reserved 1048576K
}
Event: 6.809 GC heap before
{Heap before GC invocations=10 (full 0):
 garbage-first heap   total 262144K, used 209875K [0x0000000080000000, 0x0000000100000000)
  region size 1024K, 114 young (116736K), 5 survivors (5120K)
 Metaspace       used 68830K, capacity 70622K, committed 70912K, reserved 1110016K
  class space    used 8708K, capacity 9375K, committed 9472K, reserved 1048576K
}
Event: 6.819 GC heap after
{Heap after GC invocations=11 (full 0):
 garbage-first heap   total 262144K, used 97975K [0x0000000080000000, 0x0000000100000000)
  region size 1024K, 11 young (11264K), 11 survivors (11264K)
 Metaspace       used 68830K, capacity 70622K, committed 70912K, reserved 1110016K
  class space    used 8708K, capacity 9375K, committed 9472K, reserved 1048576K
}
Event: 7.641 GC heap before
{Heap before GC invocations=12 (full 0):
 garbage-first heap   total 262144K, used 206519K [0x0000000080000000, 0x0000000100000000)
  region size 1024K, 117 young (119808K), 11 survivors (11264K)
 Metaspace       used 75101K, capacity 77028K, committed 77312K, reserved 1116160K
  class space    used 9688K, capacity 10372K, committed 10496K, reserved 1048576K
}
Event: 7.651 GC heap after
{Heap after GC invocations=13 (full 0):
 garbage-first heap   total 262144K, used 105396K [0x0000000080000000, 0x0000000100000000)
  region size 1024K, 15 young (15360K), 15 survivors (15360K)
 Metaspace       used 75101K, capacity 77028K, committed 77312K, reserved 1116160K
  class space    used 9688K, capacity 10372K, committed 10496K, reserved 1048576K
}
Event: 8.351 GC heap before
{Heap before GC invocations=13 (full 0):
 garbage-first heap   total 262144K, used 227252K [0x0000000080000000, 0x0000000100000000)
  region size 1024K, 117 young (119808K), 15 survivors (15360K)
 Metaspace       used 80606K, capacity 82807K, committed 82816K, reserved 1120256K
  class space    used 10344K, capacity 11130K, committed 11136K, reserved 1048576K
}
Event: 8.363 GC heap after
{Heap after GC invocations=14 (full 0):
 garbage-first heap   total 262144K, used 134608K [0x0000000080000000, 0x0000000100000000)
  region size 1024K, 15 young (15360K), 15 survivors (15360K)
 Metaspace       used 80606K, capacity 82807K, committed 82816K, reserved 1120256K
  class space    used 10344K, capacity 11130K, committed 11136K, reserved 1048576K
}
Event: 8.664 GC heap before
{Heap before GC invocations=14 (full 0):
 garbage-first heap   total 262144K, used 212432K [0x0000000080000000, 0x0000000100000000)
  region size 1024K, 91 young (93184K), 15 survivors (15360K)
 Metaspace       used 83843K, capacity 86005K, committed 86272K, reserved 1124352K
  class space    used 10757K, capacity 11489K, committed 11520K, reserved 1048576K
}
Event: 8.672 GC heap after
{Heap after GC invocations=15 (full 0):
 garbage-first heap   total 262144K, used 137504K [0x0000000080000000, 0x0000000100000000)
  region size 1024K, 3 young (3072K), 3 survivors (3072K)
 Metaspace       used 83843K, capacity 86005K, committed 86272K, reserved 1124352K
  class space    used 10757K, capacity 11489K, committed 11520K, reserved 1048576K
}
Event: 9.355 GC heap before
{Heap before GC invocations=16 (full 0):
 garbage-first heap   total 262144K, used 215328K [0x0000000080000000, 0x0000000100000000)
  region size 1024K, 79 young (80896K), 3 survivors (3072K)
 Metaspace       used 92513K, capacity 94729K, committed 94848K, reserved 1132544K
  class space    used 11808K, capacity 12605K, committed 12672K, reserved 1048576K
}
Event: 9.361 GC heap after
{Heap after GC invocations=17 (full 0):
 garbage-first heap   total 262144K, used 140484K [0x0000000080000000, 0x0000000100000000)
  region size 1024K, 6 young (6144K), 6 survivors (6144K)
 Metaspace       used 92513K, capacity 94729K, committed 94848K, reserved 1132544K
  class space    used 11808K, capacity 12605K, committed 12672K, reserved 1048576K
}

Deoptimization events (20 events):
Event: 9.874 Thread 0x00000234b2ee9000 Uncommon trap: trap_request=0xfffffff4 fr.pc=0x000002349c82107c relative=0x00000000000000dc
Event: 9.874 Thread 0x00000234b2ee6800 Uncommon trap: reason=null_check action=make_not_entrant pc=0x000002349c82107c method=org.gradle.tooling.internal.provider.runner.ClientBuildEventGenerator$Disabled.accept(Lorg/gradle/internal/operations/BuildOperationDescriptor;)Lorg/gradle/tooling/inter
Event: 9.874 Thread 0x00000234af7bf000 Uncommon trap: reason=null_check action=make_not_entrant pc=0x000002349c82107c method=org.gradle.tooling.internal.provider.runner.ClientBuildEventGenerator$Disabled.accept(Lorg/gradle/internal/operations/BuildOperationDescriptor;)Lorg/gradle/tooling/inter
Event: 9.874 Thread 0x00000234b2ee9000 Uncommon trap: reason=null_check action=make_not_entrant pc=0x000002349c82107c method=org.gradle.tooling.internal.provider.runner.ClientBuildEventGenerator$Disabled.accept(Lorg/gradle/internal/operations/BuildOperationDescriptor;)Lorg/gradle/tooling/inter
Event: 9.875 Thread 0x00000234b2ee9000 DEOPT PACKING pc=0x000002349c82107c sp=0x000000bf105fe430
Event: 9.875 Thread 0x00000234af7bf000 DEOPT PACKING pc=0x000002349c82107c sp=0x000000bf0fcfe850
Event: 9.875 Thread 0x00000234b2ee9000 DEOPT UNPACKING pc=0x00000234947fa1af sp=0x000000bf105fe3b8 mode 2
Event: 9.875 Thread 0x00000234af7bf000 DEOPT UNPACKING pc=0x00000234947fa1af sp=0x000000bf0fcfe7d8 mode 2
Event: 9.875 Thread 0x00000234b2ee6800 DEOPT PACKING pc=0x000002349c82107c sp=0x000000bf100fe450
Event: 9.875 Thread 0x00000234b2ee6800 DEOPT UNPACKING pc=0x00000234947fa1af sp=0x000000bf100fe3d8 mode 2
Event: 9.885 Thread 0x00000234b2ee8800 DEOPT PACKING pc=0x0000023495f825c4 sp=0x000000bf104fd310
Event: 9.885 Thread 0x00000234b2ee8800 DEOPT UNPACKING pc=0x00000234947fa95e sp=0x000000bf104fc8b0 mode 0
Event: 9.898 Thread 0x00000234b1686000 Uncommon trap: trap_request=0xffffff4d fr.pc=0x000002349c2e593c relative=0x00000000000004fc
Event: 9.898 Thread 0x00000234b1686000 Uncommon trap: reason=unstable_if action=reinterpret pc=0x000002349c2e593c method=java.lang.StringLatin1.compareToCI([B[B)I @ 68 c2
Event: 9.898 Thread 0x00000234b1686000 DEOPT PACKING pc=0x000002349c2e593c sp=0x000000bf11efb580
Event: 9.898 Thread 0x00000234b1686000 DEOPT UNPACKING pc=0x00000234947fa1af sp=0x000000bf11efb478 mode 2
Event: 9.898 Thread 0x00000234b1686000 Uncommon trap: trap_request=0xffffff4d fr.pc=0x000002349c2e3230 relative=0x0000000000000470
Event: 9.898 Thread 0x00000234b1686000 Uncommon trap: reason=unstable_if action=reinterpret pc=0x000002349c2e3230 method=java.lang.StringLatin1.compareToCI([B[B)I @ 68 c2
Event: 9.898 Thread 0x00000234b1686000 DEOPT PACKING pc=0x000002349c2e3230 sp=0x000000bf11efb4e0
Event: 9.898 Thread 0x00000234b1686000 DEOPT UNPACKING pc=0x00000234947fa1af sp=0x000000bf11efb468 mode 2

Classes redefined (0 events):
No events

Internal exceptions (20 events):
Event: 9.196 Thread 0x00000234adaf7000 Exception <a 'java/lang/ClassNotFoundException'{0x000000008c58e408}: org/gradle/api/internal/file/DefaultFilePropertyFactory$AbstractFileVarCustomizer> (0x000000008c58e408) thrown at [./src/hotspot/share/classfile/systemDictionary.cpp, line 231]
Event: 9.198 Thread 0x00000234adaf7000 Exception <a 'java/lang/ClassNotFoundException'{0x000000008c5eb3f0}: org/gradle/api/internal/file/DefaultFilePropertyFactory$DefaultDirectoryVarCustomizer> (0x000000008c5eb3f0) thrown at [./src/hotspot/share/classfile/systemDictionary.cpp, line 231]
Event: 9.204 Thread 0x00000234adaf7000 Exception <a 'java/lang/ClassNotFoundException'{0x000000008c46a698}: com/android/build/gradle/internal/api/ReadOnlyBuildTypeBeanInfo> (0x000000008c46a698) thrown at [./src/hotspot/share/classfile/systemDictionary.cpp, line 231]
Event: 9.204 Thread 0x00000234adaf7000 Exception <a 'java/lang/ClassNotFoundException'{0x000000008c487348}: com/android/build/gradle/internal/api/ReadOnlyBaseConfigBeanInfo> (0x000000008c487348) thrown at [./src/hotspot/share/classfile/systemDictionary.cpp, line 231]
Event: 9.205 Thread 0x00000234adaf7000 Exception <a 'java/lang/ClassNotFoundException'{0x000000008c4a4330}: com/android/build/gradle/internal/api/ReadOnlyBaseConfigCustomizer> (0x000000008c4a4330) thrown at [./src/hotspot/share/classfile/systemDictionary.cpp, line 231]
Event: 9.205 Thread 0x00000234adaf7000 Exception <a 'java/lang/ClassNotFoundException'{0x000000008c4d04a8}: com/android/build/gradle/internal/api/ReadOnlyBuildTypeCustomizer> (0x000000008c4d04a8) thrown at [./src/hotspot/share/classfile/systemDictionary.cpp, line 231]
Event: 9.212 Thread 0x00000234adaf7000 Exception <a 'java/lang/ClassNotFoundException'{0x000000008c23d358}: com/android/build/gradle/internal/api/ImmutableFlavorListBeanInfo> (0x000000008c23d358) thrown at [./src/hotspot/share/classfile/systemDictionary.cpp, line 231]
Event: 9.212 Thread 0x00000234adaf7000 Exception <a 'java/lang/ClassNotFoundException'{0x000000008c259b60}: com/android/build/gradle/internal/api/ImmutableFlavorListCustomizer> (0x000000008c259b60) thrown at [./src/hotspot/share/classfile/systemDictionary.cpp, line 231]
Event: 9.221 Thread 0x00000234adaf7000 Exception <a 'java/lang/NoSuchMethodError'{0x000000008c2ce980}: 'int java.lang.invoke.DirectMethodHandle$Holder.invokeSpecialIFC(java.lang.Object, java.lang.Object, java.lang.Object)'> (0x000000008c2ce980) thrown at [./src/hotspot/share/interpreter/linkResolver.cpp, line 773]
Event: 9.258 Thread 0x00000234adaf7000 Exception <a 'java/lang/NoSuchMethodError'{0x000000008bfbad08}: 'java.lang.Object java.lang.invoke.Invokers$Holder.linkToTargetMethod(java.lang.Object, java.lang.Object, java.lang.Object, int, java.lang.Object, java.lang.Object)'> (0x000000008bfbad08) thrown at [./src/hotspot/share/interpreter/linkResolver.cpp, line 773]
Event: 9.395 Thread 0x00000234adaf7000 Exception <a 'java/lang/NoSuchMethodError'{0x000000008fdd1730}: 'void java.lang.invoke.DirectMethodHandle$Holder.invokeStatic(java.lang.Object, java.lang.Object, java.lang.Object, java.lang.Object, int, java.lang.Object, java.lang.Object)'> (0x000000008fdd1730) thrown at [./src/hotspot/share/interpreter/linkResolver.cpp, line 773]
Event: 9.407 Thread 0x00000234adaf7000 Exception <a 'java/lang/IncompatibleClassChangeError'{0x000000008fb8cc48}: Found class java.lang.Object, but interface was expected> (0x000000008fb8cc48) thrown at [./src/hotspot/share/interpreter/linkResolver.cpp, line 839]
Event: 9.426 Thread 0x00000234af7bb000 Exception <a 'java/lang/IncompatibleClassChangeError'{0x000000008f811a90}: Found class java.lang.Object, but interface was expected> (0x000000008f811a90) thrown at [./src/hotspot/share/interpreter/linkResolver.cpp, line 839]
Event: 9.439 Thread 0x00000234af7bb000 Exception <a 'java/lang/NoSuchMethodError'{0x000000008f7d3798}: 'int java.lang.invoke.DirectMethodHandle$Holder.invokeStaticInit(java.lang.Object, java.lang.Object, java.lang.Object, java.lang.Object, java.lang.Object)'> (0x000000008f7d3798) thrown at [./src/hotspot/share/interpreter/linkResolver.cpp, line 773]
Event: 9.874 Thread 0x00000234b2ee6800 Implicit null exception at 0x000002349c820fdb to 0x000002349c821070
Event: 9.874 Thread 0x00000234af7bf000 Implicit null exception at 0x000002349c820fdb to 0x000002349c821070
Event: 9.874 Thread 0x00000234b2ee9000 Implicit null exception at 0x000002349c820fdb to 0x000002349c821070
Event: 9.878 Thread 0x00000234b2ee6800 Exception <a 'java/lang/NoSuchMethodError'{0x000000008d28cfb0}: 'java.lang.Object java.lang.invoke.DirectMethodHandle$Holder.invokeSpecialIFC(java.lang.Object, java.lang.Object, java.lang.Object)'> (0x000000008d28cfb0) thrown at [./src/hotspot/share/interpreter/linkResolver.cpp, line 773]
Event: 9.878 Thread 0x00000234b2eeb000 Exception <a 'java/lang/NoSuchMethodError'{0x000000008d2c9b10}: 'java.lang.Object java.lang.invoke.DirectMethodHandle$Holder.invokeSpecialIFC(java.lang.Object, java.lang.Object, java.lang.Object)'> (0x000000008d2c9b10) thrown at [./src/hotspot/share/interpreter/linkResolver.cpp, line 773]
Event: 9.878 Thread 0x00000234b2ee8800 Exception <a 'java/lang/NoSuchMethodError'{0x000000008d29cbc8}: 'java.lang.Object java.lang.invoke.DirectMethodHandle$Holder.invokeSpecialIFC(java.lang.Object, java.lang.Object, java.lang.Object)'> (0x000000008d29cbc8) thrown at [./src/hotspot/share/interpreter/linkResolver.cpp, line 773]

Events (20 events):
Event: 9.884 loading class com/google/common/collect/ImmutableList$Builder done
Event: 9.884 loading class org/gradle/api/internal/artifacts/transform/TransformationResult$Builder$TransformationOutput done
Event: 9.884 loading class com/google/common/collect/ImmutableList$Builder
Event: 9.884 loading class com/google/common/collect/ImmutableList$Builder done
Event: 9.884 loading class com/google/common/collect/ImmutableList$Builder
Event: 9.884 loading class com/google/common/collect/ImmutableList$Builder done
Event: 9.884 loading class com/google/common/collect/ImmutableList$Builder
Event: 9.884 loading class com/google/common/collect/ImmutableList$Builder done
Event: 9.884 loading class com/google/common/collect/ImmutableList$Builder
Event: 9.884 loading class com/google/common/collect/ImmutableList$Builder done
Event: 9.884 loading class org/gradle/internal/Try
Event: 9.884 loading class org/gradle/internal/Try done
Event: 9.884 loading class org/gradle/internal/Try
Event: 9.884 loading class org/gradle/internal/Try done
Event: 9.898 loading class org/gradle/internal/snapshot/VfsRelativePath
Event: 9.898 loading class org/gradle/internal/snapshot/VfsRelativePath done
Event: 9.898 loading class org/gradle/internal/snapshot/MetadataSnapshot
Event: 9.898 loading class org/gradle/internal/snapshot/MetadataSnapshot done
Event: 9.898 loading class org/gradle/internal/snapshot/VfsRelativePath
Event: 9.898 loading class org/gradle/internal/snapshot/VfsRelativePath done


Dynamic libraries:
0x00007ff6b33d0000 - 0x00007ff6b33da000 	C:\Program Files\Android\Android Studio\jre\bin\java.exe
0x00007fff6ec70000 - 0x00007fff6ee68000 	C:\Windows\SYSTEM32\ntdll.dll
0x00007fff6df10000 - 0x00007fff6dfcd000 	C:\Windows\System32\KERNEL32.DLL
0x00007fff6c990000 - 0x00007fff6cc5e000 	C:\Windows\System32\KERNELBASE.dll
0x00007fff6c6d0000 - 0x00007fff6c7d0000 	C:\Windows\System32\ucrtbase.dll
0x00007fff4b400000 - 0x00007fff4b419000 	C:\Program Files\Android\Android Studio\jre\bin\jli.dll
0x00007fff06cb0000 - 0x00007fff06cc7000 	C:\Program Files\Android\Android Studio\jre\bin\VCRUNTIME140.dll
0x00007fff6d570000 - 0x00007fff6d710000 	C:\Windows\System32\USER32.dll
0x00007fff6c6a0000 - 0x00007fff6c6c2000 	C:\Windows\System32\win32u.dll
0x00007fff6b7a0000 - 0x00007fff6ba3a000 	C:\Windows\WinSxS\amd64_microsoft.windows.common-controls_6595b64144ccf1df_6.0.19041.1110_none_60b5254171f9507e\COMCTL32.dll
0x00007fff6e7e0000 - 0x00007fff6e80a000 	C:\Windows\System32\GDI32.dll
0x00007fff6c880000 - 0x00007fff6c98b000 	C:\Windows\System32\gdi32full.dll
0x00007fff6d840000 - 0x00007fff6d8de000 	C:\Windows\System32\msvcrt.dll
0x00007fff6c3c0000 - 0x00007fff6c45d000 	C:\Windows\System32\msvcp_win.dll
0x00007fff6e9c0000 - 0x00007fff6e9f0000 	C:\Windows\System32\IMM32.DLL
0x00007fff06920000 - 0x00007fff069bd000 	C:\Program Files\Android\Android Studio\jre\bin\msvcp140.dll
0x00007fff06cd0000 - 0x00007fff077d2000 	C:\Program Files\Android\Android Studio\jre\bin\server\jvm.dll
0x00007fff6de60000 - 0x00007fff6df0e000 	C:\Windows\System32\ADVAPI32.dll
0x00007fff6dc40000 - 0x00007fff6dcdc000 	C:\Windows\System32\sechost.dll
0x00007fff6eaa0000 - 0x00007fff6ebc5000 	C:\Windows\System32\RPCRT4.dll
0x00007fff6d830000 - 0x00007fff6d838000 	C:\Windows\System32\PSAPI.DLL
0x00007fff69530000 - 0x00007fff6953a000 	C:\Windows\SYSTEM32\VERSION.dll
0x00007fff59470000 - 0x00007fff59497000 	C:\Windows\SYSTEM32\WINMM.dll
0x00007fff49d00000 - 0x00007fff49d09000 	C:\Windows\SYSTEM32\WSOCK32.dll
0x00007fff6d500000 - 0x00007fff6d56b000 	C:\Windows\System32\WS2_32.dll
0x00007fff69510000 - 0x00007fff69522000 	C:\Windows\SYSTEM32\kernel.appcore.dll
0x00007fff06c90000 - 0x00007fff06ca1000 	C:\Program Files\Android\Android Studio\jre\bin\verify.dll
0x00007fff6bc20000 - 0x00007fff6be04000 	C:\Windows\SYSTEM32\DBGHELP.DLL
0x00007fff6bb70000 - 0x00007fff6bb9c000 	C:\Windows\SYSTEM32\dbgcore.DLL
0x00007fff6c610000 - 0x00007fff6c692000 	C:\Windows\System32\bcryptPrimitives.dll
0x00007fff06c60000 - 0x00007fff06c89000 	C:\Program Files\Android\Android Studio\jre\bin\java.dll
0x00007fff06c50000 - 0x00007fff06c5b000 	C:\Program Files\Android\Android Studio\jre\bin\jimage.dll
0x00007fff06c30000 - 0x00007fff06c48000 	C:\Program Files\Android\Android Studio\jre\bin\zip.dll
0x00007fff6cdb0000 - 0x00007fff6d4f3000 	C:\Windows\System32\SHELL32.dll
0x00007fff69e50000 - 0x00007fff6a5e5000 	C:\Windows\SYSTEM32\windows.storage.dll
0x00007fff6d8e0000 - 0x00007fff6dc34000 	C:\Windows\System32\combase.dll
0x00007fff6b700000 - 0x00007fff6b730000 	C:\Windows\SYSTEM32\Wldp.dll
0x00007fff6e730000 - 0x00007fff6e7dd000 	C:\Windows\System32\SHCORE.dll
0x00007fff6d7c0000 - 0x00007fff6d815000 	C:\Windows\System32\shlwapi.dll
0x00007fff6c2d0000 - 0x00007fff6c2ef000 	C:\Windows\SYSTEM32\profapi.dll
0x00007fff06c10000 - 0x00007fff06c2a000 	C:\Program Files\Android\Android Studio\jre\bin\net.dll
0x00007fff64f70000 - 0x00007fff6507a000 	C:\Windows\SYSTEM32\WINHTTP.dll
0x00007fff6b460000 - 0x00007fff6b4ca000 	C:\Windows\system32\mswsock.dll
0x00007fff06bf0000 - 0x00007fff06c04000 	C:\Program Files\Android\Android Studio\jre\bin\nio.dll
0x00007fff52a00000 - 0x00007fff52a27000 	C:\Users\filip\.gradle\native\e1d6ef7f7dcc3fd88c89a11ec53ec762bb8ba0a96d01ffa2cd45eb1d1d8dd5c5\windows-amd64\native-platform.dll
0x00007fff0fdd0000 - 0x00007fff0ff14000 	C:\Users\filip\.gradle\native\0d407fdbe67a94daf76414ababcb853783967236a71b16ec16e742cd7a986fd3\windows-amd64\native-platform-file-events.dll
0x00007fff06be0000 - 0x00007fff06bea000 	C:\Program Files\Android\Android Studio\jre\bin\management.dll
0x00007fff06bd0000 - 0x00007fff06bdd000 	C:\Program Files\Android\Android Studio\jre\bin\management_ext.dll
0x00007fff6c120000 - 0x00007fff6c138000 	C:\Windows\SYSTEM32\CRYPTSP.dll
0x00007fff6ae00000 - 0x00007fff6ae34000 	C:\Windows\system32\rsaenh.dll
0x00007fff6c390000 - 0x00007fff6c3b7000 	C:\Windows\System32\bcrypt.dll
0x00007fff6c250000 - 0x00007fff6c27e000 	C:\Windows\SYSTEM32\USERENV.dll
0x00007fff6b6f0000 - 0x00007fff6b6fc000 	C:\Windows\SYSTEM32\CRYPTBASE.dll
0x00007fff6b150000 - 0x00007fff6b18b000 	C:\Windows\SYSTEM32\IPHLPAPI.DLL
0x00007fff6d820000 - 0x00007fff6d828000 	C:\Windows\System32\NSI.dll
0x00007fff65920000 - 0x00007fff65937000 	C:\Windows\SYSTEM32\dhcpcsvc6.DLL
0x00007fff65900000 - 0x00007fff6591d000 	C:\Windows\SYSTEM32\dhcpcsvc.DLL
0x00007fff6b190000 - 0x00007fff6b25a000 	C:\Windows\SYSTEM32\DNSAPI.dll

dbghelp: loaded successfully - version: 4.0.5 - missing functions: none
symbol engine: initialized successfully - sym options: 0x614 - pdb path: .;C:\Program Files\Android\Android Studio\jre\bin;C:\Windows\SYSTEM32;C:\Windows\WinSxS\amd64_microsoft.windows.common-controls_6595b64144ccf1df_6.0.19041.1110_none_60b5254171f9507e;C:\Program Files\Android\Android Studio\jre\bin\server;C:\Users\filip\.gradle\native\e1d6ef7f7dcc3fd88c89a11ec53ec762bb8ba0a96d01ffa2cd45eb1d1d8dd5c5\windows-amd64;C:\Users\filip\.gradle\native\0d407fdbe67a94daf76414ababcb853783967236a71b16ec16e742cd7a986fd3\windows-amd64

VM Arguments:
jvm_args: --add-opens=java.base/java.util=ALL-UNNAMED --add-opens=java.base/java.lang=ALL-UNNAMED --add-opens=java.base/java.lang.invoke=ALL-UNNAMED --add-opens=java.base/java.util=ALL-UNNAMED --add-opens=java.prefs/java.util.prefs=ALL-UNNAMED --add-opens=java.prefs/java.util.prefs=ALL-UNNAMED --add-opens=java.base/java.nio.charset=ALL-UNNAMED --add-opens=java.base/java.net=ALL-UNNAMED --add-opens=java.base/java.util.concurrent.atomic=ALL-UNNAMED -Xmx2048m -Dfile.encoding=UTF-8 -Duser.country=SE -Duser.language=sv -Duser.variant 
java_command: org.gradle.launcher.daemon.bootstrap.GradleDaemon 7.4
java_class_path (initial): C:\Users\filip\.gradle\wrapper\dists\gradle-7.4-bin\c0gwcg53nkjbqw7r0h0umtfvt\gradle-7.4\lib\gradle-launcher-7.4.jar
Launcher Type: SUN_STANDARD

[Global flags]
     intx CICompilerCount                          = 4                                         {product} {ergonomic}
     uint ConcGCThreads                            = 2                                         {product} {ergonomic}
     uint G1ConcRefinementThreads                  = 8                                         {product} {ergonomic}
   size_t G1HeapRegionSize                         = 1048576                                   {product} {ergonomic}
    uintx GCDrainStackTargetSize                   = 64                                        {product} {ergonomic}
   size_t InitialHeapSize                          = 268435456                                 {product} {ergonomic}
   size_t MarkStackSize                            = 4194304                                   {product} {ergonomic}
   size_t MaxHeapSize                              = 2147483648                                {product} {command line}
   size_t MaxNewSize                               = 1287651328                                {product} {ergonomic}
   size_t MinHeapDeltaBytes                        = 1048576                                   {product} {ergonomic}
    uintx NonNMethodCodeHeapSize                   = 5836300                                {pd product} {ergonomic}
    uintx NonProfiledCodeHeapSize                  = 122910970                              {pd product} {ergonomic}
    uintx ProfiledCodeHeapSize                     = 122910970                              {pd product} {ergonomic}
    uintx ReservedCodeCacheSize                    = 251658240                              {pd product} {ergonomic}
     bool SegmentedCodeCache                       = true                                      {product} {ergonomic}
     bool UseCompressedClassPointers               = true                                 {lp64_product} {ergonomic}
     bool UseCompressedOops                        = true                                 {lp64_product} {ergonomic}
     bool UseG1GC                                  = true                                      {product} {ergonomic}
     bool UseLargePagesIndividualAllocation        = false                                  {pd product} {ergonomic}

Logging:
Log output configuration:
 #0: stdout all=warning uptime,level,tags
 #1: stderr all=off uptime,level,tags

Environment Variables:
PATH=C:\Windows\system32;C:\Windows;C:\Windows\System32\Wbem;C:\Windows\System32\WindowsPowerShell\v1.0\;C:\Windows\System32\OpenSSH\;C:\Program Files\Git\cmd;C:\Users\filip\AppData\Local\Microsoft\WindowsApps;;C:\Users\filip\AppData\Local\Programs\Microsoft VS Code\bin
USERNAME=filip
OS=Windows_NT
PROCESSOR_IDENTIFIER=Intel64 Family 6 Model 58 Stepping 9, GenuineIntel



---------------  S Y S T E M  ---------------

OS: Windows 10 , 64 bit Build 19041 (10.0.19041.1889)
OS uptime: 0 days 0:10 hours

CPU:total 8 (initial active 8) (4 cores per cpu, 2 threads per core) family 6 model 58 stepping 9 microcode 0x21, cmov, cx8, fxsr, mmx, sse, sse2, sse3, ssse3, sse4.1, sse4.2, popcnt, avx, aes, clmul, erms, ht, tsc, tscinvbit, tscinv

Memory: 4k page, system-wide physical 16333M (9798M free)
TotalPageFile size 18765M (AvailPageFile size 11600M)
current process WorkingSet (physical memory assigned to process): 533M, peak: 538M
current process commit charge ("private bytes"): 576M, peak: 581M

vm_info: OpenJDK 64-Bit Server VM (11.0.13+0-b1751.21-8125866) for windows-amd64 JRE (11.0.13+0-b1751.21-8125866), built on Feb  2 2022 03:00:22 by "builder" with MS VC++ 14.0 (VS2015)

END.
