#
# A fatal error has been detected by the Java Runtime Environment:
#
#  EXCEPTION_ACCESS_VIOLATION (0xc0000005) at pc=0x00007ffdf58ee0c0, pid=1536, tid=8200
#
# JRE version: OpenJDK Runtime Environment (11.0.13) (build 11.0.13+0-b1751.21-8125866)
# Java VM: OpenJDK 64-Bit Server VM (11.0.13+0-b1751.21-8125866, mixed mode, tiered, compressed oops, g1 gc, windows-amd64)
# Problematic frame:
# V  [jvm.dll+0x18e0c0]
#
# No core dump will be written. Minidumps are not enabled by default on client versions of Windows
#
# If you would like to submit a bug report, please visit:
#   https://bugreport.java.com/bugreport/crash.jsp
#

---------------  S U M M A R Y ------------

Command Line: --add-opens=java.base/java.util=ALL-UNNAMED --add-opens=java.base/java.lang=ALL-UNNAMED --add-opens=java.base/java.lang.invoke=ALL-UNNAMED --add-opens=java.base/java.util=ALL-UNNAMED --add-opens=java.prefs/java.util.prefs=ALL-UNNAMED --add-opens=java.prefs/java.util.prefs=ALL-UNNAMED --add-opens=java.base/java.nio.charset=ALL-UNNAMED --add-opens=java.base/java.net=ALL-UNNAMED --add-opens=java.base/java.util.concurrent.atomic=ALL-UNNAMED -Xmx2048m -Dfile.encoding=UTF-8 -Duser.country=SE -Duser.language=sv -Duser.variant org.gradle.launcher.daemon.bootstrap.GradleDaemon 7.4

Host: Intel(R) Core(TM) i7-3770K CPU @ 3.50GHz, 8 cores, 15G,  Windows 10 , 64 bit Build 19041 (10.0.19041.1889)
Time: Thu Oct  6 12:56:15 2022 Västeuropa, sommartid elapsed time: 4.699728 seconds (0d 0h 0m 4s)

---------------  T H R E A D  ---------------

Current thread (0x000001eafbea7800):  JavaThread "C2 CompilerThread2" daemon [_thread_in_native, id=8200, stack(0x000000cb20b00000,0x000000cb20c00000)]


Current CompileTask:
C2:   4699 4673   !   4       java.util.concurrent.ConcurrentHashMap::putVal (432 bytes)

Stack: [0x000000cb20b00000,0x000000cb20c00000],  sp=0x000000cb20bfba28,  free space=1006k
Native frames: (J=compiled Java code, j=interpreted, Vv=VM code, C=native code)
V  [jvm.dll+0x18e0c0]


siginfo: EXCEPTION_ACCESS_VIOLATION (0xc0000005), reading address 0x0000000020bfba88


Register to memory mapping:

RIP=0x00007ffdf58ee0c0 jvm.dll
RAX=0x00007ffdf5f83698 jvm.dll
RBX=0x0000000000000019 is an unknown value
RCX=0x0000000020bfba30 is an unknown value
RDX=0x0000000000000031 is an unknown value
RSP=0x000000cb20bfba28 is pointing into the stack for thread: 0x000001eafbea7800
RBP=0x000000cb20bfbaa9 is pointing into the stack for thread: 0x000001eafbea7800
RSI=0x0 is NULL
RDI=0x000000cb20bfd1a0 is pointing into the stack for thread: 0x000001eafbea7800
R8 =0x0000000001000000 is an unknown value
R9 =0x0 is NULL
R10=0x0 is NULL
R11=0x000001ea8256ee60 points into unknown readable memory: 0x00007ffdf5f70a28 | 28 0a f7 f5 fd 7f 00 00
R12=0x000001ea81884330 points into unknown readable memory: 0x00007ffdf5f83698 | 98 36 f8 f5 fd 7f 00 00
R13=0x0000000000000001 is an unknown value
R14=0x000001ea818845a0 points into unknown readable memory: 0x000001ea81884650 | 50 46 88 81 ea 01 00 00
R15=0x0000000000000001 is an unknown value


Registers:
RAX=0x00007ffdf5f83698, RBX=0x0000000000000019, RCX=0x0000000020bfba30, RDX=0x0000000000000031
RSP=0x000000cb20bfba28, RBP=0x000000cb20bfbaa9, RSI=0x0000000000000000, RDI=0x000000cb20bfd1a0
R8 =0x0000000001000000, R9 =0x0000000000000000, R10=0x0000000000000000, R11=0x000001ea8256ee60
R12=0x000001ea81884330, R13=0x0000000000000001, R14=0x000001ea818845a0, R15=0x0000000000000001
RIP=0x00007ffdf58ee0c0, EFLAGS=0x0000000000010246

Top of Stack: (sp=0x000000cb20bfba28)
0x000000cb20bfba28:   00007ffdf5d9bd9d 0000000000000019
0x000000cb20bfba38:   000000cb20bfbaa9 0000000000000000
0x000000cb20bfba48:   000001ea8256f818 000001eafc0667b0
0x000000cb20bfba58:   00007ffd00000400 000001ea8269f610
0x000000cb20bfba68:   00007ffd0000001a 00007ffdf5ff8fa8
0x000000cb20bfba78:   000001eafc0667b0 0000000000000100
0x000000cb20bfba88:   000001ea8269f210 000001ea00000007
0x000000cb20bfba98:   00007ffdf5e752a7 000001ea81881c30
0x000000cb20bfbaa8:   000001eae002b1c0 000001eafb8ad5c0
0x000000cb20bfbab8:   000001ea81886598 000000cb20bfe8c0
0x000000cb20bfbac8:   00007ffdf5f976c8 000001eafba8c518
0x000000cb20bfbad8:   000001eafc0667b0 00007ffdf5f97690
0x000000cb20bfbae8:   0000000000000000 000000cb20bfe8c0
0x000000cb20bfbaf8:   000000cb20bfd1a0 000000cb20bfbc40
0x000000cb20bfbb08:   00007ffdf5d9a660 000000cb20bfd100
0x000000cb20bfbb18:   000001ea0000002c 000001eafb8ad588 

Instructions: (pc=0x00007ffdf58ee0c0)
0x00007ffdf58edfc0:   01 ff 90 c8 00 00 00 84 c0 74 1e ba 7e 00 00 00
0x00007ffdf58edfd0:   48 8b cb e8 58 0e 46 00 84 c0 75 0d 48 8b 43 08
0x00007ffdf58edfe0:   48 8b 00 48 83 c4 20 5b c3 48 8b c3 48 83 c4 20
0x00007ffdf58edff0:   5b c3 cc cc cc cc cc cc cc cc cc cc cc cc cc cc
0x00007ffdf58ee000:   48 8b 41 08 48 8b 52 50 4c 8b 00 48 8b 05 0e de
0x00007ffdf58ee010:   8c 00 45 8b 48 28 4a 39 04 ca 74 08 48 8b 41 58
0x00007ffdf58ee020:   48 8b 40 20 c3 cc cc cc cc cc cc cc cc cc cc cc
0x00007ffdf58ee030:   48 8b 41 08 48 8b 52 50 48 8b 08 48 8b 05 a6 dd
0x00007ffdf58ee040:   8c 00 44 8b 41 28 48 8b 0d d3 dd 8c 00 4a 39 0c
0x00007ffdf58ee050:   c2 48 0f 44 c1 c3 cc cc cc cc cc cc cc cc cc cc
0x00007ffdf58ee060:   48 8b 41 08 48 8b 52 50 4c 8b 0d b1 dd 8c 00 4c
0x00007ffdf58ee070:   8b 10 45 8b 42 28 4e 39 0c c2 75 04 49 8b c1 c3
0x00007ffdf58ee080:   48 8b 05 69 dd 8c 00 4c 3b d1 49 0f 44 c1 c3 cc
0x00007ffdf58ee090:   48 85 c9 74 22 66 66 66 0f 1f 84 00 00 00 00 00
0x00007ffdf58ee0a0:   01 51 0c 01 51 10 01 51 14 01 51 18 01 51 1c 48
0x00007ffdf58ee0b0:   8b 09 48 85 c9 75 e9 c3 cc cc cc cc cc cc cc cc
0x00007ffdf58ee0c0:   48 8b 41 58 48 8b 40 20 c3 cc cc cc cc cc cc cc
0x00007ffdf58ee0d0:   41 8b c1 4d 8b d0 48 8b ca 44 8b c0 49 8b d2 41
0x00007ffdf58ee0e0:   b1 01 e9 19 e0 e7 ff cc cc cc cc cc cc cc cc cc
0x00007ffdf58ee0f0:   49 8b c0 48 8b ca 48 8b d0 45 8b c1 e9 bf df e7
0x00007ffdf58ee100:   ff cc cc cc cc cc cc cc cc cc cc cc cc cc cc cc
0x00007ffdf58ee110:   41 8b c1 4d 8b d0 48 8b ca 44 8b c0 49 8b d2 45
0x00007ffdf58ee120:   33 c9 e9 d9 df e7 ff cc cc cc cc cc cc cc cc cc
0x00007ffdf58ee130:   48 89 74 24 10 57 48 83 ec 20 48 8b f2 48 8b f9
0x00007ffdf58ee140:   48 8b d1 48 8b ce e8 c5 67 12 00 48 85 c0 75 29
0x00007ffdf58ee150:   48 8b cf 48 89 5c 24 30 e8 f3 fa 45 00 41 b1 01
0x00007ffdf58ee160:   4c 8b c0 48 8b d7 48 8b ce 48 8b d8 e8 ef 68 12
0x00007ffdf58ee170:   00 48 8b c3 48 8b 5c 24 30 48 8b 74 24 38 48 83
0x00007ffdf58ee180:   c4 20 5f c3 cc cc cc cc cc cc cc cc cc cc cc cc
0x00007ffdf58ee190:   48 89 5c 24 18 48 89 6c 24 20 56 48 83 ec 20 48
0x00007ffdf58ee1a0:   8b da e8 39 02 00 00 48 8b e8 48 8b f0 48 83 38
0x00007ffdf58ee1b0:   00 0f 84 a6 01 00 00 48 89 7c 24 30 48 81 c3 20 


Stack slot to memory mapping:
stack at sp + 0 slots: 0x00007ffdf5d9bd9d jvm.dll
stack at sp + 1 slots: 0x0000000000000019 is an unknown value
stack at sp + 2 slots: 0x000000cb20bfbaa9 is pointing into the stack for thread: 0x000001eafbea7800
stack at sp + 3 slots: 0x0 is NULL
stack at sp + 4 slots: 0x000001ea8256f818 points into unknown readable memory: 0x00007ffdf5f83698 | 98 36 f8 f5 fd 7f 00 00
stack at sp + 5 slots: 0x000001eafc0667b0 points into unknown readable memory: 0x76616a4c00000006 | 06 00 00 00 4c 6a 61 76
stack at sp + 6 slots: 0x00007ffd00000400 is an unknown value
stack at sp + 7 slots: 0x000001ea8269f610 points into unknown readable memory: 0x000001ea8256c030 | 30 c0 56 82 ea 01 00 00


---------------  P R O C E S S  ---------------

Threads class SMR info:
_java_thread_list=0x000001eaff006a70, length=118, elements={
0x000001eae002d000, 0x000001eafb540800, 0x000001eafb543800, 0x000001eafb5a8800,
0x000001eafb5ab800, 0x000001eafb5ac800, 0x000001eafb5b5800, 0x000001eafb5bc000,
0x000001eafb5ca000, 0x000001eafb71a800, 0x000001eafb90e800, 0x000001eafbea7800,
0x000001eafe25b800, 0x000001eafd526800, 0x000001eafcb9a000, 0x000001eafdfb8000,
0x000001eafd808000, 0x000001eafdecf000, 0x000001eafcb54000, 0x000001eafe723000,
0x000001eafe3cd800, 0x000001eafd860000, 0x000001eafd7ba800, 0x000001eafd7bd000,
0x000001eafd7bf800, 0x000001eafd7be000, 0x000001eafd7c0800, 0x000001eafd7c1000,
0x000001eafd7bb800, 0x000001eafd7bc000, 0x000001eafd7be800, 0x000001ea80ee4000,
0x000001ea80ee7800, 0x000001ea80ee3800, 0x000001ea80ee5800, 0x000001ea80eee000,
0x000001ea80eec800, 0x000001ea80ee8000, 0x000001ea80eee800, 0x000001ea80ef0800,
0x000001ea80eef800, 0x000001ea80ef1000, 0x000001ea80ef2000, 0x000001ea80eed000,
0x000001ea80e15000, 0x000001ea80e16000, 0x000001ea80e12000, 0x000001ea80e17800,
0x000001ea80e14800, 0x000001ea80e16800, 0x000001ea80e18800, 0x000001ea80e12800,
0x000001ea80e19000, 0x000001ea80e13800, 0x000001ea80e1e000, 0x000001ea80e1b800,
0x000001ea80e1f800, 0x000001ea80e1b000, 0x000001ea80e1a000, 0x000001ea80e1c800,
0x000001ea80e1d800, 0x000001ea80e20800, 0x000001ea80e1f000, 0x000001eafe263000,
0x000001eafe25e000, 0x000001eafe262000, 0x000001eafe260800, 0x000001eafe264000,
0x000001eafe264800, 0x000001eafe261800, 0x000001eafe25f000, 0x000001eafe265800,
0x000001eafe260000, 0x000001eafe26a800, 0x000001eafe268000, 0x000001eafe26b000,
0x000001eafe269800, 0x000001eafe267000, 0x000001eafe269000, 0x000001eafe26c000,
0x000001eafe266800, 0x000001eafe26d000, 0x000001eaff1bb000, 0x000001eaff1bd800,
0x000001eaff1b9000, 0x000001eaff1bb800, 0x000001eaff1be000, 0x000001eaff1bf000,
0x000001eaff1bc800, 0x000001eaff1bf800, 0x000001eaff1ba000, 0x000001eaff1c6000,
0x000001eaff1c4800, 0x000001eaff1c2000, 0x000001eaff1c5800, 0x000001eaff1c0800,
0x000001eaff1c3000, 0x000001eaff1c7000, 0x000001eaff1c1800, 0x000001eaff1c8000,
0x000001eaff1c4000, 0x000001eaff0ff800, 0x000001eaff103800, 0x000001eaff100000,
0x000001eaff104000, 0x000001eaff101800, 0x000001eaff105000, 0x000001eaff102800,
0x000001eaff106000, 0x000001eaff106800, 0x000001eaff101000, 0x000001eaff10c800,
0x000001eaff108800, 0x000001eaff10a800, 0x000001eaff10b800, 0x000001eaff10d000,
0x000001eaff107800, 0x000001eaff10e000
}

Java Threads: ( => current thread )
  0x000001eae002d000 JavaThread "main" [_thread_blocked, id=11052, stack(0x000000cb1f900000,0x000000cb1fa00000)]
  0x000001eafb540800 JavaThread "Reference Handler" daemon [_thread_blocked, id=4104, stack(0x000000cb20000000,0x000000cb20100000)]
  0x000001eafb543800 JavaThread "Finalizer" daemon [_thread_blocked, id=1000, stack(0x000000cb20100000,0x000000cb20200000)]
  0x000001eafb5a8800 JavaThread "Signal Dispatcher" daemon [_thread_blocked, id=1312, stack(0x000000cb20200000,0x000000cb20300000)]
  0x000001eafb5ab800 JavaThread "Attach Listener" daemon [_thread_blocked, id=11376, stack(0x000000cb20300000,0x000000cb20400000)]
  0x000001eafb5ac800 JavaThread "Service Thread" daemon [_thread_blocked, id=5296, stack(0x000000cb20400000,0x000000cb20500000)]
  0x000001eafb5b5800 JavaThread "C2 CompilerThread0" daemon [_thread_in_native, id=11068, stack(0x000000cb20500000,0x000000cb20600000)]
  0x000001eafb5bc000 JavaThread "C1 CompilerThread0" daemon [_thread_in_native, id=564, stack(0x000000cb20600000,0x000000cb20700000)]
  0x000001eafb5ca000 JavaThread "Sweeper thread" daemon [_thread_blocked, id=12060, stack(0x000000cb20700000,0x000000cb20800000)]
  0x000001eafb71a800 JavaThread "Common-Cleaner" daemon [_thread_blocked, id=11224, stack(0x000000cb20800000,0x000000cb20900000)]
  0x000001eafb90e800 JavaThread "C2 CompilerThread1" daemon [_thread_in_native, id=2028, stack(0x000000cb20a00000,0x000000cb20b00000)]
=>0x000001eafbea7800 JavaThread "C2 CompilerThread2" daemon [_thread_in_native, id=8200, stack(0x000000cb20b00000,0x000000cb20c00000)]
  0x000001eafe25b800 JavaThread "Daemon health stats" [_thread_blocked, id=12140, stack(0x000000cb21100000,0x000000cb21200000)]
  0x000001eafd526800 JavaThread "Incoming local TCP Connector on port 57157" [_thread_in_native, id=5860, stack(0x000000cb21200000,0x000000cb21300000)]
  0x000001eafcb9a000 JavaThread "Daemon periodic checks" [_thread_blocked, id=6828, stack(0x000000cb21300000,0x000000cb21400000)]
  0x000001eafdfb8000 JavaThread "Daemon" [_thread_blocked, id=12512, stack(0x000000cb21400000,0x000000cb21500000)]
  0x000001eafd808000 JavaThread "Handler for socket connection from /127.0.0.1:57157 to /127.0.0.1:57158" [_thread_in_native, id=4644, stack(0x000000cb21500000,0x000000cb21600000)]
  0x000001eafdecf000 JavaThread "Cancel handler" [_thread_blocked, id=11532, stack(0x000000cb21600000,0x000000cb21700000)]
  0x000001eafcb54000 JavaThread "Daemon worker" [_thread_in_native, id=3904, stack(0x000000cb21700000,0x000000cb21800000)]
  0x000001eafe723000 JavaThread "Asynchronous log dispatcher for DefaultDaemonConnection: socket connection from /127.0.0.1:57157 to /127.0.0.1:57158" [_thread_blocked, id=11468, stack(0x000000cb21800000,0x000000cb21900000)]
  0x000001eafe3cd800 JavaThread "Stdin handler" [_thread_blocked, id=13316, stack(0x000000cb21900000,0x000000cb21a00000)]
  0x000001eafd860000 JavaThread "Daemon client event forwarder" [_thread_blocked, id=4752, stack(0x000000cb21a00000,0x000000cb21b00000)]
  0x000001eafd7ba800 JavaThread "Cache worker for journal cache (C:\Users\filip\.gradle\caches\journal-1)" [_thread_blocked, id=1224, stack(0x000000cb21b00000,0x000000cb21c00000)]
  0x000001eafd7bd000 JavaThread "File lock request listener" [_thread_in_native, id=4216, stack(0x000000cb21c00000,0x000000cb21d00000)]
  0x000001eafd7bf800 JavaThread "Cache worker for file hash cache (C:\Users\filip\.gradle\caches\7.4\fileHashes)" [_thread_blocked, id=13392, stack(0x000000cb21d00000,0x000000cb21e00000)]
  0x000001eafd7be000 JavaThread "File watcher server" daemon [_thread_in_native, id=10844, stack(0x000000cb22100000,0x000000cb22200000)]
  0x000001eafd7c0800 JavaThread "File watcher consumer" daemon [_thread_blocked, id=12184, stack(0x000000cb22200000,0x000000cb22300000)]
  0x000001eafd7c1000 JavaThread "Cache worker for checksums cache (C:\Users\filip\StudioProjects\Foodcompare\.gradle\7.4\checksums)" [_thread_blocked, id=2144, stack(0x000000cb22300000,0x000000cb22400000)]
  0x000001eafd7bb800 JavaThread "Cache worker for cache directory md-rule (C:\Users\filip\.gradle\caches\7.4\md-rule)" [_thread_blocked, id=13368, stack(0x000000cb22400000,0x000000cb22500000)]
  0x000001eafd7bc000 JavaThread "Cache worker for file hash cache (C:\Users\filip\StudioProjects\Foodcompare\.gradle\7.4\fileHashes)" [_thread_blocked, id=9264, stack(0x000000cb22500000,0x000000cb22600000)]
  0x000001eafd7be800 JavaThread "Cache worker for cache directory md-supplier (C:\Users\filip\.gradle\caches\7.4\md-supplier)" [_thread_blocked, id=2724, stack(0x000000cb22600000,0x000000cb22700000)]
  0x000001ea80ee4000 JavaThread "Cache worker for execution history cache (C:\Users\filip\.gradle\caches\7.4\executionHistory)" [_thread_blocked, id=13612, stack(0x000000cb22700000,0x000000cb22800000)]
  0x000001ea80ee7800 JavaThread "jar transforms" [_thread_blocked, id=9484, stack(0x000000cb22800000,0x000000cb22900000)]
  0x000001ea80ee3800 JavaThread "Cache worker for file content cache (C:\Users\filip\.gradle\caches\7.4\fileContent)" [_thread_blocked, id=13416, stack(0x000000cb22900000,0x000000cb22a00000)]
  0x000001ea80ee5800 JavaThread "jar transforms Thread 2" [_thread_blocked, id=11272, stack(0x000000cb22a00000,0x000000cb22b00000)]
  0x000001ea80eee000 JavaThread "Cache worker for dependencies-accessors (C:\Users\filip\StudioProjects\Foodcompare\.gradle\7.4\dependencies-accessors)" [_thread_blocked, id=13556, stack(0x000000cb22b00000,0x000000cb22c00000)]
  0x000001ea80eec800 JavaThread "jar transforms Thread 3" [_thread_blocked, id=12564, stack(0x000000cb22c00000,0x000000cb22d00000)]
  0x000001ea80ee8000 JavaThread "Cache worker for Build Output Cleanup Cache (C:\Users\filip\StudioProjects\Foodcompare\.gradle\buildOutputCleanup)" [_thread_blocked, id=1604, stack(0x000000cb22d00000,0x000000cb22e00000)]
  0x000001ea80eee800 JavaThread "Unconstrained build operations" [_thread_blocked, id=9880, stack(0x000000cb22e00000,0x000000cb22f00000)]
  0x000001ea80ef0800 JavaThread "Unconstrained build operations Thread 2" [_thread_blocked, id=9364, stack(0x000000cb22f00000,0x000000cb23000000)]
  0x000001ea80eef800 JavaThread "Unconstrained build operations Thread 3" [_thread_blocked, id=4360, stack(0x000000cb23000000,0x000000cb23100000)]
  0x000001ea80ef1000 JavaThread "Unconstrained build operations Thread 4" [_thread_blocked, id=6232, stack(0x000000cb23100000,0x000000cb23200000)]
  0x000001ea80ef2000 JavaThread "Unconstrained build operations Thread 5" [_thread_blocked, id=628, stack(0x000000cb23200000,0x000000cb23300000)]
  0x000001ea80eed000 JavaThread "Unconstrained build operations Thread 6" [_thread_blocked, id=13428, stack(0x000000cb23300000,0x000000cb23400000)]
  0x000001ea80e15000 JavaThread "Unconstrained build operations Thread 7" [_thread_blocked, id=1116, stack(0x000000cb23400000,0x000000cb23500000)]
  0x000001ea80e16000 JavaThread "Unconstrained build operations Thread 8" [_thread_blocked, id=11416, stack(0x000000cb23500000,0x000000cb23600000)]
  0x000001ea80e12000 JavaThread "Unconstrained build operations Thread 9" [_thread_blocked, id=13260, stack(0x000000cb23600000,0x000000cb23700000)]
  0x000001ea80e17800 JavaThread "Unconstrained build operations Thread 10" [_thread_blocked, id=13792, stack(0x000000cb23700000,0x000000cb23800000)]
  0x000001ea80e14800 JavaThread "Unconstrained build operations Thread 11" [_thread_blocked, id=5340, stack(0x000000cb23800000,0x000000cb23900000)]
  0x000001ea80e16800 JavaThread "Unconstrained build operations Thread 12" [_thread_blocked, id=6528, stack(0x000000cb23900000,0x000000cb23a00000)]
  0x000001ea80e18800 JavaThread "Unconstrained build operations Thread 13" [_thread_blocked, id=13408, stack(0x000000cb23a00000,0x000000cb23b00000)]
  0x000001ea80e12800 JavaThread "Unconstrained build operations Thread 14" [_thread_blocked, id=11176, stack(0x000000cb23b00000,0x000000cb23c00000)]
  0x000001ea80e19000 JavaThread "Unconstrained build operations Thread 15" [_thread_blocked, id=6668, stack(0x000000cb23c00000,0x000000cb23d00000)]
  0x000001ea80e13800 JavaThread "Unconstrained build operations Thread 16" [_thread_blocked, id=10728, stack(0x000000cb23d00000,0x000000cb23e00000)]
  0x000001ea80e1e000 JavaThread "Unconstrained build operations Thread 17" [_thread_blocked, id=2136, stack(0x000000cb23e00000,0x000000cb23f00000)]
  0x000001ea80e1b800 JavaThread "Unconstrained build operations Thread 18" [_thread_blocked, id=12536, stack(0x000000cb23f00000,0x000000cb24000000)]
  0x000001ea80e1f800 JavaThread "Unconstrained build operations Thread 19" [_thread_blocked, id=4504, stack(0x000000cb24000000,0x000000cb24100000)]
  0x000001ea80e1b000 JavaThread "Unconstrained build operations Thread 20" [_thread_blocked, id=11392, stack(0x000000cb24100000,0x000000cb24200000)]
  0x000001ea80e1a000 JavaThread "Unconstrained build operations Thread 21" [_thread_blocked, id=3144, stack(0x000000cb24200000,0x000000cb24300000)]
  0x000001ea80e1c800 JavaThread "Unconstrained build operations Thread 22" [_thread_blocked, id=9568, stack(0x000000cb24300000,0x000000cb24400000)]
  0x000001ea80e1d800 JavaThread "Unconstrained build operations Thread 23" [_thread_blocked, id=14156, stack(0x000000cb24400000,0x000000cb24500000)]
  0x000001ea80e20800 JavaThread "Unconstrained build operations Thread 24" [_thread_blocked, id=10364, stack(0x000000cb24500000,0x000000cb24600000)]
  0x000001ea80e1f000 JavaThread "Unconstrained build operations Thread 25" [_thread_blocked, id=6092, stack(0x000000cb24600000,0x000000cb24700000)]
  0x000001eafe263000 JavaThread "Unconstrained build operations Thread 26" [_thread_blocked, id=10984, stack(0x000000cb24700000,0x000000cb24800000)]
  0x000001eafe25e000 JavaThread "Unconstrained build operations Thread 27" [_thread_blocked, id=8932, stack(0x000000cb24800000,0x000000cb24900000)]
  0x000001eafe262000 JavaThread "Unconstrained build operations Thread 28" [_thread_blocked, id=8452, stack(0x000000cb24900000,0x000000cb24a00000)]
  0x000001eafe260800 JavaThread "Unconstrained build operations Thread 29" [_thread_blocked, id=13472, stack(0x000000cb24a00000,0x000000cb24b00000)]
  0x000001eafe264000 JavaThread "Unconstrained build operations Thread 30" [_thread_blocked, id=2356, stack(0x000000cb24b00000,0x000000cb24c00000)]
  0x000001eafe264800 JavaThread "Unconstrained build operations Thread 31" [_thread_blocked, id=12160, stack(0x000000cb24c00000,0x000000cb24d00000)]
  0x000001eafe261800 JavaThread "Unconstrained build operations Thread 32" [_thread_blocked, id=6456, stack(0x000000cb24d00000,0x000000cb24e00000)]
  0x000001eafe25f000 JavaThread "Unconstrained build operations Thread 33" [_thread_blocked, id=5692, stack(0x000000cb24e00000,0x000000cb24f00000)]
  0x000001eafe265800 JavaThread "Unconstrained build operations Thread 34" [_thread_blocked, id=11928, stack(0x000000cb24f00000,0x000000cb25000000)]
  0x000001eafe260000 JavaThread "Unconstrained build operations Thread 35" [_thread_blocked, id=11044, stack(0x000000cb25000000,0x000000cb25100000)]
  0x000001eafe26a800 JavaThread "Unconstrained build operations Thread 36" [_thread_blocked, id=4856, stack(0x000000cb25100000,0x000000cb25200000)]
  0x000001eafe268000 JavaThread "Unconstrained build operations Thread 37" [_thread_blocked, id=12640, stack(0x000000cb25200000,0x000000cb25300000)]
  0x000001eafe26b000 JavaThread "Unconstrained build operations Thread 38" [_thread_blocked, id=13812, stack(0x000000cb25300000,0x000000cb25400000)]
  0x000001eafe269800 JavaThread "Unconstrained build operations Thread 39" [_thread_blocked, id=11580, stack(0x000000cb25400000,0x000000cb25500000)]
  0x000001eafe267000 JavaThread "Unconstrained build operations Thread 40" [_thread_blocked, id=11244, stack(0x000000cb25500000,0x000000cb25600000)]
  0x000001eafe269000 JavaThread "Unconstrained build operations Thread 41" [_thread_blocked, id=10952, stack(0x000000cb25600000,0x000000cb25700000)]
  0x000001eafe26c000 JavaThread "Unconstrained build operations Thread 42" [_thread_blocked, id=14012, stack(0x000000cb25700000,0x000000cb25800000)]
  0x000001eafe266800 JavaThread "Unconstrained build operations Thread 43" [_thread_blocked, id=6760, stack(0x000000cb25800000,0x000000cb25900000)]
  0x000001eafe26d000 JavaThread "Unconstrained build operations Thread 44" [_thread_blocked, id=10220, stack(0x000000cb25900000,0x000000cb25a00000)]
  0x000001eaff1bb000 JavaThread "Unconstrained build operations Thread 45" [_thread_blocked, id=1500, stack(0x000000cb25a00000,0x000000cb25b00000)]
  0x000001eaff1bd800 JavaThread "Unconstrained build operations Thread 46" [_thread_blocked, id=11620, stack(0x000000cb25b00000,0x000000cb25c00000)]
  0x000001eaff1b9000 JavaThread "Unconstrained build operations Thread 47" [_thread_blocked, id=13480, stack(0x000000cb25c00000,0x000000cb25d00000)]
  0x000001eaff1bb800 JavaThread "Unconstrained build operations Thread 48" [_thread_blocked, id=11564, stack(0x000000cb25d00000,0x000000cb25e00000)]
  0x000001eaff1be000 JavaThread "Unconstrained build operations Thread 49" [_thread_blocked, id=12524, stack(0x000000cb25e00000,0x000000cb25f00000)]
  0x000001eaff1bf000 JavaThread "Unconstrained build operations Thread 50" [_thread_blocked, id=12232, stack(0x000000cb25f00000,0x000000cb26000000)]
  0x000001eaff1bc800 JavaThread "Unconstrained build operations Thread 51" [_thread_blocked, id=1048, stack(0x000000cb26000000,0x000000cb26100000)]
  0x000001eaff1bf800 JavaThread "Unconstrained build operations Thread 52" [_thread_blocked, id=10292, stack(0x000000cb26100000,0x000000cb26200000)]
  0x000001eaff1ba000 JavaThread "Unconstrained build operations Thread 53" [_thread_blocked, id=9184, stack(0x000000cb26200000,0x000000cb26300000)]
  0x000001eaff1c6000 JavaThread "Unconstrained build operations Thread 54" [_thread_blocked, id=13328, stack(0x000000cb26300000,0x000000cb26400000)]
  0x000001eaff1c4800 JavaThread "Unconstrained build operations Thread 55" [_thread_blocked, id=7988, stack(0x000000cb26400000,0x000000cb26500000)]
  0x000001eaff1c2000 JavaThread "Unconstrained build operations Thread 56" [_thread_blocked, id=4160, stack(0x000000cb26500000,0x000000cb26600000)]
  0x000001eaff1c5800 JavaThread "Unconstrained build operations Thread 57" [_thread_blocked, id=8600, stack(0x000000cb26600000,0x000000cb26700000)]
  0x000001eaff1c0800 JavaThread "Unconstrained build operations Thread 58" [_thread_blocked, id=12132, stack(0x000000cb26700000,0x000000cb26800000)]
  0x000001eaff1c3000 JavaThread "Unconstrained build operations Thread 59" [_thread_blocked, id=13088, stack(0x000000cb26800000,0x000000cb26900000)]
  0x000001eaff1c7000 JavaThread "Unconstrained build operations Thread 60" [_thread_blocked, id=4020, stack(0x000000cb26900000,0x000000cb26a00000)]
  0x000001eaff1c1800 JavaThread "Unconstrained build operations Thread 61" [_thread_blocked, id=14124, stack(0x000000cb26a00000,0x000000cb26b00000)]
  0x000001eaff1c8000 JavaThread "Unconstrained build operations Thread 62" [_thread_blocked, id=13356, stack(0x000000cb26b00000,0x000000cb26c00000)]
  0x000001eaff1c4000 JavaThread "Unconstrained build operations Thread 63" [_thread_blocked, id=12936, stack(0x000000cb26c00000,0x000000cb26d00000)]
  0x000001eaff0ff800 JavaThread "Unconstrained build operations Thread 64" [_thread_blocked, id=11288, stack(0x000000cb26d00000,0x000000cb26e00000)]
  0x000001eaff103800 JavaThread "Unconstrained build operations Thread 65" [_thread_blocked, id=4472, stack(0x000000cb26e00000,0x000000cb26f00000)]
  0x000001eaff100000 JavaThread "Unconstrained build operations Thread 66" [_thread_blocked, id=4768, stack(0x000000cb26f00000,0x000000cb27000000)]
  0x000001eaff104000 JavaThread "Unconstrained build operations Thread 67" [_thread_blocked, id=1884, stack(0x000000cb27000000,0x000000cb27100000)]
  0x000001eaff101800 JavaThread "Unconstrained build operations Thread 68" [_thread_blocked, id=5448, stack(0x000000cb27100000,0x000000cb27200000)]
  0x000001eaff105000 JavaThread "Unconstrained build operations Thread 69" [_thread_blocked, id=2176, stack(0x000000cb27200000,0x000000cb27300000)]
  0x000001eaff102800 JavaThread "Unconstrained build operations Thread 70" [_thread_blocked, id=8556, stack(0x000000cb27300000,0x000000cb27400000)]
  0x000001eaff106000 JavaThread "Unconstrained build operations Thread 71" [_thread_blocked, id=9944, stack(0x000000cb27400000,0x000000cb27500000)]
  0x000001eaff106800 JavaThread "Unconstrained build operations Thread 72" [_thread_blocked, id=5160, stack(0x000000cb27500000,0x000000cb27600000)]
  0x000001eaff101000 JavaThread "Unconstrained build operations Thread 73" [_thread_blocked, id=12248, stack(0x000000cb27600000,0x000000cb27700000)]
  0x000001eaff10c800 JavaThread "Unconstrained build operations Thread 74" [_thread_blocked, id=10632, stack(0x000000cb27700000,0x000000cb27800000)]
  0x000001eaff108800 JavaThread "Unconstrained build operations Thread 75" [_thread_blocked, id=12892, stack(0x000000cb27800000,0x000000cb27900000)]
  0x000001eaff10a800 JavaThread "Unconstrained build operations Thread 76" [_thread_blocked, id=3684, stack(0x000000cb27900000,0x000000cb27a00000)]
  0x000001eaff10b800 JavaThread "Unconstrained build operations Thread 77" [_thread_blocked, id=7124, stack(0x000000cb27a00000,0x000000cb27b00000)]
  0x000001eaff10d000 JavaThread "Unconstrained build operations Thread 78" [_thread_blocked, id=12456, stack(0x000000cb27b00000,0x000000cb27c00000)]
  0x000001eaff107800 JavaThread "Unconstrained build operations Thread 79" [_thread_blocked, id=11344, stack(0x000000cb27c00000,0x000000cb27d00000)]
  0x000001eaff10e000 JavaThread "Unconstrained build operations Thread 80" [_thread_blocked, id=8440, stack(0x000000cb27d00000,0x000000cb27e00000)]

Other Threads:
  0x000001eafb53e000 VMThread "VM Thread" [stack: 0x000000cb1ff00000,0x000000cb20000000] [id=13544]
  0x000001eafb73b800 WatcherThread [stack: 0x000000cb20900000,0x000000cb20a00000] [id=1964]
  0x000001eae0045000 GCTaskThread "GC Thread#0" [stack: 0x000000cb1fa00000,0x000000cb1fb00000] [id=10560]
  0x000001eafc5b6000 GCTaskThread "GC Thread#1" [stack: 0x000000cb20c00000,0x000000cb20d00000] [id=7568]
  0x000001eafc069800 GCTaskThread "GC Thread#2" [stack: 0x000000cb20d00000,0x000000cb20e00000] [id=9340]
  0x000001eafc454800 GCTaskThread "GC Thread#3" [stack: 0x000000cb20e00000,0x000000cb20f00000] [id=12452]
  0x000001eafbf8d000 GCTaskThread "GC Thread#4" [stack: 0x000000cb20f00000,0x000000cb21000000] [id=12144]
  0x000001eafbd87000 GCTaskThread "GC Thread#5" [stack: 0x000000cb21000000,0x000000cb21100000] [id=8900]
  0x000001eafe19b000 GCTaskThread "GC Thread#6" [stack: 0x000000cb21e00000,0x000000cb21f00000] [id=1592]
  0x000001eafdb63800 GCTaskThread "GC Thread#7" [stack: 0x000000cb21f00000,0x000000cb22000000] [id=12952]
  0x000001eae0077000 ConcurrentGCThread "G1 Main Marker" [stack: 0x000000cb1fb00000,0x000000cb1fc00000] [id=8740]
  0x000001eae0078000 ConcurrentGCThread "G1 Conc#0" [stack: 0x000000cb1fc00000,0x000000cb1fd00000] [id=14164]
  0x000001eafdc3c800 ConcurrentGCThread "G1 Conc#1" [stack: 0x000000cb22000000,0x000000cb22100000] [id=13372]
  0x000001eafab88800 ConcurrentGCThread "G1 Refine#0" [stack: 0x000000cb1fd00000,0x000000cb1fe00000] [id=3160]
  0x000001eafab89800 ConcurrentGCThread "G1 Young RemSet Sampling" [stack: 0x000000cb1fe00000,0x000000cb1ff00000] [id=13376]

Threads with active compile tasks:
C2 CompilerThread0   4742 4662       4       java.lang.invoke.MethodType::makeImpl (108 bytes)
C1 CompilerThread0   4742 4846       3       org.gradle.internal.snapshot.VfsRelativePath::compareToFirstSegment (203 bytes)
C2 CompilerThread1   4742 4663       4       sun.invoke.util.BytecodeDescriptor::unparseSig (91 bytes)
C2 CompilerThread2   4742 4673   !   4       java.util.concurrent.ConcurrentHashMap::putVal (432 bytes)

VM state:not at safepoint (normal execution)

VM Mutex/Monitor currently owned by a thread: None

Heap address: 0x0000000080000000, size: 2048 MB, Compressed Oops mode: 32-bit
Narrow klass base: 0x0000000000000000, Narrow klass shift: 3
Compressed class space size: 1073741824 Address: 0x0000000100000000

Heap:
 garbage-first heap   total 262144K, used 89216K [0x0000000080000000, 0x0000000100000000)
  region size 1024K, 72 young (73728K), 13 survivors (13312K)
 Metaspace       used 48192K, capacity 49356K, committed 49564K, reserved 1091584K
  class space    used 6101K, capacity 6518K, committed 6604K, reserved 1048576K
Heap Regions: E=young(eden), S=young(survivor), O=old, HS=humongous(starts), HC=humongous(continues), CS=collection set, F=free, A=archive, TAMS=top-at-mark-start (previous, next)
|   0|0x0000000080000000, 0x0000000080100000, 0x0000000080100000|100%| O|  |TAMS 0x0000000080100000, 0x0000000080000000| Untracked 
|   1|0x0000000080100000, 0x0000000080200000, 0x0000000080200000|100%| O|  |TAMS 0x0000000080200000, 0x0000000080100000| Untracked 
|   2|0x0000000080200000, 0x0000000080300000, 0x0000000080300000|100%| O|  |TAMS 0x0000000080300000, 0x0000000080200000| Untracked 
|   3|0x0000000080300000, 0x0000000080400000, 0x0000000080400000|100%|HS|  |TAMS 0x0000000080400000, 0x0000000080300000| Complete 
|   4|0x0000000080400000, 0x0000000080500000, 0x0000000080500000|100%|HC|  |TAMS 0x0000000080500000, 0x0000000080400000| Complete 
|   5|0x0000000080500000, 0x0000000080600000, 0x0000000080600000|100%|HC|  |TAMS 0x0000000080600000, 0x0000000080500000| Complete 
|   6|0x0000000080600000, 0x0000000080700000, 0x0000000080700000|100%| O|  |TAMS 0x0000000080700000, 0x0000000080600000| Untracked 
|   7|0x0000000080700000, 0x0000000080800000, 0x0000000080800000|100%| O|  |TAMS 0x0000000080800000, 0x0000000080700000| Untracked 
|   8|0x0000000080800000, 0x0000000080900000, 0x0000000080900000|100%| O|  |TAMS 0x0000000080900000, 0x0000000080800000| Untracked 
|   9|0x0000000080900000, 0x0000000080a00000, 0x0000000080a00000|100%| O|  |TAMS 0x0000000080a00000, 0x0000000080900000| Untracked 
|  10|0x0000000080a00000, 0x0000000080b00000, 0x0000000080b00000|100%| O|  |TAMS 0x0000000080b00000, 0x0000000080a00000| Untracked 
|  11|0x0000000080b00000, 0x0000000080c00000, 0x0000000080c00000|100%| O|  |TAMS 0x0000000080c00000, 0x0000000080b00000| Untracked 
|  12|0x0000000080c00000, 0x0000000080d00000, 0x0000000080d00000|100%| O|  |TAMS 0x0000000080d00000, 0x0000000080c00000| Untracked 
|  13|0x0000000080d00000, 0x0000000080e00000, 0x0000000080e00000|100%| O|  |TAMS 0x0000000080e00000, 0x0000000080d00000| Untracked 
|  14|0x0000000080e00000, 0x0000000080f00000, 0x0000000080f00000|100%| O|  |TAMS 0x0000000080f00000, 0x0000000080e00000| Untracked 
|  15|0x0000000080f00000, 0x0000000081000000, 0x0000000081000000|100%| O|  |TAMS 0x0000000081000000, 0x0000000080f00000| Untracked 
|  16|0x0000000081000000, 0x000000008108ea00, 0x0000000081100000| 55%| O|  |TAMS 0x000000008108ea00, 0x0000000081000000| Untracked 
|  17|0x0000000081100000, 0x0000000081100000, 0x0000000081200000|  0%| F|  |TAMS 0x0000000081100000, 0x0000000081100000| Untracked 
|  18|0x0000000081200000, 0x0000000081200000, 0x0000000081300000|  0%| F|  |TAMS 0x0000000081200000, 0x0000000081200000| Untracked 
|  19|0x0000000081300000, 0x0000000081300000, 0x0000000081400000|  0%| F|  |TAMS 0x0000000081300000, 0x0000000081300000| Untracked 
|  20|0x0000000081400000, 0x0000000081400000, 0x0000000081500000|  0%| F|  |TAMS 0x0000000081400000, 0x0000000081400000| Untracked 
|  21|0x0000000081500000, 0x0000000081500000, 0x0000000081600000|  0%| F|  |TAMS 0x0000000081500000, 0x0000000081500000| Untracked 
|  22|0x0000000081600000, 0x0000000081600000, 0x0000000081700000|  0%| F|  |TAMS 0x0000000081600000, 0x0000000081600000| Untracked 
|  23|0x0000000081700000, 0x0000000081700000, 0x0000000081800000|  0%| F|  |TAMS 0x0000000081700000, 0x0000000081700000| Untracked 
|  24|0x0000000081800000, 0x0000000081800000, 0x0000000081900000|  0%| F|  |TAMS 0x0000000081800000, 0x0000000081800000| Untracked 
|  25|0x0000000081900000, 0x0000000081900000, 0x0000000081a00000|  0%| F|  |TAMS 0x0000000081900000, 0x0000000081900000| Untracked 
|  26|0x0000000081a00000, 0x0000000081a00000, 0x0000000081b00000|  0%| F|  |TAMS 0x0000000081a00000, 0x0000000081a00000| Untracked 
|  27|0x0000000081b00000, 0x0000000081b00000, 0x0000000081c00000|  0%| F|  |TAMS 0x0000000081b00000, 0x0000000081b00000| Untracked 
|  28|0x0000000081c00000, 0x0000000081c00000, 0x0000000081d00000|  0%| F|  |TAMS 0x0000000081c00000, 0x0000000081c00000| Untracked 
|  29|0x0000000081d00000, 0x0000000081d00000, 0x0000000081e00000|  0%| F|  |TAMS 0x0000000081d00000, 0x0000000081d00000| Untracked 
|  30|0x0000000081e00000, 0x0000000081e00000, 0x0000000081f00000|  0%| F|  |TAMS 0x0000000081e00000, 0x0000000081e00000| Untracked 
|  31|0x0000000081f00000, 0x0000000081f00000, 0x0000000082000000|  0%| F|  |TAMS 0x0000000081f00000, 0x0000000081f00000| Untracked 
|  32|0x0000000082000000, 0x0000000082000000, 0x0000000082100000|  0%| F|  |TAMS 0x0000000082000000, 0x0000000082000000| Untracked 
|  33|0x0000000082100000, 0x0000000082100000, 0x0000000082200000|  0%| F|  |TAMS 0x0000000082100000, 0x0000000082100000| Untracked 
|  34|0x0000000082200000, 0x0000000082200000, 0x0000000082300000|  0%| F|  |TAMS 0x0000000082200000, 0x0000000082200000| Untracked 
|  35|0x0000000082300000, 0x0000000082300000, 0x0000000082400000|  0%| F|  |TAMS 0x0000000082300000, 0x0000000082300000| Untracked 
|  36|0x0000000082400000, 0x0000000082400000, 0x0000000082500000|  0%| F|  |TAMS 0x0000000082400000, 0x0000000082400000| Untracked 
|  37|0x0000000082500000, 0x0000000082500000, 0x0000000082600000|  0%| F|  |TAMS 0x0000000082500000, 0x0000000082500000| Untracked 
|  38|0x0000000082600000, 0x0000000082600000, 0x0000000082700000|  0%| F|  |TAMS 0x0000000082600000, 0x0000000082600000| Untracked 
|  39|0x0000000082700000, 0x0000000082700000, 0x0000000082800000|  0%| F|  |TAMS 0x0000000082700000, 0x0000000082700000| Untracked 
|  40|0x0000000082800000, 0x0000000082800000, 0x0000000082900000|  0%| F|  |TAMS 0x0000000082800000, 0x0000000082800000| Untracked 
|  41|0x0000000082900000, 0x0000000082900000, 0x0000000082a00000|  0%| F|  |TAMS 0x0000000082900000, 0x0000000082900000| Untracked 
|  42|0x0000000082a00000, 0x0000000082a00000, 0x0000000082b00000|  0%| F|  |TAMS 0x0000000082a00000, 0x0000000082a00000| Untracked 
|  43|0x0000000082b00000, 0x0000000082b00000, 0x0000000082c00000|  0%| F|  |TAMS 0x0000000082b00000, 0x0000000082b00000| Untracked 
|  44|0x0000000082c00000, 0x0000000082c00000, 0x0000000082d00000|  0%| F|  |TAMS 0x0000000082c00000, 0x0000000082c00000| Untracked 
|  45|0x0000000082d00000, 0x0000000082d00000, 0x0000000082e00000|  0%| F|  |TAMS 0x0000000082d00000, 0x0000000082d00000| Untracked 
|  46|0x0000000082e00000, 0x0000000082e00000, 0x0000000082f00000|  0%| F|  |TAMS 0x0000000082e00000, 0x0000000082e00000| Untracked 
|  47|0x0000000082f00000, 0x0000000082f00000, 0x0000000083000000|  0%| F|  |TAMS 0x0000000082f00000, 0x0000000082f00000| Untracked 
|  48|0x0000000083000000, 0x0000000083000000, 0x0000000083100000|  0%| F|  |TAMS 0x0000000083000000, 0x0000000083000000| Untracked 
|  49|0x0000000083100000, 0x0000000083100000, 0x0000000083200000|  0%| F|  |TAMS 0x0000000083100000, 0x0000000083100000| Untracked 
|  50|0x0000000083200000, 0x0000000083200000, 0x0000000083300000|  0%| F|  |TAMS 0x0000000083200000, 0x0000000083200000| Untracked 
|  51|0x0000000083300000, 0x0000000083300000, 0x0000000083400000|  0%| F|  |TAMS 0x0000000083300000, 0x0000000083300000| Untracked 
|  52|0x0000000083400000, 0x0000000083400000, 0x0000000083500000|  0%| F|  |TAMS 0x0000000083400000, 0x0000000083400000| Untracked 
|  53|0x0000000083500000, 0x0000000083500000, 0x0000000083600000|  0%| F|  |TAMS 0x0000000083500000, 0x0000000083500000| Untracked 
|  54|0x0000000083600000, 0x0000000083600000, 0x0000000083700000|  0%| F|  |TAMS 0x0000000083600000, 0x0000000083600000| Untracked 
|  55|0x0000000083700000, 0x0000000083700000, 0x0000000083800000|  0%| F|  |TAMS 0x0000000083700000, 0x0000000083700000| Untracked 
|  56|0x0000000083800000, 0x0000000083800000, 0x0000000083900000|  0%| F|  |TAMS 0x0000000083800000, 0x0000000083800000| Untracked 
|  57|0x0000000083900000, 0x0000000083900000, 0x0000000083a00000|  0%| F|  |TAMS 0x0000000083900000, 0x0000000083900000| Untracked 
|  58|0x0000000083a00000, 0x0000000083a00000, 0x0000000083b00000|  0%| F|  |TAMS 0x0000000083a00000, 0x0000000083a00000| Untracked 
|  59|0x0000000083b00000, 0x0000000083b00000, 0x0000000083c00000|  0%| F|  |TAMS 0x0000000083b00000, 0x0000000083b00000| Untracked 
|  60|0x0000000083c00000, 0x0000000083c00000, 0x0000000083d00000|  0%| F|  |TAMS 0x0000000083c00000, 0x0000000083c00000| Untracked 
|  61|0x0000000083d00000, 0x0000000083d00000, 0x0000000083e00000|  0%| F|  |TAMS 0x0000000083d00000, 0x0000000083d00000| Untracked 
|  62|0x0000000083e00000, 0x0000000083e00000, 0x0000000083f00000|  0%| F|  |TAMS 0x0000000083e00000, 0x0000000083e00000| Untracked 
|  63|0x0000000083f00000, 0x0000000083f00000, 0x0000000084000000|  0%| F|  |TAMS 0x0000000083f00000, 0x0000000083f00000| Untracked 
|  64|0x0000000084000000, 0x0000000084000000, 0x0000000084100000|  0%| F|  |TAMS 0x0000000084000000, 0x0000000084000000| Untracked 
|  65|0x0000000084100000, 0x0000000084100000, 0x0000000084200000|  0%| F|  |TAMS 0x0000000084100000, 0x0000000084100000| Untracked 
|  66|0x0000000084200000, 0x0000000084200000, 0x0000000084300000|  0%| F|  |TAMS 0x0000000084200000, 0x0000000084200000| Untracked 
|  67|0x0000000084300000, 0x0000000084300000, 0x0000000084400000|  0%| F|  |TAMS 0x0000000084300000, 0x0000000084300000| Untracked 
|  68|0x0000000084400000, 0x0000000084400000, 0x0000000084500000|  0%| F|  |TAMS 0x0000000084400000, 0x0000000084400000| Untracked 
|  69|0x0000000084500000, 0x0000000084500000, 0x0000000084600000|  0%| F|  |TAMS 0x0000000084500000, 0x0000000084500000| Untracked 
|  70|0x0000000084600000, 0x0000000084600000, 0x0000000084700000|  0%| F|  |TAMS 0x0000000084600000, 0x0000000084600000| Untracked 
|  71|0x0000000084700000, 0x0000000084700000, 0x0000000084800000|  0%| F|  |TAMS 0x0000000084700000, 0x0000000084700000| Untracked 
|  72|0x0000000084800000, 0x0000000084800000, 0x0000000084900000|  0%| F|  |TAMS 0x0000000084800000, 0x0000000084800000| Untracked 
|  73|0x0000000084900000, 0x0000000084900000, 0x0000000084a00000|  0%| F|  |TAMS 0x0000000084900000, 0x0000000084900000| Untracked 
|  74|0x0000000084a00000, 0x0000000084a00000, 0x0000000084b00000|  0%| F|  |TAMS 0x0000000084a00000, 0x0000000084a00000| Untracked 
|  75|0x0000000084b00000, 0x0000000084b00000, 0x0000000084c00000|  0%| F|  |TAMS 0x0000000084b00000, 0x0000000084b00000| Untracked 
|  76|0x0000000084c00000, 0x0000000084c00000, 0x0000000084d00000|  0%| F|  |TAMS 0x0000000084c00000, 0x0000000084c00000| Untracked 
|  77|0x0000000084d00000, 0x0000000084d00000, 0x0000000084e00000|  0%| F|  |TAMS 0x0000000084d00000, 0x0000000084d00000| Untracked 
|  78|0x0000000084e00000, 0x0000000084e00000, 0x0000000084f00000|  0%| F|  |TAMS 0x0000000084e00000, 0x0000000084e00000| Untracked 
|  79|0x0000000084f00000, 0x0000000084f00000, 0x0000000085000000|  0%| F|  |TAMS 0x0000000084f00000, 0x0000000084f00000| Untracked 
|  80|0x0000000085000000, 0x0000000085000000, 0x0000000085100000|  0%| F|  |TAMS 0x0000000085000000, 0x0000000085000000| Untracked 
|  81|0x0000000085100000, 0x0000000085100000, 0x0000000085200000|  0%| F|  |TAMS 0x0000000085100000, 0x0000000085100000| Untracked 
|  82|0x0000000085200000, 0x0000000085200000, 0x0000000085300000|  0%| F|  |TAMS 0x0000000085200000, 0x0000000085200000| Untracked 
|  83|0x0000000085300000, 0x0000000085300000, 0x0000000085400000|  0%| F|  |TAMS 0x0000000085300000, 0x0000000085300000| Untracked 
|  84|0x0000000085400000, 0x0000000085400000, 0x0000000085500000|  0%| F|  |TAMS 0x0000000085400000, 0x0000000085400000| Untracked 
|  85|0x0000000085500000, 0x0000000085500000, 0x0000000085600000|  0%| F|  |TAMS 0x0000000085500000, 0x0000000085500000| Untracked 
|  86|0x0000000085600000, 0x0000000085600000, 0x0000000085700000|  0%| F|  |TAMS 0x0000000085600000, 0x0000000085600000| Untracked 
|  87|0x0000000085700000, 0x0000000085700000, 0x0000000085800000|  0%| F|  |TAMS 0x0000000085700000, 0x0000000085700000| Untracked 
|  88|0x0000000085800000, 0x0000000085800000, 0x0000000085900000|  0%| F|  |TAMS 0x0000000085800000, 0x0000000085800000| Untracked 
|  89|0x0000000085900000, 0x0000000085900000, 0x0000000085a00000|  0%| F|  |TAMS 0x0000000085900000, 0x0000000085900000| Untracked 
|  90|0x0000000085a00000, 0x0000000085a00000, 0x0000000085b00000|  0%| F|  |TAMS 0x0000000085a00000, 0x0000000085a00000| Untracked 
|  91|0x0000000085b00000, 0x0000000085b00000, 0x0000000085c00000|  0%| F|  |TAMS 0x0000000085b00000, 0x0000000085b00000| Untracked 
|  92|0x0000000085c00000, 0x0000000085c00000, 0x0000000085d00000|  0%| F|  |TAMS 0x0000000085c00000, 0x0000000085c00000| Untracked 
|  93|0x0000000085d00000, 0x0000000085d00000, 0x0000000085e00000|  0%| F|  |TAMS 0x0000000085d00000, 0x0000000085d00000| Untracked 
|  94|0x0000000085e00000, 0x0000000085e00000, 0x0000000085f00000|  0%| F|  |TAMS 0x0000000085e00000, 0x0000000085e00000| Untracked 
|  95|0x0000000085f00000, 0x0000000085f00000, 0x0000000086000000|  0%| F|  |TAMS 0x0000000085f00000, 0x0000000085f00000| Untracked 
|  96|0x0000000086000000, 0x0000000086000000, 0x0000000086100000|  0%| F|  |TAMS 0x0000000086000000, 0x0000000086000000| Untracked 
|  97|0x0000000086100000, 0x0000000086100000, 0x0000000086200000|  0%| F|  |TAMS 0x0000000086100000, 0x0000000086100000| Untracked 
|  98|0x0000000086200000, 0x0000000086200000, 0x0000000086300000|  0%| F|  |TAMS 0x0000000086200000, 0x0000000086200000| Untracked 
|  99|0x0000000086300000, 0x0000000086300000, 0x0000000086400000|  0%| F|  |TAMS 0x0000000086300000, 0x0000000086300000| Untracked 
| 100|0x0000000086400000, 0x0000000086400000, 0x0000000086500000|  0%| F|  |TAMS 0x0000000086400000, 0x0000000086400000| Untracked 
| 101|0x0000000086500000, 0x0000000086500000, 0x0000000086600000|  0%| F|  |TAMS 0x0000000086500000, 0x0000000086500000| Untracked 
| 102|0x0000000086600000, 0x0000000086600000, 0x0000000086700000|  0%| F|  |TAMS 0x0000000086600000, 0x0000000086600000| Untracked 
| 103|0x0000000086700000, 0x0000000086700000, 0x0000000086800000|  0%| F|  |TAMS 0x0000000086700000, 0x0000000086700000| Untracked 
| 104|0x0000000086800000, 0x0000000086800000, 0x0000000086900000|  0%| F|  |TAMS 0x0000000086800000, 0x0000000086800000| Untracked 
| 105|0x0000000086900000, 0x0000000086900000, 0x0000000086a00000|  0%| F|  |TAMS 0x0000000086900000, 0x0000000086900000| Untracked 
| 106|0x0000000086a00000, 0x0000000086a00000, 0x0000000086b00000|  0%| F|  |TAMS 0x0000000086a00000, 0x0000000086a00000| Untracked 
| 107|0x0000000086b00000, 0x0000000086b00000, 0x0000000086c00000|  0%| F|  |TAMS 0x0000000086b00000, 0x0000000086b00000| Untracked 
| 108|0x0000000086c00000, 0x0000000086c00000, 0x0000000086d00000|  0%| F|  |TAMS 0x0000000086c00000, 0x0000000086c00000| Untracked 
| 109|0x0000000086d00000, 0x0000000086d00000, 0x0000000086e00000|  0%| F|  |TAMS 0x0000000086d00000, 0x0000000086d00000| Untracked 
| 110|0x0000000086e00000, 0x0000000086e00000, 0x0000000086f00000|  0%| F|  |TAMS 0x0000000086e00000, 0x0000000086e00000| Untracked 
| 111|0x0000000086f00000, 0x0000000086f00000, 0x0000000087000000|  0%| F|  |TAMS 0x0000000086f00000, 0x0000000086f00000| Untracked 
| 112|0x0000000087000000, 0x0000000087000000, 0x0000000087100000|  0%| F|  |TAMS 0x0000000087000000, 0x0000000087000000| Untracked 
| 113|0x0000000087100000, 0x0000000087100000, 0x0000000087200000|  0%| F|  |TAMS 0x0000000087100000, 0x0000000087100000| Untracked 
| 114|0x0000000087200000, 0x00000000872917e0, 0x0000000087300000| 56%| S|CS|TAMS 0x0000000087200000, 0x0000000087200000| Complete 
| 115|0x0000000087300000, 0x0000000087400000, 0x0000000087400000|100%| S|CS|TAMS 0x0000000087300000, 0x0000000087300000| Complete 
| 116|0x0000000087400000, 0x0000000087500000, 0x0000000087500000|100%| S|CS|TAMS 0x0000000087400000, 0x0000000087400000| Complete 
| 117|0x0000000087500000, 0x0000000087600000, 0x0000000087600000|100%| S|CS|TAMS 0x0000000087500000, 0x0000000087500000| Complete 
| 118|0x0000000087600000, 0x0000000087700000, 0x0000000087700000|100%| S|CS|TAMS 0x0000000087600000, 0x0000000087600000| Complete 
| 119|0x0000000087700000, 0x0000000087800000, 0x0000000087800000|100%| S|CS|TAMS 0x0000000087700000, 0x0000000087700000| Complete 
| 120|0x0000000087800000, 0x0000000087900000, 0x0000000087900000|100%| S|CS|TAMS 0x0000000087800000, 0x0000000087800000| Complete 
| 121|0x0000000087900000, 0x0000000087a00000, 0x0000000087a00000|100%| S|CS|TAMS 0x0000000087900000, 0x0000000087900000| Complete 
| 122|0x0000000087a00000, 0x0000000087b00000, 0x0000000087b00000|100%| S|CS|TAMS 0x0000000087a00000, 0x0000000087a00000| Complete 
| 123|0x0000000087b00000, 0x0000000087c00000, 0x0000000087c00000|100%| S|CS|TAMS 0x0000000087b00000, 0x0000000087b00000| Complete 
| 124|0x0000000087c00000, 0x0000000087d00000, 0x0000000087d00000|100%| S|CS|TAMS 0x0000000087c00000, 0x0000000087c00000| Complete 
| 125|0x0000000087d00000, 0x0000000087e00000, 0x0000000087e00000|100%| S|CS|TAMS 0x0000000087d00000, 0x0000000087d00000| Complete 
| 126|0x0000000087e00000, 0x0000000087f00000, 0x0000000087f00000|100%| S|CS|TAMS 0x0000000087e00000, 0x0000000087e00000| Complete 
| 127|0x0000000087f00000, 0x0000000087f00000, 0x0000000088000000|  0%| F|  |TAMS 0x0000000087f00000, 0x0000000087f00000| Untracked 
| 128|0x0000000088000000, 0x0000000088000000, 0x0000000088100000|  0%| F|  |TAMS 0x0000000088000000, 0x0000000088000000| Untracked 
| 129|0x0000000088100000, 0x0000000088100000, 0x0000000088200000|  0%| F|  |TAMS 0x0000000088100000, 0x0000000088100000| Untracked 
| 130|0x0000000088200000, 0x0000000088200000, 0x0000000088300000|  0%| F|  |TAMS 0x0000000088200000, 0x0000000088200000| Untracked 
| 131|0x0000000088300000, 0x0000000088300000, 0x0000000088400000|  0%| F|  |TAMS 0x0000000088300000, 0x0000000088300000| Untracked 
| 132|0x0000000088400000, 0x0000000088400000, 0x0000000088500000|  0%| F|  |TAMS 0x0000000088400000, 0x0000000088400000| Untracked 
| 133|0x0000000088500000, 0x0000000088500000, 0x0000000088600000|  0%| F|  |TAMS 0x0000000088500000, 0x0000000088500000| Untracked 
| 134|0x0000000088600000, 0x0000000088600000, 0x0000000088700000|  0%| F|  |TAMS 0x0000000088600000, 0x0000000088600000| Untracked 
| 135|0x0000000088700000, 0x0000000088700000, 0x0000000088800000|  0%| F|  |TAMS 0x0000000088700000, 0x0000000088700000| Untracked 
| 136|0x0000000088800000, 0x0000000088800000, 0x0000000088900000|  0%| F|  |TAMS 0x0000000088800000, 0x0000000088800000| Untracked 
| 137|0x0000000088900000, 0x0000000088900000, 0x0000000088a00000|  0%| F|  |TAMS 0x0000000088900000, 0x0000000088900000| Untracked 
| 138|0x0000000088a00000, 0x0000000088a00000, 0x0000000088b00000|  0%| F|  |TAMS 0x0000000088a00000, 0x0000000088a00000| Untracked 
| 139|0x0000000088b00000, 0x0000000088b00000, 0x0000000088c00000|  0%| F|  |TAMS 0x0000000088b00000, 0x0000000088b00000| Untracked 
| 140|0x0000000088c00000, 0x0000000088c00000, 0x0000000088d00000|  0%| F|  |TAMS 0x0000000088c00000, 0x0000000088c00000| Untracked 
| 141|0x0000000088d00000, 0x0000000088d00000, 0x0000000088e00000|  0%| F|  |TAMS 0x0000000088d00000, 0x0000000088d00000| Untracked 
| 142|0x0000000088e00000, 0x0000000088e00000, 0x0000000088f00000|  0%| F|  |TAMS 0x0000000088e00000, 0x0000000088e00000| Untracked 
| 143|0x0000000088f00000, 0x0000000088f00000, 0x0000000089000000|  0%| F|  |TAMS 0x0000000088f00000, 0x0000000088f00000| Untracked 
| 144|0x0000000089000000, 0x0000000089000000, 0x0000000089100000|  0%| F|  |TAMS 0x0000000089000000, 0x0000000089000000| Untracked 
| 145|0x0000000089100000, 0x0000000089100000, 0x0000000089200000|  0%| F|  |TAMS 0x0000000089100000, 0x0000000089100000| Untracked 
| 146|0x0000000089200000, 0x0000000089200000, 0x0000000089300000|  0%| F|  |TAMS 0x0000000089200000, 0x0000000089200000| Untracked 
| 147|0x0000000089300000, 0x0000000089300000, 0x0000000089400000|  0%| F|  |TAMS 0x0000000089300000, 0x0000000089300000| Untracked 
| 148|0x0000000089400000, 0x0000000089400000, 0x0000000089500000|  0%| F|  |TAMS 0x0000000089400000, 0x0000000089400000| Untracked 
| 149|0x0000000089500000, 0x0000000089500000, 0x0000000089600000|  0%| F|  |TAMS 0x0000000089500000, 0x0000000089500000| Untracked 
| 150|0x0000000089600000, 0x0000000089600000, 0x0000000089700000|  0%| F|  |TAMS 0x0000000089600000, 0x0000000089600000| Untracked 
| 151|0x0000000089700000, 0x0000000089700000, 0x0000000089800000|  0%| F|  |TAMS 0x0000000089700000, 0x0000000089700000| Untracked 
| 152|0x0000000089800000, 0x0000000089800000, 0x0000000089900000|  0%| F|  |TAMS 0x0000000089800000, 0x0000000089800000| Untracked 
| 153|0x0000000089900000, 0x0000000089900000, 0x0000000089a00000|  0%| F|  |TAMS 0x0000000089900000, 0x0000000089900000| Untracked 
| 154|0x0000000089a00000, 0x0000000089a00000, 0x0000000089b00000|  0%| F|  |TAMS 0x0000000089a00000, 0x0000000089a00000| Untracked 
| 155|0x0000000089b00000, 0x0000000089b00000, 0x0000000089c00000|  0%| F|  |TAMS 0x0000000089b00000, 0x0000000089b00000| Untracked 
| 156|0x0000000089c00000, 0x0000000089c00000, 0x0000000089d00000|  0%| F|  |TAMS 0x0000000089c00000, 0x0000000089c00000| Untracked 
| 157|0x0000000089d00000, 0x0000000089d00000, 0x0000000089e00000|  0%| F|  |TAMS 0x0000000089d00000, 0x0000000089d00000| Untracked 
| 158|0x0000000089e00000, 0x0000000089e00000, 0x0000000089f00000|  0%| F|  |TAMS 0x0000000089e00000, 0x0000000089e00000| Untracked 
| 159|0x0000000089f00000, 0x0000000089f00000, 0x000000008a000000|  0%| F|  |TAMS 0x0000000089f00000, 0x0000000089f00000| Untracked 
| 160|0x000000008a000000, 0x000000008a000000, 0x000000008a100000|  0%| F|  |TAMS 0x000000008a000000, 0x000000008a000000| Untracked 
| 161|0x000000008a100000, 0x000000008a100000, 0x000000008a200000|  0%| F|  |TAMS 0x000000008a100000, 0x000000008a100000| Untracked 
| 162|0x000000008a200000, 0x000000008a200000, 0x000000008a300000|  0%| F|  |TAMS 0x000000008a200000, 0x000000008a200000| Untracked 
| 163|0x000000008a300000, 0x000000008a300000, 0x000000008a400000|  0%| F|  |TAMS 0x000000008a300000, 0x000000008a300000| Untracked 
| 164|0x000000008a400000, 0x000000008a400000, 0x000000008a500000|  0%| F|  |TAMS 0x000000008a400000, 0x000000008a400000| Untracked 
| 165|0x000000008a500000, 0x000000008a500000, 0x000000008a600000|  0%| F|  |TAMS 0x000000008a500000, 0x000000008a500000| Untracked 
| 166|0x000000008a600000, 0x000000008a600000, 0x000000008a700000|  0%| F|  |TAMS 0x000000008a600000, 0x000000008a600000| Untracked 
| 167|0x000000008a700000, 0x000000008a700000, 0x000000008a800000|  0%| F|  |TAMS 0x000000008a700000, 0x000000008a700000| Untracked 
| 168|0x000000008a800000, 0x000000008a800000, 0x000000008a900000|  0%| F|  |TAMS 0x000000008a800000, 0x000000008a800000| Untracked 
| 169|0x000000008a900000, 0x000000008a900000, 0x000000008aa00000|  0%| F|  |TAMS 0x000000008a900000, 0x000000008a900000| Untracked 
| 170|0x000000008aa00000, 0x000000008aa00000, 0x000000008ab00000|  0%| F|  |TAMS 0x000000008aa00000, 0x000000008aa00000| Untracked 
| 171|0x000000008ab00000, 0x000000008ab00000, 0x000000008ac00000|  0%| F|  |TAMS 0x000000008ab00000, 0x000000008ab00000| Untracked 
| 172|0x000000008ac00000, 0x000000008ac00000, 0x000000008ad00000|  0%| F|  |TAMS 0x000000008ac00000, 0x000000008ac00000| Untracked 
| 173|0x000000008ad00000, 0x000000008ad00000, 0x000000008ae00000|  0%| F|  |TAMS 0x000000008ad00000, 0x000000008ad00000| Untracked 
| 174|0x000000008ae00000, 0x000000008ae00000, 0x000000008af00000|  0%| F|  |TAMS 0x000000008ae00000, 0x000000008ae00000| Untracked 
| 175|0x000000008af00000, 0x000000008af00000, 0x000000008b000000|  0%| F|  |TAMS 0x000000008af00000, 0x000000008af00000| Untracked 
| 176|0x000000008b000000, 0x000000008b000000, 0x000000008b100000|  0%| F|  |TAMS 0x000000008b000000, 0x000000008b000000| Untracked 
| 177|0x000000008b100000, 0x000000008b100000, 0x000000008b200000|  0%| F|  |TAMS 0x000000008b100000, 0x000000008b100000| Untracked 
| 178|0x000000008b200000, 0x000000008b200000, 0x000000008b300000|  0%| F|  |TAMS 0x000000008b200000, 0x000000008b200000| Untracked 
| 179|0x000000008b300000, 0x000000008b300000, 0x000000008b400000|  0%| F|  |TAMS 0x000000008b300000, 0x000000008b300000| Untracked 
| 180|0x000000008b400000, 0x000000008b400000, 0x000000008b500000|  0%| F|  |TAMS 0x000000008b400000, 0x000000008b400000| Untracked 
| 181|0x000000008b500000, 0x000000008b500000, 0x000000008b600000|  0%| F|  |TAMS 0x000000008b500000, 0x000000008b500000| Untracked 
| 182|0x000000008b600000, 0x000000008b600000, 0x000000008b700000|  0%| F|  |TAMS 0x000000008b600000, 0x000000008b600000| Untracked 
| 183|0x000000008b700000, 0x000000008b700000, 0x000000008b800000|  0%| F|  |TAMS 0x000000008b700000, 0x000000008b700000| Untracked 
| 184|0x000000008b800000, 0x000000008b800000, 0x000000008b900000|  0%| F|  |TAMS 0x000000008b800000, 0x000000008b800000| Untracked 
| 185|0x000000008b900000, 0x000000008b900000, 0x000000008ba00000|  0%| F|  |TAMS 0x000000008b900000, 0x000000008b900000| Untracked 
| 186|0x000000008ba00000, 0x000000008ba00000, 0x000000008bb00000|  0%| F|  |TAMS 0x000000008ba00000, 0x000000008ba00000| Untracked 
| 187|0x000000008bb00000, 0x000000008bb00000, 0x000000008bc00000|  0%| F|  |TAMS 0x000000008bb00000, 0x000000008bb00000| Untracked 
| 188|0x000000008bc00000, 0x000000008bc00000, 0x000000008bd00000|  0%| F|  |TAMS 0x000000008bc00000, 0x000000008bc00000| Untracked 
| 189|0x000000008bd00000, 0x000000008bd00000, 0x000000008be00000|  0%| F|  |TAMS 0x000000008bd00000, 0x000000008bd00000| Untracked 
| 190|0x000000008be00000, 0x000000008be00000, 0x000000008bf00000|  0%| F|  |TAMS 0x000000008be00000, 0x000000008be00000| Untracked 
| 191|0x000000008bf00000, 0x000000008bf00000, 0x000000008c000000|  0%| F|  |TAMS 0x000000008bf00000, 0x000000008bf00000| Untracked 
| 192|0x000000008c000000, 0x000000008c000000, 0x000000008c100000|  0%| F|  |TAMS 0x000000008c000000, 0x000000008c000000| Untracked 
| 193|0x000000008c100000, 0x000000008c100000, 0x000000008c200000|  0%| F|  |TAMS 0x000000008c100000, 0x000000008c100000| Untracked 
| 194|0x000000008c200000, 0x000000008c200000, 0x000000008c300000|  0%| F|  |TAMS 0x000000008c200000, 0x000000008c200000| Untracked 
| 195|0x000000008c300000, 0x000000008c300000, 0x000000008c400000|  0%| F|  |TAMS 0x000000008c300000, 0x000000008c300000| Untracked 
| 196|0x000000008c400000, 0x000000008c4291a8, 0x000000008c500000| 16%| E|  |TAMS 0x000000008c400000, 0x000000008c400000| Complete 
| 197|0x000000008c500000, 0x000000008c600000, 0x000000008c600000|100%| E|CS|TAMS 0x000000008c500000, 0x000000008c500000| Complete 
| 198|0x000000008c600000, 0x000000008c700000, 0x000000008c700000|100%| E|CS|TAMS 0x000000008c600000, 0x000000008c600000| Complete 
| 199|0x000000008c700000, 0x000000008c800000, 0x000000008c800000|100%| E|CS|TAMS 0x000000008c700000, 0x000000008c700000| Complete 
| 200|0x000000008c800000, 0x000000008c900000, 0x000000008c900000|100%| E|CS|TAMS 0x000000008c800000, 0x000000008c800000| Complete 
| 201|0x000000008c900000, 0x000000008ca00000, 0x000000008ca00000|100%| E|CS|TAMS 0x000000008c900000, 0x000000008c900000| Complete 
| 202|0x000000008ca00000, 0x000000008cb00000, 0x000000008cb00000|100%| E|CS|TAMS 0x000000008ca00000, 0x000000008ca00000| Complete 
| 203|0x000000008cb00000, 0x000000008cc00000, 0x000000008cc00000|100%| E|CS|TAMS 0x000000008cb00000, 0x000000008cb00000| Complete 
| 204|0x000000008cc00000, 0x000000008cd00000, 0x000000008cd00000|100%| E|CS|TAMS 0x000000008cc00000, 0x000000008cc00000| Complete 
| 205|0x000000008cd00000, 0x000000008ce00000, 0x000000008ce00000|100%| E|CS|TAMS 0x000000008cd00000, 0x000000008cd00000| Complete 
| 206|0x000000008ce00000, 0x000000008cf00000, 0x000000008cf00000|100%| E|CS|TAMS 0x000000008ce00000, 0x000000008ce00000| Complete 
| 207|0x000000008cf00000, 0x000000008d000000, 0x000000008d000000|100%| E|CS|TAMS 0x000000008cf00000, 0x000000008cf00000| Complete 
| 208|0x000000008d000000, 0x000000008d100000, 0x000000008d100000|100%| E|CS|TAMS 0x000000008d000000, 0x000000008d000000| Complete 
| 209|0x000000008d100000, 0x000000008d200000, 0x000000008d200000|100%| E|CS|TAMS 0x000000008d100000, 0x000000008d100000| Complete 
| 210|0x000000008d200000, 0x000000008d300000, 0x000000008d300000|100%| E|CS|TAMS 0x000000008d200000, 0x000000008d200000| Complete 
| 211|0x000000008d300000, 0x000000008d400000, 0x000000008d400000|100%| E|CS|TAMS 0x000000008d300000, 0x000000008d300000| Complete 
| 212|0x000000008d400000, 0x000000008d500000, 0x000000008d500000|100%| E|CS|TAMS 0x000000008d400000, 0x000000008d400000| Complete 
| 213|0x000000008d500000, 0x000000008d600000, 0x000000008d600000|100%| E|CS|TAMS 0x000000008d500000, 0x000000008d500000| Complete 
| 214|0x000000008d600000, 0x000000008d700000, 0x000000008d700000|100%| E|CS|TAMS 0x000000008d600000, 0x000000008d600000| Complete 
| 215|0x000000008d700000, 0x000000008d800000, 0x000000008d800000|100%| E|CS|TAMS 0x000000008d700000, 0x000000008d700000| Complete 
| 216|0x000000008d800000, 0x000000008d900000, 0x000000008d900000|100%| E|CS|TAMS 0x000000008d800000, 0x000000008d800000| Complete 
| 217|0x000000008d900000, 0x000000008da00000, 0x000000008da00000|100%| E|CS|TAMS 0x000000008d900000, 0x000000008d900000| Complete 
| 218|0x000000008da00000, 0x000000008db00000, 0x000000008db00000|100%| E|CS|TAMS 0x000000008da00000, 0x000000008da00000| Complete 
| 219|0x000000008db00000, 0x000000008dc00000, 0x000000008dc00000|100%| E|CS|TAMS 0x000000008db00000, 0x000000008db00000| Complete 
| 220|0x000000008dc00000, 0x000000008dd00000, 0x000000008dd00000|100%| E|CS|TAMS 0x000000008dc00000, 0x000000008dc00000| Complete 
| 221|0x000000008dd00000, 0x000000008de00000, 0x000000008de00000|100%| E|CS|TAMS 0x000000008dd00000, 0x000000008dd00000| Complete 
| 222|0x000000008de00000, 0x000000008df00000, 0x000000008df00000|100%| E|CS|TAMS 0x000000008de00000, 0x000000008de00000| Complete 
| 223|0x000000008df00000, 0x000000008e000000, 0x000000008e000000|100%| E|CS|TAMS 0x000000008df00000, 0x000000008df00000| Complete 
| 224|0x000000008e000000, 0x000000008e100000, 0x000000008e100000|100%| E|CS|TAMS 0x000000008e000000, 0x000000008e000000| Complete 
| 225|0x000000008e100000, 0x000000008e200000, 0x000000008e200000|100%| E|CS|TAMS 0x000000008e100000, 0x000000008e100000| Complete 
| 226|0x000000008e200000, 0x000000008e300000, 0x000000008e300000|100%| E|CS|TAMS 0x000000008e200000, 0x000000008e200000| Complete 
| 227|0x000000008e300000, 0x000000008e400000, 0x000000008e400000|100%| E|CS|TAMS 0x000000008e300000, 0x000000008e300000| Complete 
| 228|0x000000008e400000, 0x000000008e500000, 0x000000008e500000|100%| E|CS|TAMS 0x000000008e400000, 0x000000008e400000| Complete 
| 229|0x000000008e500000, 0x000000008e600000, 0x000000008e600000|100%| E|CS|TAMS 0x000000008e500000, 0x000000008e500000| Complete 
| 230|0x000000008e600000, 0x000000008e700000, 0x000000008e700000|100%| E|CS|TAMS 0x000000008e600000, 0x000000008e600000| Complete 
| 231|0x000000008e700000, 0x000000008e800000, 0x000000008e800000|100%| E|CS|TAMS 0x000000008e700000, 0x000000008e700000| Complete 
| 232|0x000000008e800000, 0x000000008e900000, 0x000000008e900000|100%| E|CS|TAMS 0x000000008e800000, 0x000000008e800000| Complete 
| 233|0x000000008e900000, 0x000000008ea00000, 0x000000008ea00000|100%| E|CS|TAMS 0x000000008e900000, 0x000000008e900000| Complete 
| 234|0x000000008ea00000, 0x000000008eb00000, 0x000000008eb00000|100%| E|CS|TAMS 0x000000008ea00000, 0x000000008ea00000| Complete 
| 235|0x000000008eb00000, 0x000000008ec00000, 0x000000008ec00000|100%| E|CS|TAMS 0x000000008eb00000, 0x000000008eb00000| Complete 
| 236|0x000000008ec00000, 0x000000008ed00000, 0x000000008ed00000|100%| E|CS|TAMS 0x000000008ec00000, 0x000000008ec00000| Complete 
| 237|0x000000008ed00000, 0x000000008ee00000, 0x000000008ee00000|100%| E|CS|TAMS 0x000000008ed00000, 0x000000008ed00000| Complete 
| 238|0x000000008ee00000, 0x000000008ef00000, 0x000000008ef00000|100%| E|CS|TAMS 0x000000008ee00000, 0x000000008ee00000| Complete 
| 239|0x000000008ef00000, 0x000000008f000000, 0x000000008f000000|100%| E|CS|TAMS 0x000000008ef00000, 0x000000008ef00000| Complete 
| 240|0x000000008f000000, 0x000000008f100000, 0x000000008f100000|100%| E|CS|TAMS 0x000000008f000000, 0x000000008f000000| Complete 
| 241|0x000000008f100000, 0x000000008f200000, 0x000000008f200000|100%| E|CS|TAMS 0x000000008f100000, 0x000000008f100000| Complete 
| 242|0x000000008f200000, 0x000000008f300000, 0x000000008f300000|100%| E|CS|TAMS 0x000000008f200000, 0x000000008f200000| Complete 
| 243|0x000000008f300000, 0x000000008f400000, 0x000000008f400000|100%| E|CS|TAMS 0x000000008f300000, 0x000000008f300000| Complete 
| 244|0x000000008f400000, 0x000000008f500000, 0x000000008f500000|100%| E|CS|TAMS 0x000000008f400000, 0x000000008f400000| Complete 
| 245|0x000000008f500000, 0x000000008f600000, 0x000000008f600000|100%| E|CS|TAMS 0x000000008f500000, 0x000000008f500000| Complete 
| 246|0x000000008f600000, 0x000000008f700000, 0x000000008f700000|100%| E|CS|TAMS 0x000000008f600000, 0x000000008f600000| Complete 
| 247|0x000000008f700000, 0x000000008f800000, 0x000000008f800000|100%| E|CS|TAMS 0x000000008f700000, 0x000000008f700000| Complete 
| 248|0x000000008f800000, 0x000000008f900000, 0x000000008f900000|100%| E|CS|TAMS 0x000000008f800000, 0x000000008f800000| Complete 
| 249|0x000000008f900000, 0x000000008fa00000, 0x000000008fa00000|100%| E|CS|TAMS 0x000000008f900000, 0x000000008f900000| Complete 
| 250|0x000000008fa00000, 0x000000008fb00000, 0x000000008fb00000|100%| E|CS|TAMS 0x000000008fa00000, 0x000000008fa00000| Complete 
| 251|0x000000008fb00000, 0x000000008fc00000, 0x000000008fc00000|100%| E|CS|TAMS 0x000000008fb00000, 0x000000008fb00000| Complete 
| 252|0x000000008fc00000, 0x000000008fd00000, 0x000000008fd00000|100%| E|CS|TAMS 0x000000008fc00000, 0x000000008fc00000| Complete 
| 253|0x000000008fd00000, 0x000000008fe00000, 0x000000008fe00000|100%| E|CS|TAMS 0x000000008fd00000, 0x000000008fd00000| Complete 
| 254|0x000000008fe00000, 0x000000008ff00000, 0x000000008ff00000|100%| E|CS|TAMS 0x000000008fe00000, 0x000000008fe00000| Complete 
| 255|0x000000008ff00000, 0x0000000090000000, 0x0000000090000000|100%| E|CS|TAMS 0x000000008ff00000, 0x000000008ff00000| Complete 

Card table byte_map: [0x000001eaf39f0000,0x000001eaf3df0000] _byte_map_base: 0x000001eaf35f0000

Marking Bits (Prev, Next): (CMBitMap*) 0x000001eae006e578, (CMBitMap*) 0x000001eae006e5b0
 Prev Bits: [0x000001eaf41f0000, 0x000001eaf61f0000)
 Next Bits: [0x000001eaf61f0000, 0x000001eaf81f0000)

Polling page: 0x000001eae3b50000

Metaspace:

Usage:
  Non-class:     41.90 MB capacity,    41.12 MB ( 98%) used,   676.46 KB (  2%) free+waste,   124.50 KB ( <1%) overhead. 
      Class:      6.37 MB capacity,     5.96 MB ( 94%) used,   357.22 KB (  5%) free+waste,    59.38 KB ( <1%) overhead. 
       Both:     48.26 MB capacity,    47.07 MB ( 98%) used,     1.01 MB (  2%) free+waste,   183.88 KB ( <1%) overhead. 

Virtual space:
  Non-class space:       42.00 MB reserved,      41.95 MB (>99%) committed 
      Class space:        1.00 GB reserved,       6.45 MB ( <1%) committed 
             Both:        1.04 GB reserved,      48.40 MB (  5%) committed 

Chunk freelists:
   Non-Class:  57.00 KB
       Class:  10.00 KB
        Both:  67.00 KB

MaxMetaspaceSize: 17179869184.00 GB
CompressedClassSpaceSize: 1.00 GB
Initial GC threshold: 20.80 MB
Current GC threshold: 59.21 MB
CDS: off

CodeHeap 'non-profiled nmethods': size=120000Kb used=2784Kb max_used=2784Kb free=117215Kb
 bounds [0x000001eaeb640000, 0x000001eaeb900000, 0x000001eaf2b70000]
CodeHeap 'profiled nmethods': size=120000Kb used=9687Kb max_used=9687Kb free=110312Kb
 bounds [0x000001eae4110000, 0x000001eae4a90000, 0x000001eaeb640000]
CodeHeap 'non-nmethods': size=5760Kb used=2291Kb max_used=2332Kb free=3468Kb
 bounds [0x000001eae3b70000, 0x000001eae3de0000, 0x000001eae4110000]
 total_blobs=5646 nmethods=4855 adapters=702
 compilation: enabled
              stopped_count=0, restarted_count=0
 full_count=0

Compilation events (20 events):
Event: 4.694 Thread 0x000001eafb5bc000 nmethod 4699 0x000001eae4a37710 code [0x000001eae4a378c0, 0x000001eae4a37a18]
Event: 4.694 Thread 0x000001eafb5bc000 4700       3       org.gradle.api.internal.artifacts.ivyservice.resolutionstrategy.DefaultCachePolicy$AbstractResolutionControl::isMustCheck (22 bytes)
Event: 4.694 Thread 0x000001eafb5bc000 nmethod 4700 0x000001eae4a37a90 code [0x000001eae4a37c40, 0x000001eae4a37dd8]
Event: 4.694 Thread 0x000001eafb5bc000 4696       3       java.util.concurrent.locks.AbstractQueuedSynchronizer$ConditionObject::checkInterruptWhileWaiting (27 bytes)
Event: 4.695 Thread 0x000001eafb5bc000 nmethod 4696 0x000001eae4a37e90 code [0x000001eae4a38140, 0x000001eae4a38bc8]
Event: 4.695 Thread 0x000001eafb5bc000 4704       3       com.google.common.io.CountingOutputStream::write (19 bytes)
Event: 4.695 Thread 0x000001eafb5bc000 nmethod 4704 0x000001eae4a39010 code [0x000001eae4a391c0, 0x000001eae4a393a8]
Event: 4.695 Thread 0x000001eafb5bc000 4702       3       com.google.common.base.Preconditions::checkState (17 bytes)
Event: 4.696 Thread 0x000001eafb5bc000 nmethod 4702 0x000001eae4a39490 code [0x000001eae4a39680, 0x000001eae4a399d8]
Event: 4.696 Thread 0x000001eafb5bc000 4703       1       org.gradle.cache.internal.btree.BlockPayload::getBlock (5 bytes)
Event: 4.696 Thread 0x000001eafb5bc000 nmethod 4703 0x000001eaeb8ea510 code [0x000001eaeb8ea6c0, 0x000001eaeb8ea778]
Event: 4.696 Thread 0x000001eafb5bc000 4701       1       org.gradle.internal.logging.events.ProgressStartEvent::getLoggingHeader (5 bytes)
Event: 4.696 Thread 0x000001eafb5bc000 nmethod 4701 0x000001eaeb8ea810 code [0x000001eaeb8ea9c0, 0x000001eaeb8eaa78]
Event: 4.696 Thread 0x000001eafb5bc000 4705       1       org.gradle.internal.resources.AbstractResourceLockRegistry$ThreadLockDetails::access$000 (5 bytes)
Event: 4.696 Thread 0x000001eafb5bc000 nmethod 4705 0x000001eaeb8eab10 code [0x000001eaeb8eacc0, 0x000001eaeb8ead58]
Event: 4.696 Thread 0x000001eafb5bc000 4707       1       org.gradle.internal.component.external.model.DefaultModuleComponentArtifactIdentifier::getComponentIdentifier (5 bytes)
Event: 4.696 Thread 0x000001eafb5bc000 nmethod 4707 0x000001eaeb8eae10 code [0x000001eaeb8eafc0, 0x000001eaeb8eb078]
Event: 4.696 Thread 0x000001eafb5bc000 4708       3       org.gradle.cache.internal.LockOnDemandCrossProcessCacheAccess$UnlockAction::run (8 bytes)
Event: 4.696 Thread 0x000001eafb5bc000 nmethod 4708 0x000001eae4a39b90 code [0x000001eae4a39d60, 0x000001eae4a39ee8]
Event: 4.696 Thread 0x000001eafb5bc000 4706       1       org.gradle.internal.component.model.DefaultIvyArtifactName::getExtension (5 bytes)

GC Heap History (10 events):
Event: 0.546 GC heap before
{Heap before GC invocations=0 (full 0):
 garbage-first heap   total 262144K, used 29696K [0x0000000080000000, 0x0000000100000000)
  region size 1024K, 24 young (24576K), 0 survivors (0K)
 Metaspace       used 10153K, capacity 10391K, committed 10624K, reserved 1058816K
  class space    used 1044K, capacity 1106K, committed 1152K, reserved 1048576K
}
Event: 0.549 GC heap after
{Heap after GC invocations=1 (full 0):
 garbage-first heap   total 262144K, used 9141K [0x0000000080000000, 0x0000000100000000)
  region size 1024K, 3 young (3072K), 3 survivors (3072K)
 Metaspace       used 10153K, capacity 10391K, committed 10624K, reserved 1058816K
  class space    used 1044K, capacity 1106K, committed 1152K, reserved 1048576K
}
Event: 1.847 GC heap before
{Heap before GC invocations=1 (full 0):
 garbage-first heap   total 262144K, used 113589K [0x0000000080000000, 0x0000000100000000)
  region size 1024K, 106 young (108544K), 3 survivors (3072K)
 Metaspace       used 20781K, capacity 21189K, committed 21296K, reserved 1069056K
  class space    used 2529K, capacity 2688K, committed 2688K, reserved 1048576K
}
Event: 1.855 GC heap after
{Heap after GC invocations=2 (full 0):
 garbage-first heap   total 262144K, used 17575K [0x0000000080000000, 0x0000000100000000)
  region size 1024K, 12 young (12288K), 12 survivors (12288K)
 Metaspace       used 20781K, capacity 21189K, committed 21296K, reserved 1069056K
  class space    used 2529K, capacity 2688K, committed 2688K, reserved 1048576K
}
Event: 2.027 GC heap before
{Heap before GC invocations=3 (full 0):
 garbage-first heap   total 262144K, used 39079K [0x0000000080000000, 0x0000000100000000)
  region size 1024K, 33 young (33792K), 12 survivors (12288K)
 Metaspace       used 22595K, capacity 23134K, committed 23420K, reserved 1069056K
  class space    used 2862K, capacity 3065K, committed 3072K, reserved 1048576K
}
Event: 2.032 GC heap after
{Heap after GC invocations=4 (full 0):
 garbage-first heap   total 262144K, used 17978K [0x0000000080000000, 0x0000000100000000)
  region size 1024K, 1 young (1024K), 1 survivors (1024K)
 Metaspace       used 22595K, capacity 23134K, committed 23420K, reserved 1069056K
  class space    used 2862K, capacity 3065K, committed 3072K, reserved 1048576K
}
Event: 3.023 GC heap before
{Heap before GC invocations=4 (full 0):
 garbage-first heap   total 262144K, used 115258K [0x0000000080000000, 0x0000000100000000)
  region size 1024K, 97 young (99328K), 1 survivors (1024K)
 Metaspace       used 35187K, capacity 35962K, committed 36048K, reserved 1081344K
  class space    used 4529K, capacity 4838K, committed 4864K, reserved 1048576K
}
Event: 3.031 GC heap after
{Heap after GC invocations=5 (full 0):
 garbage-first heap   total 262144K, used 22650K [0x0000000080000000, 0x0000000100000000)
  region size 1024K, 6 young (6144K), 6 survivors (6144K)
 Metaspace       used 35187K, capacity 35962K, committed 36048K, reserved 1081344K
  class space    used 4529K, capacity 4838K, committed 4864K, reserved 1048576K
}
Event: 4.279 GC heap before
{Heap before GC invocations=6 (full 0):
 garbage-first heap   total 262144K, used 151674K [0x0000000080000000, 0x0000000100000000)
  region size 1024K, 129 young (132096K), 6 survivors (6144K)
 Metaspace       used 45532K, capacity 46619K, committed 46876K, reserved 1089536K
  class space    used 5783K, capacity 6180K, committed 6220K, reserved 1048576K
}
Event: 4.287 GC heap after
{Heap after GC invocations=7 (full 0):
 garbage-first heap   total 262144K, used 29824K [0x0000000080000000, 0x0000000100000000)
  region size 1024K, 13 young (13312K), 13 survivors (13312K)
 Metaspace       used 45532K, capacity 46619K, committed 46876K, reserved 1089536K
  class space    used 5783K, capacity 6180K, committed 6220K, reserved 1048576K
}

Deoptimization events (20 events):
Event: 4.677 Thread 0x000001ea80ef0800 DEOPT PACKING pc=0x000001eaeb796a34 sp=0x000000cb22ffd980
Event: 4.677 Thread 0x000001ea80ef0800 DEOPT UNPACKING pc=0x000001eae3bba1af sp=0x000000cb22ffd910 mode 2
Event: 4.678 Thread 0x000001ea80ef0800 Uncommon trap: trap_request=0xffffffde fr.pc=0x000001eaeb796a34 relative=0x00000000000011f4
Event: 4.678 Thread 0x000001ea80ef0800 Uncommon trap: reason=class_check action=maybe_recompile pc=0x000001eaeb796a34 method=java.util.concurrent.ConcurrentHashMap.putVal(Ljava/lang/Object;Ljava/lang/Object;Z)Ljava/lang/Object; @ 159 c2
Event: 4.678 Thread 0x000001ea80ef0800 DEOPT PACKING pc=0x000001eaeb796a34 sp=0x000000cb22ffd660
Event: 4.678 Thread 0x000001ea80ef0800 DEOPT UNPACKING pc=0x000001eae3bba1af sp=0x000000cb22ffd5f0 mode 2
Event: 4.679 Thread 0x000001ea80ef0800 Uncommon trap: trap_request=0xffffffde fr.pc=0x000001eaeb796a34 relative=0x00000000000011f4
Event: 4.679 Thread 0x000001ea80ef0800 Uncommon trap: reason=class_check action=maybe_recompile pc=0x000001eaeb796a34 method=java.util.concurrent.ConcurrentHashMap.putVal(Ljava/lang/Object;Ljava/lang/Object;Z)Ljava/lang/Object; @ 159 c2
Event: 4.679 Thread 0x000001ea80ef0800 DEOPT PACKING pc=0x000001eaeb796a34 sp=0x000000cb22ffd1d0
Event: 4.679 Thread 0x000001ea80ef0800 DEOPT UNPACKING pc=0x000001eae3bba1af sp=0x000000cb22ffd160 mode 2
Event: 4.682 Thread 0x000001ea80eee800 Uncommon trap: trap_request=0xffffffc6 fr.pc=0x000001eaeb7fc4b8 relative=0x0000000000000a98
Event: 4.682 Thread 0x000001ea80eee800 Uncommon trap: reason=bimorphic_or_optimized_type_check action=maybe_recompile pc=0x000001eaeb7fc4b8 method=java.io.BufferedInputStream.read([BII)I @ 101 c2
Event: 4.682 Thread 0x000001ea80eee800 DEOPT PACKING pc=0x000001eaeb7fc4b8 sp=0x000000cb22efd3e0
Event: 4.682 Thread 0x000001ea80eee800 DEOPT UNPACKING pc=0x000001eae3bba1af sp=0x000000cb22efd398 mode 2
Event: 4.685 Thread 0x000001ea80eef800 Uncommon trap: trap_request=0xffffffc6 fr.pc=0x000001eaeb7fc4b8 relative=0x0000000000000a98
Event: 4.685 Thread 0x000001ea80eef800 Uncommon trap: reason=bimorphic_or_optimized_type_check action=maybe_recompile pc=0x000001eaeb7fc4b8 method=java.io.BufferedInputStream.read([BII)I @ 101 c2
Event: 4.685 Thread 0x000001ea80eef800 DEOPT PACKING pc=0x000001eaeb7fc4b8 sp=0x000000cb230fcfc0
Event: 4.685 Thread 0x000001ea80eef800 DEOPT UNPACKING pc=0x000001eae3bba1af sp=0x000000cb230fcf78 mode 2
Event: 4.686 Thread 0x000001ea80eef800 DEOPT PACKING pc=0x000001eae4785974 sp=0x000000cb230fcf60
Event: 4.686 Thread 0x000001ea80eef800 DEOPT UNPACKING pc=0x000001eae3bba95e sp=0x000000cb230fc500 mode 0

Classes redefined (0 events):
No events

Internal exceptions (20 events):
Event: 4.052 Thread 0x000001eafcb54000 Exception <a 'java/lang/ClassNotFoundException'{0x0000000089fe8ed8}: org/gradle/api/internal/initialization/DefaultScriptHandlerBeanInfo> (0x0000000089fe8ed8) thrown at [./src/hotspot/share/classfile/systemDictionary.cpp, line 231]
Event: 4.053 Thread 0x000001eafcb54000 Exception <a 'java/lang/ClassNotFoundException'{0x0000000089813828}: org/gradle/api/internal/initialization/DefaultScriptHandlerCustomizer> (0x0000000089813828) thrown at [./src/hotspot/share/classfile/systemDictionary.cpp, line 231]
Event: 4.149 Thread 0x000001eafcb54000 Exception <a 'java/lang/ClassNotFoundException'{0x00000000890c56c0}: org/gradle/api/internal/artifacts/dsl/dependencies/DefaultDependencyHandler_DecoratedBeanInfo> (0x00000000890c56c0) thrown at [./src/hotspot/share/classfile/systemDictionary.cpp, line 231]
Event: 4.150 Thread 0x000001eafcb54000 Exception <a 'java/lang/ClassNotFoundException'{0x0000000088f04858}: org/gradle/api/internal/artifacts/dsl/dependencies/DefaultDependencyHandlerBeanInfo> (0x0000000088f04858) thrown at [./src/hotspot/share/classfile/systemDictionary.cpp, line 231]
Event: 4.151 Thread 0x000001eafcb54000 Exception <a 'java/lang/ClassNotFoundException'{0x0000000088f436c0}: org/gradle/api/internal/artifacts/dsl/dependencies/DefaultDependencyHandlerCustomizer> (0x0000000088f436c0) thrown at [./src/hotspot/share/classfile/systemDictionary.cpp, line 231]
Event: 4.153 Thread 0x000001eafcb54000 Exception <a 'java/lang/ClassNotFoundException'{0x0000000088fad0a0}: org/gradle/api/internal/artifacts/dsl/dependencies/DefaultDependencyHandler_DecoratedCustomizer> (0x0000000088fad0a0) thrown at [./src/hotspot/share/classfile/systemDictionary.cpp, line 231]
Event: 4.168 Thread 0x000001eafcb54000 Exception <a 'java/lang/ClassNotFoundException'{0x0000000088ec14f0}: org/gradle/plugin/use/internal/PluginRequestCollector$PluginDependenciesSpecImplBeanInfo> (0x0000000088ec14f0) thrown at [./src/hotspot/share/classfile/systemDictionary.cpp, line 231]
Event: 4.169 Thread 0x000001eafcb54000 Exception <a 'java/lang/ClassNotFoundException'{0x0000000088ef09a0}: org/gradle/plugin/use/internal/PluginRequestCollector$PluginDependenciesSpecImplCustomizer> (0x0000000088ef09a0) thrown at [./src/hotspot/share/classfile/systemDictionary.cpp, line 231]
Event: 4.172 Thread 0x000001eafcb54000 Exception <a 'java/lang/ClassNotFoundException'{0x0000000088d51fa8}: org/gradle/plugin/use/internal/PluginRequestCollector$PluginDependencySpecImplBeanInfo> (0x0000000088d51fa8) thrown at [./src/hotspot/share/classfile/systemDictionary.cpp, line 231]
Event: 4.173 Thread 0x000001eafcb54000 Exception <a 'java/lang/ClassNotFoundException'{0x0000000088d809d0}: org/gradle/plugin/use/internal/PluginRequestCollector$PluginDependencySpecImplCustomizer> (0x0000000088d809d0) thrown at [./src/hotspot/share/classfile/systemDictionary.cpp, line 231]
Event: 4.317 Thread 0x000001eafcb54000 Exception <a 'java/lang/NoSuchMethodError'{0x000000008faa4588}: 'int java.lang.invoke.DirectMethodHandle$Holder.invokeInterface(java.lang.Object, java.lang.Object)'> (0x000000008faa4588) thrown at [./src/hotspot/share/interpreter/linkResolver.cpp, line 773]
Event: 4.317 Thread 0x000001eafcb54000 Exception <a 'java/lang/IncompatibleClassChangeError'{0x000000008faa8068}: Found class java.lang.Object, but interface was expected> (0x000000008faa8068) thrown at [./src/hotspot/share/interpreter/linkResolver.cpp, line 839]
Event: 4.370 Thread 0x000001eafcb54000 Exception <a 'java/lang/NoSuchMethodError'{0x000000008f12eb10}: 'int java.lang.invoke.DirectMethodHandle$Holder.invokeStaticInit(java.lang.Object)'> (0x000000008f12eb10) thrown at [./src/hotspot/share/interpreter/linkResolver.cpp, line 773]
Event: 4.390 Thread 0x000001eafcb54000 Exception <a 'java/lang/NoSuchMethodError'{0x000000008ee0a0a8}: 'void java.lang.invoke.DirectMethodHandle$Holder.invokeStatic(java.lang.Object, java.lang.Object, java.lang.Object, int, java.lang.Object)'> (0x000000008ee0a0a8) thrown at [./src/hotspot/share/interpreter/linkResolver.cpp, line 773]
Event: 4.422 Thread 0x000001eafcb54000 Exception <a 'java/lang/NoSuchMethodError'{0x000000008ebde8c8}: 'java.lang.Object java.lang.invoke.DelegatingMethodHandle$Holder.reinvoke_L(java.lang.Object, java.lang.Object, java.lang.Object, java.lang.Object, java.lang.Object, java.lang.Object, java.lang.Object, java.lang.Object, java.lang.Object, java.lang.Object, java.lang.Object, java.lang.Object, java.lang.Object, java.lang.Object, java.lang.Object, java.lang.Object, java.lang.Object, java.lang.Object, java.lang.Object, java.lang.Object, java.lang.O
Event: 4.422 Thread 0x000001eafcb54000 Exception <a 'java/lang/NoSuchMethodError'{0x000000008ebf01d8}: 'java.lang.Object java.lang.invoke.Invokers$Holder.invoker(java.lang.Object, java.lang.Object, java.lang.Object, java.lang.Object, java.lang.Object, java.lang.Object, java.lang.Object, java.lang.Object, java.lang.Object, java.lang.Object, java.lang.Object, java.lang.Object, java.lang.Object, java.lang.Object, java.lang.Object, java.lang.Object, java.lang.Object, java.lang.Object, java.lang.Object, java.lang.Object, java.lang.Object)'> (0x00000
Event: 4.422 Thread 0x000001eafcb54000 Exception <a 'java/lang/NoSuchMethodError'{0x000000008ebf7548}: 'java.lang.Object java.lang.invoke.DelegatingMethodHandle$Holder.delegate(java.lang.Object, java.lang.Object, java.lang.Object, java.lang.Object, java.lang.Object, java.lang.Object, java.lang.Object, java.lang.Object, java.lang.Object, java.lang.Object, java.lang.Object, java.lang.Object, java.lang.Object, java.lang.Object, java.lang.Object, java.lang.Object, java.lang.Object, java.lang.Object, java.lang.Object, java.lang.Object, java.lang.Obj
Event: 4.426 Thread 0x000001eafcb54000 Exception <a 'java/lang/NoSuchMethodError'{0x000000008ea40cd0}: 'java.lang.Object java.lang.invoke.DirectMethodHandle$Holder.invokeStatic(java.lang.Object, java.lang.Object, java.lang.Object, java.lang.Object, java.lang.Object, java.lang.Object, java.lang.Object, java.lang.Object, java.lang.Object, java.lang.Object, java.lang.Object, java.lang.Object, java.lang.Object, java.lang.Object, java.lang.Object)'> (0x000000008ea40cd0) thrown at [./src/hotspot/share/interpreter/linkResolver.cpp, line 773]
Event: 4.428 Thread 0x000001eafcb54000 Exception <a 'java/lang/NoSuchMethodError'{0x000000008ea51308}: 'java.lang.Object java.lang.invoke.DirectMethodHandle$Holder.invokeStatic(java.lang.Object, java.lang.Object, java.lang.Object, java.lang.Object, java.lang.Object, java.lang.Object, java.lang.Object, java.lang.Object, java.lang.Object, java.lang.Object, java.lang.Object, java.lang.Object, java.lang.Object, java.lang.Object, java.lang.Object, java.lang.Object)'> (0x000000008ea51308) thrown at [./src/hotspot/share/interpreter/linkResolver.cpp, l
Event: 4.429 Thread 0x000001eafcb54000 Exception <a 'java/lang/NoSuchMethodError'{0x000000008ea61850}: 'java.lang.Object java.lang.invoke.DelegatingMethodHandle$Holder.reinvoke_L(java.lang.Object, java.lang.Object, java.lang.Object, java.lang.Object, java.lang.Object, java.lang.Object, java.lang.Object, java.lang.Object, java.lang.Object, java.lang.Object, java.lang.Object, java.lang.Object, java.lang.Object, java.lang.Object, java.lang.Object, java.lang.Object, java.lang.Object, java.lang.Object, java.lang.Object, java.lang.Object)'> (0x000000

Events (20 events):
Event: 4.688 Thread 0x000001eaff105000 Thread added: 0x000001eaff105000
Event: 4.688 loading class org/gradle/api/internal/artifacts/DownloadArtifactBuildOperationType$Result
Event: 4.688 loading class org/gradle/api/internal/artifacts/DownloadArtifactBuildOperationType$Result done
Event: 4.689 loading class org/gradle/api/internal/artifacts/DownloadArtifactBuildOperationType$1
Event: 4.689 loading class org/gradle/api/internal/artifacts/DownloadArtifactBuildOperationType$1 done
Event: 4.690 Thread 0x000001eaff102800 Thread added: 0x000001eaff102800
Event: 4.690 Thread 0x000001eaff106000 Thread added: 0x000001eaff106000
Event: 4.690 Thread 0x000001eaff106800 Thread added: 0x000001eaff106800
Event: 4.690 Executing VM operation: RevokeBias
Event: 4.690 loading class org/gradle/internal/resources/DefaultResourceLockCoordinationService$ReleaseLocks
Event: 4.690 loading class org/gradle/internal/resources/DefaultResourceLockCoordinationService$ReleaseLocks done
Event: 4.691 Executing VM operation: RevokeBias done
Event: 4.691 Thread 0x000001eaff101000 Thread added: 0x000001eaff101000
Event: 4.691 Thread 0x000001eaff10c800 Thread added: 0x000001eaff10c800
Event: 4.692 Thread 0x000001eaff108800 Thread added: 0x000001eaff108800
Event: 4.692 Thread 0x000001eaff10a800 Thread added: 0x000001eaff10a800
Event: 4.694 Thread 0x000001eaff10b800 Thread added: 0x000001eaff10b800
Event: 4.694 Thread 0x000001eaff10d000 Thread added: 0x000001eaff10d000
Event: 4.694 Thread 0x000001eaff107800 Thread added: 0x000001eaff107800
Event: 4.694 Thread 0x000001eaff10e000 Thread added: 0x000001eaff10e000


Dynamic libraries:
0x00007ff641f30000 - 0x00007ff641f3a000 	C:\Program Files\Android\Android Studio\jre\bin\java.exe
0x00007ffe65f90000 - 0x00007ffe66188000 	C:\Windows\SYSTEM32\ntdll.dll
0x00007ffe64e60000 - 0x00007ffe64f1d000 	C:\Windows\System32\KERNEL32.DLL
0x00007ffe63d20000 - 0x00007ffe63fee000 	C:\Windows\System32\KERNELBASE.dll
0x00007ffe63980000 - 0x00007ffe63a80000 	C:\Windows\System32\ucrtbase.dll
0x00007ffe5d550000 - 0x00007ffe5d567000 	C:\Program Files\Android\Android Studio\jre\bin\VCRUNTIME140.dll
0x00007ffe4c250000 - 0x00007ffe4c269000 	C:\Program Files\Android\Android Studio\jre\bin\jli.dll
0x00007ffe64050000 - 0x00007ffe641f0000 	C:\Windows\System32\USER32.dll
0x00007ffe638c0000 - 0x00007ffe638e2000 	C:\Windows\System32\win32u.dll
0x00007ffe62ac0000 - 0x00007ffe62d5a000 	C:\Windows\WinSxS\amd64_microsoft.windows.common-controls_6595b64144ccf1df_6.0.19041.1110_none_60b5254171f9507e\COMCTL32.dll
0x00007ffe65da0000 - 0x00007ffe65dca000 	C:\Windows\System32\GDI32.dll
0x00007ffe641f0000 - 0x00007ffe6428e000 	C:\Windows\System32\msvcrt.dll
0x00007ffe63760000 - 0x00007ffe6386b000 	C:\Windows\System32\gdi32full.dll
0x00007ffe63a80000 - 0x00007ffe63b1d000 	C:\Windows\System32\msvcp_win.dll
0x00007ffe648f0000 - 0x00007ffe64920000 	C:\Windows\System32\IMM32.DLL
0x00007ffe4c2a0000 - 0x00007ffe4c33d000 	C:\Program Files\Android\Android Studio\jre\bin\msvcp140.dll
0x00007ffdf5760000 - 0x00007ffdf6262000 	C:\Program Files\Android\Android Studio\jre\bin\server\jvm.dll
0x00007ffe64920000 - 0x00007ffe649ce000 	C:\Windows\System32\ADVAPI32.dll
0x00007ffe65b40000 - 0x00007ffe65bdc000 	C:\Windows\System32\sechost.dll
0x00007ffe645f0000 - 0x00007ffe64715000 	C:\Windows\System32\RPCRT4.dll
0x00007ffe65ec0000 - 0x00007ffe65ec8000 	C:\Windows\System32\PSAPI.DLL
0x00007ffe548a0000 - 0x00007ffe548a9000 	C:\Windows\SYSTEM32\WSOCK32.dll
0x00007ffe55ad0000 - 0x00007ffe55af7000 	C:\Windows\SYSTEM32\WINMM.dll
0x00007ffe60850000 - 0x00007ffe6085a000 	C:\Windows\SYSTEM32\VERSION.dll
0x00007ffe64df0000 - 0x00007ffe64e5b000 	C:\Windows\System32\WS2_32.dll
0x00007ffe60fe0000 - 0x00007ffe60ff2000 	C:\Windows\SYSTEM32\kernel.appcore.dll
0x00007ffe5ea20000 - 0x00007ffe5ea31000 	C:\Program Files\Android\Android Studio\jre\bin\verify.dll
0x00007ffe62f40000 - 0x00007ffe63124000 	C:\Windows\SYSTEM32\DBGHELP.DLL
0x00007ffe62e90000 - 0x00007ffe62ebc000 	C:\Windows\SYSTEM32\dbgcore.DLL
0x00007ffe638f0000 - 0x00007ffe63972000 	C:\Windows\System32\bcryptPrimitives.dll
0x00007ffe58930000 - 0x00007ffe58959000 	C:\Program Files\Android\Android Studio\jre\bin\java.dll
0x00007ffe5ebc0000 - 0x00007ffe5ebcb000 	C:\Program Files\Android\Android Studio\jre\bin\jimage.dll
0x00007ffe5ea00000 - 0x00007ffe5ea18000 	C:\Program Files\Android\Android Studio\jre\bin\zip.dll
0x00007ffe64f80000 - 0x00007ffe656c3000 	C:\Windows\System32\SHELL32.dll
0x00007ffe61170000 - 0x00007ffe61905000 	C:\Windows\SYSTEM32\windows.storage.dll
0x00007ffe64a80000 - 0x00007ffe64dd4000 	C:\Windows\System32\combase.dll
0x00007ffe62a20000 - 0x00007ffe62a50000 	C:\Windows\SYSTEM32\Wldp.dll
0x00007ffe649d0000 - 0x00007ffe64a7d000 	C:\Windows\System32\SHCORE.dll
0x00007ffe647b0000 - 0x00007ffe64805000 	C:\Windows\System32\shlwapi.dll
0x00007ffe635f0000 - 0x00007ffe6360f000 	C:\Windows\SYSTEM32\profapi.dll
0x00007ffe5de10000 - 0x00007ffe5de2a000 	C:\Program Files\Android\Android Studio\jre\bin\net.dll
0x00007ffe5c570000 - 0x00007ffe5c67a000 	C:\Windows\SYSTEM32\WINHTTP.dll
0x00007ffe62770000 - 0x00007ffe627da000 	C:\Windows\system32\mswsock.dll
0x00007ffe548b0000 - 0x00007ffe548c4000 	C:\Program Files\Android\Android Studio\jre\bin\nio.dll
0x00007ffe49d60000 - 0x00007ffe49d87000 	C:\Users\filip\.gradle\native\e1d6ef7f7dcc3fd88c89a11ec53ec762bb8ba0a96d01ffa2cd45eb1d1d8dd5c5\windows-amd64\native-platform.dll
0x00007ffe0d360000 - 0x00007ffe0d4a4000 	C:\Users\filip\.gradle\native\0d407fdbe67a94daf76414ababcb853783967236a71b16ec16e742cd7a986fd3\windows-amd64\native-platform-file-events.dll
0x00007ffe58750000 - 0x00007ffe5875a000 	C:\Program Files\Android\Android Studio\jre\bin\management.dll
0x00007ffe54dd0000 - 0x00007ffe54ddd000 	C:\Program Files\Android\Android Studio\jre\bin\management_ext.dll
0x00007ffe63440000 - 0x00007ffe63458000 	C:\Windows\SYSTEM32\CRYPTSP.dll
0x00007ffe62120000 - 0x00007ffe62154000 	C:\Windows\system32\rsaenh.dll
0x00007ffe63b20000 - 0x00007ffe63b47000 	C:\Windows\System32\bcrypt.dll
0x00007ffe63570000 - 0x00007ffe6359e000 	C:\Windows\SYSTEM32\USERENV.dll
0x00007ffe62860000 - 0x00007ffe6286c000 	C:\Windows\SYSTEM32\CRYPTBASE.dll
0x00007ffe62470000 - 0x00007ffe624ab000 	C:\Windows\SYSTEM32\IPHLPAPI.DLL
0x00007ffe65d90000 - 0x00007ffe65d98000 	C:\Windows\System32\NSI.dll
0x00007ffe5cc40000 - 0x00007ffe5cc57000 	C:\Windows\SYSTEM32\dhcpcsvc6.DLL
0x00007ffe5cc20000 - 0x00007ffe5cc3d000 	C:\Windows\SYSTEM32\dhcpcsvc.DLL
0x00007ffe624b0000 - 0x00007ffe6257a000 	C:\Windows\SYSTEM32\DNSAPI.dll

dbghelp: loaded successfully - version: 4.0.5 - missing functions: none
symbol engine: initialized successfully - sym options: 0x614 - pdb path: .;C:\Program Files\Android\Android Studio\jre\bin;C:\Windows\SYSTEM32;C:\Windows\WinSxS\amd64_microsoft.windows.common-controls_6595b64144ccf1df_6.0.19041.1110_none_60b5254171f9507e;C:\Program Files\Android\Android Studio\jre\bin\server;C:\Users\filip\.gradle\native\e1d6ef7f7dcc3fd88c89a11ec53ec762bb8ba0a96d01ffa2cd45eb1d1d8dd5c5\windows-amd64;C:\Users\filip\.gradle\native\0d407fdbe67a94daf76414ababcb853783967236a71b16ec16e742cd7a986fd3\windows-amd64

VM Arguments:
jvm_args: --add-opens=java.base/java.util=ALL-UNNAMED --add-opens=java.base/java.lang=ALL-UNNAMED --add-opens=java.base/java.lang.invoke=ALL-UNNAMED --add-opens=java.base/java.util=ALL-UNNAMED --add-opens=java.prefs/java.util.prefs=ALL-UNNAMED --add-opens=java.prefs/java.util.prefs=ALL-UNNAMED --add-opens=java.base/java.nio.charset=ALL-UNNAMED --add-opens=java.base/java.net=ALL-UNNAMED --add-opens=java.base/java.util.concurrent.atomic=ALL-UNNAMED -Xmx2048m -Dfile.encoding=UTF-8 -Duser.country=SE -Duser.language=sv -Duser.variant 
java_command: org.gradle.launcher.daemon.bootstrap.GradleDaemon 7.4
java_class_path (initial): C:\Users\filip\.gradle\wrapper\dists\gradle-7.4-bin\c0gwcg53nkjbqw7r0h0umtfvt\gradle-7.4\lib\gradle-launcher-7.4.jar
Launcher Type: SUN_STANDARD

[Global flags]
     intx CICompilerCount                          = 4                                         {product} {ergonomic}
     uint ConcGCThreads                            = 2                                         {product} {ergonomic}
     uint G1ConcRefinementThreads                  = 8                                         {product} {ergonomic}
   size_t G1HeapRegionSize                         = 1048576                                   {product} {ergonomic}
    uintx GCDrainStackTargetSize                   = 64                                        {product} {ergonomic}
   size_t InitialHeapSize                          = 268435456                                 {product} {ergonomic}
   size_t MarkStackSize                            = 4194304                                   {product} {ergonomic}
   size_t MaxHeapSize                              = 2147483648                                {product} {command line}
   size_t MaxNewSize                               = 1287651328                                {product} {ergonomic}
   size_t MinHeapDeltaBytes                        = 1048576                                   {product} {ergonomic}
    uintx NonNMethodCodeHeapSize                   = 5836300                                {pd product} {ergonomic}
    uintx NonProfiledCodeHeapSize                  = 122910970                              {pd product} {ergonomic}
    uintx ProfiledCodeHeapSize                     = 122910970                              {pd product} {ergonomic}
    uintx ReservedCodeCacheSize                    = 251658240                              {pd product} {ergonomic}
     bool SegmentedCodeCache                       = true                                      {product} {ergonomic}
     bool UseCompressedClassPointers               = true                                 {lp64_product} {ergonomic}
     bool UseCompressedOops                        = true                                 {lp64_product} {ergonomic}
     bool UseG1GC                                  = true                                      {product} {ergonomic}
     bool UseLargePagesIndividualAllocation        = false                                  {pd product} {ergonomic}

Logging:
Log output configuration:
 #0: stdout all=warning uptime,level,tags
 #1: stderr all=off uptime,level,tags

Environment Variables:
PATH=C:\Windows\system32;C:\Windows;C:\Windows\System32\Wbem;C:\Windows\System32\WindowsPowerShell\v1.0\;C:\Windows\System32\OpenSSH\;C:\Program Files\Git\cmd;C:\Users\filip\AppData\Local\Microsoft\WindowsApps;;C:\Users\filip\AppData\Local\Programs\Microsoft VS Code\bin
USERNAME=filip
OS=Windows_NT
PROCESSOR_IDENTIFIER=Intel64 Family 6 Model 58 Stepping 9, GenuineIntel



---------------  S Y S T E M  ---------------

OS: Windows 10 , 64 bit Build 19041 (10.0.19041.1889)
OS uptime: 0 days 0:12 hours

CPU:total 8 (initial active 8) (4 cores per cpu, 2 threads per core) family 6 model 58 stepping 9 microcode 0x21, cmov, cx8, fxsr, mmx, sse, sse2, sse3, ssse3, sse4.1, sse4.2, popcnt, avx, aes, clmul, erms, ht, tsc, tscinvbit, tscinv

Memory: 4k page, system-wide physical 16333M (7824M free)
TotalPageFile size 18765M (AvailPageFile size 8107M)
current process WorkingSet (physical memory assigned to process): 347M, peak: 347M
current process commit charge ("private bytes"): 478M, peak: 478M

vm_info: OpenJDK 64-Bit Server VM (11.0.13+0-b1751.21-8125866) for windows-amd64 JRE (11.0.13+0-b1751.21-8125866), built on Feb  2 2022 03:00:22 by "builder" with MS VC++ 14.0 (VS2015)

END.
