#
# A fatal error has been detected by the Java Runtime Environment:
#
#  EXCEPTION_ACCESS_VIOLATION (0xc0000005) at pc=0x00007ff8be59de3c, pid=17292, tid=3356
#
# JRE version: OpenJDK Runtime Environment (11.0.13) (build 11.0.13+0-b1751.21-8125866)
# Java VM: OpenJDK 64-Bit Server VM (11.0.13+0-b1751.21-8125866, mixed mode, tiered, compressed oops, g1 gc, windows-amd64)
# Problematic frame:
# V  [jvm.dll+0x35de3c]
#
# No core dump will be written. Minidumps are not enabled by default on client versions of Windows
#
# If you would like to submit a bug report, please visit:
#   https://bugreport.java.com/bugreport/crash.jsp
#

---------------  S U M M A R Y ------------

Command Line: --add-opens=java.base/java.util=ALL-UNNAMED --add-opens=java.base/java.lang=ALL-UNNAMED --add-opens=java.base/java.lang.invoke=ALL-UNNAMED --add-opens=java.base/java.util=ALL-UNNAMED --add-opens=java.prefs/java.util.prefs=ALL-UNNAMED --add-opens=java.prefs/java.util.prefs=ALL-UNNAMED --add-opens=java.base/java.nio.charset=ALL-UNNAMED --add-opens=java.base/java.net=ALL-UNNAMED --add-opens=java.base/java.util.concurrent.atomic=ALL-UNNAMED -Xmx2048m -Dfile.encoding=UTF-8 -Duser.country=SE -Duser.language=sv -Duser.variant org.gradle.launcher.daemon.bootstrap.GradleDaemon 7.4

Host: Intel(R) Core(TM) i7-3770K CPU @ 3.50GHz, 8 cores, 15G,  Windows 10 , 64 bit Build 19041 (10.0.19041.1889)
Time: Wed Oct  5 14:57:02 2022 Västeuropa, sommartid elapsed time: 175.870244 seconds (0d 0h 2m 55s)

---------------  T H R E A D  ---------------

Current thread (0x00000245d81f5000):  JavaThread "C2 CompilerThread2" daemon [_thread_in_native, id=3356, stack(0x000000ca7bf00000,0x000000ca7c000000)]


Current CompileTask:
C2: 175870 14485       4       com.android.utils.XmlUtils::toXmlAttributeValue (89 bytes)

Stack: [0x000000ca7bf00000,0x000000ca7c000000],  sp=0x000000ca7bffbfb0,  free space=1007k
Native frames: (J=compiled Java code, j=interpreted, Vv=VM code, C=native code)
V  [jvm.dll+0x35de3c]
V  [jvm.dll+0x19d519]
V  [jvm.dll+0x2033be]
V  [jvm.dll+0x202437]
V  [jvm.dll+0x188e01]
V  [jvm.dll+0x21106b]
V  [jvm.dll+0x20f8c1]
V  [jvm.dll+0x70de0f]
V  [jvm.dll+0x706a75]
V  [jvm.dll+0x60ed66]
C  [ucrtbase.dll+0x21bb2]
C  [KERNEL32.DLL+0x17034]
C  [ntdll.dll+0x526a1]


siginfo: EXCEPTION_ACCESS_VIOLATION (0xc0000005), reading address 0x00000b5d180b4c00


Register to memory mapping:

RIP=0x00007ff8be59de3c jvm.dll
RAX=0x00000245d22671e8 points into unknown readable memory: 0x00000245d22670f0 | f0 70 26 d2 45 02 00 00
RBX=0x0000000000000002 is an unknown value
RCX=0x0000000000000001 is an unknown value
RDX=0x0000000000000008 is an unknown value
RSP=0x000000ca7bffbfb0 is pointing into the stack for thread: 0x00000245d81f5000
RBP=0x0000000000000001 is an unknown value
RSI=0x00000245d24b0088 points into unknown readable memory: 0x00007ff8be9ec928 | 28 c9 9e be f8 7f 00 00
RDI=0x0 is NULL
R8 =0x00000245cedf49e0 points into unknown readable memory: 0x000000000200009e | 9e 00 00 02 00 00 00 00
R9 =0x000000ca7bffbf40 is pointing into the stack for thread: 0x00000245d81f5000
R10=0x0000000000000002 is an unknown value
R11=0x000000ca7bffbf60 is pointing into the stack for thread: 0x00000245d81f5000
R12=0x0 is NULL
R13=0x000000ca7bffc4f0 is pointing into the stack for thread: 0x00000245d81f5000
R14=0x00007ff8bec68a10 jvm.dll
R15=0x00000245d7e77b30 points into unknown readable memory: 0x0000000000000007 | 07 00 00 00 00 00 00 00


Registers:
RAX=0x00000245d22671e8, RBX=0x0000000000000002, RCX=0x0000000000000001, RDX=0x0000000000000008
RSP=0x000000ca7bffbfb0, RBP=0x0000000000000001, RSI=0x00000245d24b0088, RDI=0x0000000000000000
R8 =0x00000245cedf49e0, R9 =0x000000ca7bffbf40, R10=0x0000000000000002, R11=0x000000ca7bffbf60
R12=0x0000000000000000, R13=0x000000ca7bffc4f0, R14=0x00007ff8bec68a10, R15=0x00000245d7e77b30
RIP=0x00007ff8be59de3c, EFLAGS=0x0000000000010293

Top of Stack: (sp=0x000000ca7bffbfb0)
0x000000ca7bffbfb0:   00000245d24af360 0000000000000000
0x000000ca7bffbfc0:   000000ca7bffc4f0 00007ff8be748ac2
0x000000ca7bffbfd0:   00000245d2267158 000000ca7bffc1c0
0x000000ca7bffbfe0:   0000000000000000 0000000000000000
0x000000ca7bffbff0:   0000024500000002 00000245d00d7b00
0x000000ca7bffc000:   0000000500000000 00007ff8bea97218
0x000000ca7bffc010:   0000000000000000 0000000000000000
0x000000ca7bffc020:   0000000000000000 00007ff8bea97218
0x000000ca7bffc030:   000000ca7bffbf00 00000245d1a1ca10
0x000000ca7bffc040:   000000ca7bffc150 00000245d7950040
0x000000ca7bffc050:   00000245d7950050 00000000000003d8
0x000000ca7bffc060:   00000245d7950428 000000ca7bffc5d8
0x000000ca7bffc070:   000000ca7bffc190 000000ca7bffc4f0
0x000000ca7bffc080:   0000000000000008 00007ff8be3dd519
0x000000ca7bffc090:   000000ca0000002a 000000ca00000034
0x000000ca7bffc0a0:   000000ca00000001 00000245d7e77b30 

Instructions: (pc=0x00007ff8be59de3c)
0x00007ff8be59dd3c:   cc cc cc cc 41 55 48 81 ec d0 00 00 00 4c 8b e9
0x00007ff8be59dd4c:   4c 8d 05 0d 1f 6e 00 48 8d 4c 24 30 48 8d 15 b9
0x00007ff8be59dd5c:   94 4f 00 e8 ac 4f ea ff 49 8b 45 48 33 c9 89 8c
0x00007ff8be59dd6c:   24 e8 00 00 00 39 48 40 0f 86 df 03 00 00 48 89
0x00007ff8be59dd7c:   9c 24 c8 00 00 00 48 89 ac 24 c0 00 00 00 48 89
0x00007ff8be59dd8c:   b4 24 b8 00 00 00 48 89 bc 24 b0 00 00 00 4c 89
0x00007ff8be59dd9c:   a4 24 a8 00 00 00 4c 89 b4 24 a0 00 00 00 4c 8d
0x00007ff8be59ddac:   35 5f ac 6c 00 4c 89 bc 24 98 00 00 00 0f 1f 80
0x00007ff8be59ddbc:   00 00 00 00 48 8b 40 30 48 8b 34 c8 48 89 74 24
0x00007ff8be59ddcc:   20 8b 46 4c 8b 5e 28 ff c8 ff cb 4c 8d 3c 80 49
0x00007ff8be59dddc:   8b 45 68 49 c1 e7 05 4c 03 78 10 4c 89 bc 24 f8
0x00007ff8be59ddec:   00 00 00 3b 5e 18 73 0a 48 8b 46 20 48 8b 3c d8
0x00007ff8be59ddfc:   eb 02 33 ff 48 8b 07 48 8b cf ff 50 20 48 3b c7
0x00007ff8be59de0c:   74 03 2b 5e 48 8d 43 01 83 f8 01 0f 86 e7 02 00
0x00007ff8be59de1c:   00 0f 1f 00 ff c8 89 84 24 f0 00 00 00 3b 46 18
0x00007ff8be59de2c:   73 0c 8b c8 48 8b 46 20 48 8b 34 c8 eb 02 33 f6
0x00007ff8be59de3c:   48 63 4e 28 49 8b 85 28 01 00 00 44 8b 24 88 45
0x00007ff8be59de4c:   85 e4 0f 84 a7 00 00 00 49 8b 47 08 41 8b cc 48
0x00007ff8be59de5c:   c1 e9 08 45 8b cc 49 c1 e9 05 41 b8 01 00 00 00
0x00007ff8be59de6c:   41 83 e1 07 48 8b 14 c8 41 8b cc 83 e1 1f 41 d3
0x00007ff8be59de7c:   e0 41 8b c0 42 8b 0c 8a f7 d0 23 c1 42 89 04 8a
0x00007ff8be59de8c:   41 85 c8 74 03 41 ff 0f 0f b7 46 30 83 e0 01 74
0x00007ff8be59de9c:   50 8b c8 48 8b 46 08 48 8b 0c c8 49 8b 85 28 01
0x00007ff8be59deac:   00 00 48 63 51 28 8b 0c 90 49 8b 47 08 8b d1 48
0x00007ff8be59debc:   c1 ea 08 44 8b c9 49 c1 e9 05 83 e1 1f 41 83 e1
0x00007ff8be59decc:   07 4c 8b 04 d0 ba 01 00 00 00 d3 e2 8b c2 f7 d0
0x00007ff8be59dedc:   43 8b 0c 88 23 c1 43 89 04 88 85 ca 74 03 41 ff
0x00007ff8be59deec:   0f 4d 8b c7 41 8b d4 49 8b cd e8 35 0d 00 00 8b
0x00007ff8be59defc:   46 2c 83 e0 0f 3c 0c 74 77 bd 01 00 00 00 39 6e
0x00007ff8be59df0c:   18 76 6d 90 48 8b 46 08 8b cd 48 8b 0c c8 49 8b
0x00007ff8be59df1c:   85 28 01 00 00 48 63 51 28 8b 1c 90 85 db 74 49
0x00007ff8be59df2c:   49 8b 47 08 8b d3 48 c1 ea 08 8b fb 4c 8b 04 d0 


Stack slot to memory mapping:
stack at sp + 0 slots: 0x00000245d24af360 points into unknown readable memory: 0x00007ff8bea4e640 | 40 e6 a4 be f8 7f 00 00
stack at sp + 1 slots: 0x0 is NULL
stack at sp + 2 slots: 0x000000ca7bffc4f0 is pointing into the stack for thread: 0x00000245d81f5000
stack at sp + 3 slots: 0x00007ff8be748ac2 jvm.dll
stack at sp + 4 slots: 0x00000245d2267158 points into unknown readable memory: 0x00007ff8bea52d48 | 48 2d a5 be f8 7f 00 00
stack at sp + 5 slots: 0x000000ca7bffc1c0 is pointing into the stack for thread: 0x00000245d81f5000
stack at sp + 6 slots: 0x0 is NULL
stack at sp + 7 slots: 0x0 is NULL


---------------  P R O C E S S  ---------------

Threads class SMR info:
_java_thread_list=0x00000245d60ea5d0, length=135, elements={
0x00000245afc6d000, 0x00000245cc0dd800, 0x00000245cc90d000, 0x00000245cc971800,
0x00000245cc973800, 0x00000245cc977000, 0x00000245cc99c000, 0x00000245cc99e000,
0x00000245cc9a9800, 0x00000245ccb10800, 0x00000245cf63b800, 0x00000245cdff8800,
0x00000245cdf5d000, 0x00000245d0099000, 0x00000245d009d000, 0x00000245d009e000,
0x00000245d0098000, 0x00000245d009f000, 0x00000245d05f1800, 0x00000245d05f3000,
0x00000245d05f8000, 0x00000245d05f8800, 0x00000245d05fd000, 0x00000245d214e000,
0x00000245d2153800, 0x00000245d214f800, 0x00000245d2151000, 0x00000245d2152000,
0x00000245d214e800, 0x00000245d42b0000, 0x00000245d42ab000, 0x00000245d42af000,
0x00000245d42ad800, 0x00000245d42b1000, 0x00000245d42b1800, 0x00000245d42ae800,
0x00000245d42ac000, 0x00000245d42ac800, 0x00000245d42b4000, 0x00000245d42b5800,
0x00000245d42b6800, 0x00000245d42b7800, 0x00000245cfe08800, 0x00000245d42b8000,
0x00000245d42b2800, 0x00000245d42b3800, 0x00000245d42b5000, 0x00000245d2156000,
0x00000245d2150800, 0x00000245d215b800, 0x00000245d215a000, 0x00000245d215b000,
0x00000245d215c800, 0x00000245d2157000, 0x00000245d2157800, 0x00000245d2158800,
0x00000245d2159800, 0x00000245d05f5800, 0x00000245d05f4000, 0x00000245d05fc000,
0x00000245d05fb000, 0x00000245d05fd800, 0x00000245d05fe800, 0x00000245d05ff000,
0x00000245d009a000, 0x00000245d009a800, 0x00000245d009b800, 0x00000245d009c800,
0x00000245d79f2000, 0x00000245d79f2800, 0x00000245d79ed000, 0x00000245d79f3800,
0x00000245d79f1000, 0x00000245d79ed800, 0x00000245d79ef800, 0x00000245d79f0000,
0x00000245d79f4800, 0x00000245d79ee800, 0x00000245d79f5000, 0x00000245d79f8800,
0x00000245d79fb000, 0x00000245d79fb800, 0x00000245d79f9000, 0x00000245d79f6800,
0x00000245d79fa000, 0x00000245d79f6000, 0x00000245d79f7800, 0x00000245d78e8800,
0x00000245d78ed800, 0x00000245d78eb000, 0x00000245d78e9800, 0x00000245d78e8000,
0x00000245d78ee800, 0x00000245d78ec000, 0x00000245d78ea800, 0x00000245d78f1000,
0x00000245d78f1800, 0x00000245d78f2800, 0x00000245d78ed000, 0x00000245d78f3800,
0x00000245d78f5000, 0x00000245d78f4000, 0x00000245d78f0000, 0x00000245d78ef800,
0x00000245d78f6000, 0x00000245d78f6800, 0x00000245d1cad000, 0x00000245d1ca7800,
0x00000245d1ca8800, 0x00000245d1caa000, 0x00000245d1caf000, 0x00000245d1cab800,
0x00000245d1ca9000, 0x00000245d1cae000, 0x00000245d1cac800, 0x00000245d1caf800,
0x00000245d1cb0800, 0x00000245d1caa800, 0x00000245d1cb1000, 0x00000245d1cb3800,
0x00000245d1cb6000, 0x00000245d1cb3000, 0x00000245d1cb2000, 0x00000245d81f5000,
0x00000245d1cb4800, 0x00000245d1cb5800, 0x00000245d64aa000, 0x00000245d64a9000,
0x00000245d64a8800, 0x00000245d64a4000, 0x00000245d64ab000, 0x00000245d64a6800,
0x00000245d64a5000, 0x00000245d64ab800, 0x00000245d64ac800
}

Java Threads: ( => current thread )
  0x00000245afc6d000 JavaThread "main" [_thread_blocked, id=9132, stack(0x000000ca73500000,0x000000ca73600000)]
  0x00000245cc0dd800 JavaThread "Reference Handler" daemon [_thread_blocked, id=9064, stack(0x000000ca73c00000,0x000000ca73d00000)]
  0x00000245cc90d000 JavaThread "Finalizer" daemon [_thread_blocked, id=3820, stack(0x000000ca73d00000,0x000000ca73e00000)]
  0x00000245cc971800 JavaThread "Signal Dispatcher" daemon [_thread_blocked, id=12960, stack(0x000000ca73e00000,0x000000ca73f00000)]
  0x00000245cc973800 JavaThread "Attach Listener" daemon [_thread_blocked, id=17284, stack(0x000000ca73f00000,0x000000ca74000000)]
  0x00000245cc977000 JavaThread "Service Thread" daemon [_thread_blocked, id=16472, stack(0x000000ca74000000,0x000000ca74100000)]
  0x00000245cc99c000 JavaThread "C2 CompilerThread0" daemon [_thread_in_native, id=14948, stack(0x000000ca74100000,0x000000ca74200000)]
  0x00000245cc99e000 JavaThread "C1 CompilerThread0" daemon [_thread_blocked, id=16392, stack(0x000000ca74200000,0x000000ca74300000)]
  0x00000245cc9a9800 JavaThread "Sweeper thread" daemon [_thread_blocked, id=16972, stack(0x000000ca74300000,0x000000ca74400000)]
  0x00000245ccb10800 JavaThread "Common-Cleaner" daemon [_thread_blocked, id=6272, stack(0x000000ca74400000,0x000000ca74500000)]
  0x00000245cf63b800 JavaThread "Daemon health stats" [_thread_blocked, id=16240, stack(0x000000ca74d00000,0x000000ca74e00000)]
  0x00000245cdff8800 JavaThread "Incoming local TCP Connector on port 63524" [_thread_in_native, id=15604, stack(0x000000ca74e00000,0x000000ca74f00000)]
  0x00000245cdf5d000 JavaThread "Daemon periodic checks" [_thread_blocked, id=14232, stack(0x000000ca74f00000,0x000000ca75000000)]
  0x00000245d0099000 JavaThread "Cache worker for journal cache (C:\Users\filip\.gradle\caches\journal-1)" [_thread_blocked, id=8088, stack(0x000000ca75700000,0x000000ca75800000)]
  0x00000245d009d000 JavaThread "File lock request listener" [_thread_in_native, id=16300, stack(0x000000ca75800000,0x000000ca75900000)]
  0x00000245d009e000 JavaThread "Cache worker for file hash cache (C:\Users\filip\.gradle\caches\7.4\fileHashes)" [_thread_blocked, id=14276, stack(0x000000ca75900000,0x000000ca75a00000)]
  0x00000245d0098000 JavaThread "File watcher server" daemon [_thread_in_native, id=12172, stack(0x000000ca75d00000,0x000000ca75e00000)]
  0x00000245d009f000 JavaThread "File watcher consumer" daemon [_thread_blocked, id=2252, stack(0x000000ca75e00000,0x000000ca75f00000)]
  0x00000245d05f1800 JavaThread "Cache worker for execution history cache (C:\Users\filip\.gradle\caches\7.4\executionHistory)" [_thread_blocked, id=15884, stack(0x000000ca76300000,0x000000ca76400000)]
  0x00000245d05f3000 JavaThread "jar transforms" [_thread_blocked, id=12068, stack(0x000000ca76400000,0x000000ca76500000)]
  0x00000245d05f8000 JavaThread "Cache worker for file content cache (C:\Users\filip\.gradle\caches\7.4\fileContent)" [_thread_blocked, id=11624, stack(0x000000ca76500000,0x000000ca76600000)]
  0x00000245d05f8800 JavaThread "jar transforms Thread 2" [_thread_blocked, id=16296, stack(0x000000ca76600000,0x000000ca76700000)]
  0x00000245d05fd000 JavaThread "jar transforms Thread 3" [_thread_blocked, id=13260, stack(0x000000ca76800000,0x000000ca76900000)]
  0x00000245d214e000 JavaThread "jar transforms Thread 4" [_thread_blocked, id=15704, stack(0x000000ca7ba00000,0x000000ca7bb00000)]
  0x00000245d2153800 JavaThread "jar transforms Thread 5" [_thread_blocked, id=11556, stack(0x000000ca7bb00000,0x000000ca7bc00000)]
  0x00000245d214f800 JavaThread "jar transforms Thread 6" [_thread_blocked, id=644, stack(0x000000ca7bc00000,0x000000ca7bd00000)]
  0x00000245d2151000 JavaThread "jar transforms Thread 7" [_thread_blocked, id=8668, stack(0x000000ca7bd00000,0x000000ca7be00000)]
  0x00000245d2152000 JavaThread "jar transforms Thread 8" [_thread_blocked, id=14560, stack(0x000000ca7be00000,0x000000ca7bf00000)]
  0x00000245d214e800 JavaThread "Memory manager" [_thread_blocked, id=10516, stack(0x000000ca74c00000,0x000000ca74d00000)]
  0x00000245d42b0000 JavaThread "Daemon Thread 3" [_thread_blocked, id=9736, stack(0x000000ca73200000,0x000000ca73300000)]
  0x00000245d42ab000 JavaThread "Handler for socket connection from /127.0.0.1:63524 to /127.0.0.1:64023" [_thread_in_native, id=11424, stack(0x000000ca73300000,0x000000ca73400000)]
  0x00000245d42af000 JavaThread "Cancel handler" [_thread_blocked, id=17328, stack(0x000000ca73400000,0x000000ca73500000)]
  0x00000245d42ad800 JavaThread "Daemon worker Thread 3" [_thread_blocked, id=6060, stack(0x000000ca74600000,0x000000ca74700000)]
  0x00000245d42b1000 JavaThread "Asynchronous log dispatcher for DefaultDaemonConnection: socket connection from /127.0.0.1:63524 to /127.0.0.1:64023" [_thread_blocked, id=2480, stack(0x000000ca75000000,0x000000ca75100000)]
  0x00000245d42b1800 JavaThread "Stdin handler" [_thread_blocked, id=14872, stack(0x000000ca75100000,0x000000ca75200000)]
  0x00000245d42ae800 JavaThread "Daemon client event forwarder" [_thread_blocked, id=6872, stack(0x000000ca75200000,0x000000ca75300000)]
  0x00000245d42ac000 JavaThread "Cache worker for checksums cache (C:\Users\filip\StudioProjects\Foodcompare\.gradle\7.4\checksums)" [_thread_blocked, id=15956, stack(0x000000ca75300000,0x000000ca75400000)]
  0x00000245d42ac800 JavaThread "Cache worker for cache directory md-rule (C:\Users\filip\.gradle\caches\7.4\md-rule)" [_thread_blocked, id=13252, stack(0x000000ca75400000,0x000000ca75500000)]
  0x00000245d42b4000 JavaThread "Cache worker for file hash cache (C:\Users\filip\StudioProjects\Foodcompare\.gradle\7.4\fileHashes)" [_thread_blocked, id=5376, stack(0x000000ca75500000,0x000000ca75600000)]
  0x00000245d42b5800 JavaThread "Cache worker for cache directory md-supplier (C:\Users\filip\.gradle\caches\7.4\md-supplier)" [_thread_blocked, id=14436, stack(0x000000ca75600000,0x000000ca75700000)]
  0x00000245d42b6800 JavaThread "Cache worker for dependencies-accessors (C:\Users\filip\StudioProjects\Foodcompare\.gradle\7.4\dependencies-accessors)" [_thread_blocked, id=7596, stack(0x000000ca76200000,0x000000ca76300000)]
  0x00000245d42b7800 JavaThread "Cache worker for Build Output Cleanup Cache (C:\Users\filip\StudioProjects\Foodcompare\.gradle\buildOutputCleanup)" [_thread_blocked, id=3320, stack(0x000000ca76700000,0x000000ca76800000)]
  0x00000245cfe08800 JavaThread "C2 CompilerThread1" daemon [_thread_in_native, id=6408, stack(0x000000ca76900000,0x000000ca76a00000)]
  0x00000245d42b8000 JavaThread "Unconstrained build operations" [_thread_blocked, id=11596, stack(0x000000ca76a00000,0x000000ca76b00000)]
  0x00000245d42b2800 JavaThread "Unconstrained build operations Thread 2" [_thread_blocked, id=6780, stack(0x000000ca76b00000,0x000000ca76c00000)]
  0x00000245d42b3800 JavaThread "Unconstrained build operations Thread 3" [_thread_blocked, id=15812, stack(0x000000ca76c00000,0x000000ca76d00000)]
  0x00000245d42b5000 JavaThread "Unconstrained build operations Thread 4" [_thread_blocked, id=17056, stack(0x000000ca76d00000,0x000000ca76e00000)]
  0x00000245d2156000 JavaThread "Unconstrained build operations Thread 5" [_thread_blocked, id=13204, stack(0x000000ca76e00000,0x000000ca76f00000)]
  0x00000245d2150800 JavaThread "Unconstrained build operations Thread 6" [_thread_blocked, id=16680, stack(0x000000ca76f00000,0x000000ca77000000)]
  0x00000245d215b800 JavaThread "Unconstrained build operations Thread 7" [_thread_blocked, id=16012, stack(0x000000ca77000000,0x000000ca77100000)]
  0x00000245d215a000 JavaThread "Unconstrained build operations Thread 8" [_thread_blocked, id=12152, stack(0x000000ca77100000,0x000000ca77200000)]
  0x00000245d215b000 JavaThread "Unconstrained build operations Thread 9" [_thread_blocked, id=6468, stack(0x000000ca77200000,0x000000ca77300000)]
  0x00000245d215c800 JavaThread "Unconstrained build operations Thread 10" [_thread_blocked, id=5104, stack(0x000000ca77300000,0x000000ca77400000)]
  0x00000245d2157000 JavaThread "Unconstrained build operations Thread 11" [_thread_blocked, id=16748, stack(0x000000ca77400000,0x000000ca77500000)]
  0x00000245d2157800 JavaThread "Unconstrained build operations Thread 12" [_thread_blocked, id=14304, stack(0x000000ca77500000,0x000000ca77600000)]
  0x00000245d2158800 JavaThread "Unconstrained build operations Thread 13" [_thread_blocked, id=3732, stack(0x000000ca77600000,0x000000ca77700000)]
  0x00000245d2159800 JavaThread "Unconstrained build operations Thread 14" [_thread_blocked, id=12076, stack(0x000000ca77700000,0x000000ca77800000)]
  0x00000245d05f5800 JavaThread "Unconstrained build operations Thread 15" [_thread_blocked, id=6384, stack(0x000000ca77800000,0x000000ca77900000)]
  0x00000245d05f4000 JavaThread "Unconstrained build operations Thread 16" [_thread_blocked, id=256, stack(0x000000ca77900000,0x000000ca77a00000)]
  0x00000245d05fc000 JavaThread "Unconstrained build operations Thread 17" [_thread_blocked, id=13428, stack(0x000000ca77a00000,0x000000ca77b00000)]
  0x00000245d05fb000 JavaThread "Unconstrained build operations Thread 18" [_thread_blocked, id=15564, stack(0x000000ca77b00000,0x000000ca77c00000)]
  0x00000245d05fd800 JavaThread "Unconstrained build operations Thread 19" [_thread_blocked, id=11732, stack(0x000000ca77c00000,0x000000ca77d00000)]
  0x00000245d05fe800 JavaThread "Unconstrained build operations Thread 20" [_thread_blocked, id=13456, stack(0x000000ca77d00000,0x000000ca77e00000)]
  0x00000245d05ff000 JavaThread "Unconstrained build operations Thread 21" [_thread_blocked, id=8908, stack(0x000000ca77e00000,0x000000ca77f00000)]
  0x00000245d009a000 JavaThread "Unconstrained build operations Thread 22" [_thread_blocked, id=14668, stack(0x000000ca77f00000,0x000000ca78000000)]
  0x00000245d009a800 JavaThread "Unconstrained build operations Thread 23" [_thread_blocked, id=5644, stack(0x000000ca78000000,0x000000ca78100000)]
  0x00000245d009b800 JavaThread "Unconstrained build operations Thread 24" [_thread_blocked, id=15732, stack(0x000000ca78100000,0x000000ca78200000)]
  0x00000245d009c800 JavaThread "Unconstrained build operations Thread 25" [_thread_blocked, id=2428, stack(0x000000ca78200000,0x000000ca78300000)]
  0x00000245d79f2000 JavaThread "Unconstrained build operations Thread 26" [_thread_blocked, id=7760, stack(0x000000ca78300000,0x000000ca78400000)]
  0x00000245d79f2800 JavaThread "Unconstrained build operations Thread 27" [_thread_blocked, id=2112, stack(0x000000ca78400000,0x000000ca78500000)]
  0x00000245d79ed000 JavaThread "Unconstrained build operations Thread 28" [_thread_blocked, id=12588, stack(0x000000ca78500000,0x000000ca78600000)]
  0x00000245d79f3800 JavaThread "Unconstrained build operations Thread 29" [_thread_blocked, id=9972, stack(0x000000ca78600000,0x000000ca78700000)]
  0x00000245d79f1000 JavaThread "Unconstrained build operations Thread 30" [_thread_blocked, id=8104, stack(0x000000ca78700000,0x000000ca78800000)]
  0x00000245d79ed800 JavaThread "Unconstrained build operations Thread 31" [_thread_blocked, id=976, stack(0x000000ca78800000,0x000000ca78900000)]
  0x00000245d79ef800 JavaThread "Unconstrained build operations Thread 32" [_thread_blocked, id=4952, stack(0x000000ca78900000,0x000000ca78a00000)]
  0x00000245d79f0000 JavaThread "Unconstrained build operations Thread 33" [_thread_blocked, id=10000, stack(0x000000ca78a00000,0x000000ca78b00000)]
  0x00000245d79f4800 JavaThread "Unconstrained build operations Thread 34" [_thread_blocked, id=13580, stack(0x000000ca78b00000,0x000000ca78c00000)]
  0x00000245d79ee800 JavaThread "Unconstrained build operations Thread 35" [_thread_blocked, id=14328, stack(0x000000ca78c00000,0x000000ca78d00000)]
  0x00000245d79f5000 JavaThread "Unconstrained build operations Thread 36" [_thread_blocked, id=13436, stack(0x000000ca78d00000,0x000000ca78e00000)]
  0x00000245d79f8800 JavaThread "Unconstrained build operations Thread 37" [_thread_blocked, id=16504, stack(0x000000ca78e00000,0x000000ca78f00000)]
  0x00000245d79fb000 JavaThread "Unconstrained build operations Thread 38" [_thread_blocked, id=1828, stack(0x000000ca78f00000,0x000000ca79000000)]
  0x00000245d79fb800 JavaThread "Unconstrained build operations Thread 39" [_thread_blocked, id=16796, stack(0x000000ca79000000,0x000000ca79100000)]
  0x00000245d79f9000 JavaThread "Unconstrained build operations Thread 40" [_thread_blocked, id=10912, stack(0x000000ca79100000,0x000000ca79200000)]
  0x00000245d79f6800 JavaThread "Unconstrained build operations Thread 41" [_thread_blocked, id=14028, stack(0x000000ca79200000,0x000000ca79300000)]
  0x00000245d79fa000 JavaThread "Unconstrained build operations Thread 42" [_thread_blocked, id=10748, stack(0x000000ca79300000,0x000000ca79400000)]
  0x00000245d79f6000 JavaThread "Unconstrained build operations Thread 43" [_thread_blocked, id=14308, stack(0x000000ca79400000,0x000000ca79500000)]
  0x00000245d79f7800 JavaThread "Unconstrained build operations Thread 44" [_thread_blocked, id=3752, stack(0x000000ca79500000,0x000000ca79600000)]
  0x00000245d78e8800 JavaThread "Unconstrained build operations Thread 45" [_thread_blocked, id=5944, stack(0x000000ca79600000,0x000000ca79700000)]
  0x00000245d78ed800 JavaThread "Unconstrained build operations Thread 46" [_thread_blocked, id=7152, stack(0x000000ca79700000,0x000000ca79800000)]
  0x00000245d78eb000 JavaThread "Unconstrained build operations Thread 47" [_thread_blocked, id=10920, stack(0x000000ca79800000,0x000000ca79900000)]
  0x00000245d78e9800 JavaThread "Unconstrained build operations Thread 48" [_thread_blocked, id=5780, stack(0x000000ca79900000,0x000000ca79a00000)]
  0x00000245d78e8000 JavaThread "Unconstrained build operations Thread 49" [_thread_blocked, id=14588, stack(0x000000ca79a00000,0x000000ca79b00000)]
  0x00000245d78ee800 JavaThread "Unconstrained build operations Thread 50" [_thread_blocked, id=13136, stack(0x000000ca79b00000,0x000000ca79c00000)]
  0x00000245d78ec000 JavaThread "Unconstrained build operations Thread 51" [_thread_blocked, id=9648, stack(0x000000ca79c00000,0x000000ca79d00000)]
  0x00000245d78ea800 JavaThread "Unconstrained build operations Thread 52" [_thread_blocked, id=5900, stack(0x000000ca79d00000,0x000000ca79e00000)]
  0x00000245d78f1000 JavaThread "Unconstrained build operations Thread 53" [_thread_blocked, id=8956, stack(0x000000ca79e00000,0x000000ca79f00000)]
  0x00000245d78f1800 JavaThread "Unconstrained build operations Thread 54" [_thread_blocked, id=6904, stack(0x000000ca79f00000,0x000000ca7a000000)]
  0x00000245d78f2800 JavaThread "Unconstrained build operations Thread 55" [_thread_blocked, id=15476, stack(0x000000ca7a000000,0x000000ca7a100000)]
  0x00000245d78ed000 JavaThread "Unconstrained build operations Thread 56" [_thread_blocked, id=5128, stack(0x000000ca7a100000,0x000000ca7a200000)]
  0x00000245d78f3800 JavaThread "Unconstrained build operations Thread 57" [_thread_blocked, id=8464, stack(0x000000ca7a200000,0x000000ca7a300000)]
  0x00000245d78f5000 JavaThread "Unconstrained build operations Thread 58" [_thread_blocked, id=5936, stack(0x000000ca7a300000,0x000000ca7a400000)]
  0x00000245d78f4000 JavaThread "Unconstrained build operations Thread 59" [_thread_blocked, id=3640, stack(0x000000ca7a400000,0x000000ca7a500000)]
  0x00000245d78f0000 JavaThread "Unconstrained build operations Thread 60" [_thread_blocked, id=12712, stack(0x000000ca7a500000,0x000000ca7a600000)]
  0x00000245d78ef800 JavaThread "Unconstrained build operations Thread 61" [_thread_blocked, id=5812, stack(0x000000ca7a600000,0x000000ca7a700000)]
  0x00000245d78f6000 JavaThread "Unconstrained build operations Thread 62" [_thread_blocked, id=14444, stack(0x000000ca7a700000,0x000000ca7a800000)]
  0x00000245d78f6800 JavaThread "Unconstrained build operations Thread 63" [_thread_blocked, id=6536, stack(0x000000ca7a800000,0x000000ca7a900000)]
  0x00000245d1cad000 JavaThread "Unconstrained build operations Thread 64" [_thread_blocked, id=2452, stack(0x000000ca7a900000,0x000000ca7aa00000)]
  0x00000245d1ca7800 JavaThread "Unconstrained build operations Thread 65" [_thread_blocked, id=14600, stack(0x000000ca7aa00000,0x000000ca7ab00000)]
  0x00000245d1ca8800 JavaThread "Unconstrained build operations Thread 66" [_thread_blocked, id=3012, stack(0x000000ca7ab00000,0x000000ca7ac00000)]
  0x00000245d1caa000 JavaThread "Unconstrained build operations Thread 67" [_thread_blocked, id=7336, stack(0x000000ca7ac00000,0x000000ca7ad00000)]
  0x00000245d1caf000 JavaThread "Unconstrained build operations Thread 68" [_thread_blocked, id=11696, stack(0x000000ca7ad00000,0x000000ca7ae00000)]
  0x00000245d1cab800 JavaThread "Unconstrained build operations Thread 69" [_thread_blocked, id=2504, stack(0x000000ca7ae00000,0x000000ca7af00000)]
  0x00000245d1ca9000 JavaThread "Unconstrained build operations Thread 70" [_thread_blocked, id=13148, stack(0x000000ca7af00000,0x000000ca7b000000)]
  0x00000245d1cae000 JavaThread "Unconstrained build operations Thread 71" [_thread_blocked, id=11580, stack(0x000000ca7b000000,0x000000ca7b100000)]
  0x00000245d1cac800 JavaThread "Unconstrained build operations Thread 72" [_thread_blocked, id=16572, stack(0x000000ca7b100000,0x000000ca7b200000)]
  0x00000245d1caf800 JavaThread "Unconstrained build operations Thread 73" [_thread_blocked, id=13624, stack(0x000000ca7b200000,0x000000ca7b300000)]
  0x00000245d1cb0800 JavaThread "Unconstrained build operations Thread 74" [_thread_blocked, id=3980, stack(0x000000ca7b300000,0x000000ca7b400000)]
  0x00000245d1caa800 JavaThread "Unconstrained build operations Thread 75" [_thread_blocked, id=4284, stack(0x000000ca7b400000,0x000000ca7b500000)]
  0x00000245d1cb1000 JavaThread "Unconstrained build operations Thread 76" [_thread_blocked, id=10276, stack(0x000000ca7b500000,0x000000ca7b600000)]
  0x00000245d1cb3800 JavaThread "Unconstrained build operations Thread 77" [_thread_blocked, id=12088, stack(0x000000ca7b600000,0x000000ca7b700000)]
  0x00000245d1cb6000 JavaThread "Unconstrained build operations Thread 78" [_thread_blocked, id=14132, stack(0x000000ca7b700000,0x000000ca7b800000)]
  0x00000245d1cb3000 JavaThread "Unconstrained build operations Thread 79" [_thread_blocked, id=11468, stack(0x000000ca7b800000,0x000000ca7b900000)]
  0x00000245d1cb2000 JavaThread "Unconstrained build operations Thread 80" [_thread_blocked, id=17400, stack(0x000000ca7b900000,0x000000ca7ba00000)]
=>0x00000245d81f5000 JavaThread "C2 CompilerThread2" daemon [_thread_in_native, id=3356, stack(0x000000ca7bf00000,0x000000ca7c000000)]
  0x00000245d1cb4800 JavaThread "build event listener" [_thread_blocked, id=6756, stack(0x000000ca7c000000,0x000000ca7c100000)]
  0x00000245d1cb5800 JavaThread "included builds" [_thread_in_Java, id=9312, stack(0x000000ca7c100000,0x000000ca7c200000)]
  0x00000245d64aa000 JavaThread "Execution worker for ':'" [_thread_blocked, id=5548, stack(0x000000ca7c200000,0x000000ca7c300000)]
  0x00000245d64a9000 JavaThread "Execution worker for ':' Thread 2" [_thread_blocked, id=1344, stack(0x000000ca7c300000,0x000000ca7c400000)]
  0x00000245d64a8800 JavaThread "Execution worker for ':' Thread 3" [_thread_blocked, id=16128, stack(0x000000ca7c400000,0x000000ca7c500000)]
  0x00000245d64a4000 JavaThread "Execution worker for ':' Thread 4" [_thread_blocked, id=2224, stack(0x000000ca7c500000,0x000000ca7c600000)]
  0x00000245d64ab000 JavaThread "Execution worker for ':' Thread 5" [_thread_blocked, id=1860, stack(0x000000ca7c600000,0x000000ca7c700000)]
  0x00000245d64a6800 JavaThread "Execution worker for ':' Thread 6" [_thread_blocked, id=11892, stack(0x000000ca7c700000,0x000000ca7c800000)]
  0x00000245d64a5000 JavaThread "Execution worker for ':' Thread 7" [_thread_blocked, id=10816, stack(0x000000ca7c800000,0x000000ca7c900000)]
  0x00000245d64ab800 JavaThread "Cache worker for execution history cache (C:\Users\filip\StudioProjects\Foodcompare\.gradle\7.4\executionHistory)" [_thread_blocked, id=16784, stack(0x000000ca7c900000,0x000000ca7ca00000)]
  0x00000245d64ac800 JavaThread "WorkerExecutor Queue" [_thread_blocked, id=12944, stack(0x000000ca7ca00000,0x000000ca7cb00000)]

Other Threads:
  0x00000245cc0db000 VMThread "VM Thread" [stack: 0x000000ca73b00000,0x000000ca73c00000] [id=5648]
  0x00000245ccb53000 WatcherThread [stack: 0x000000ca74500000,0x000000ca74600000] [id=2708]
  0x00000245afc84800 GCTaskThread "GC Thread#0" [stack: 0x000000ca73600000,0x000000ca73700000] [id=10164]
  0x00000245cd356800 GCTaskThread "GC Thread#1" [stack: 0x000000ca74700000,0x000000ca74800000] [id=6808]
  0x00000245cd11f000 GCTaskThread "GC Thread#2" [stack: 0x000000ca74800000,0x000000ca74900000] [id=5880]
  0x00000245cdaf1000 GCTaskThread "GC Thread#3" [stack: 0x000000ca74900000,0x000000ca74a00000] [id=2628]
  0x00000245cdaf2000 GCTaskThread "GC Thread#4" [stack: 0x000000ca74a00000,0x000000ca74b00000] [id=5800]
  0x00000245cd355000 GCTaskThread "GC Thread#5" [stack: 0x000000ca74b00000,0x000000ca74c00000] [id=132]
  0x00000245cf373000 GCTaskThread "GC Thread#6" [stack: 0x000000ca75a00000,0x000000ca75b00000] [id=13084]
  0x00000245cf0a5000 GCTaskThread "GC Thread#7" [stack: 0x000000ca75b00000,0x000000ca75c00000] [id=8884]
  0x00000245afcb8000 ConcurrentGCThread "G1 Main Marker" [stack: 0x000000ca73700000,0x000000ca73800000] [id=7864]
  0x00000245afcb9000 ConcurrentGCThread "G1 Conc#0" [stack: 0x000000ca73800000,0x000000ca73900000] [id=14396]
  0x00000245cf7b9000 ConcurrentGCThread "G1 Conc#1" [stack: 0x000000ca75c00000,0x000000ca75d00000] [id=16264]
  0x00000245cbf54800 ConcurrentGCThread "G1 Refine#0" [stack: 0x000000ca73900000,0x000000ca73a00000] [id=10136]
  0x00000245d2472000 ConcurrentGCThread "G1 Refine#1" [stack: 0x000000ca75f00000,0x000000ca76000000] [id=13344]
  0x00000245d6854000 ConcurrentGCThread "G1 Refine#2" [stack: 0x000000ca76000000,0x000000ca76100000] [id=10628]
  0x00000245d4396000 ConcurrentGCThread "G1 Refine#3" [stack: 0x000000ca76100000,0x000000ca76200000] [id=13020]
  0x00000245cbf55800 ConcurrentGCThread "G1 Young RemSet Sampling" [stack: 0x000000ca73a00000,0x000000ca73b00000] [id=10256]

Threads with active compile tasks:
C2 CompilerThread0 175934 14313 % !   4       com.android.ide.common.resources.DataMerger::mergeData @ 247 (611 bytes)
C2 CompilerThread1 175934 14452       4       com.android.ide.common.resources.NodeUtils::updateNamespace (161 bytes)
C2 CompilerThread2 175935 14485       4       com.android.utils.XmlUtils::toXmlAttributeValue (89 bytes)

VM state:not at safepoint (normal execution)

VM Mutex/Monitor currently owned by a thread: None

Heap address: 0x0000000080000000, size: 2048 MB, Compressed Oops mode: 32-bit
Narrow klass base: 0x0000000000000000, Narrow klass shift: 3
Compressed class space size: 1073741824 Address: 0x0000000100000000

Heap:
 garbage-first heap   total 262144K, used 158157K [0x0000000080000000, 0x0000000100000000)
  region size 1024K, 69 young (70656K), 16 survivors (16384K)
 Metaspace       used 90453K, capacity 93162K, committed 93392K, reserved 1130496K
  class space    used 11503K, capacity 12465K, committed 12544K, reserved 1048576K
Heap Regions: E=young(eden), S=young(survivor), O=old, HS=humongous(starts), HC=humongous(continues), CS=collection set, F=free, A=archive, TAMS=top-at-mark-start (previous, next)
|   0|0x0000000080000000, 0x0000000080100000, 0x0000000080100000|100%| O|  |TAMS 0x0000000080100000, 0x0000000080000000| Untracked 
|   1|0x0000000080100000, 0x0000000080200000, 0x0000000080200000|100%| O|  |TAMS 0x0000000080200000, 0x0000000080100000| Untracked 
|   2|0x0000000080200000, 0x0000000080300000, 0x0000000080300000|100%| O|  |TAMS 0x0000000080300000, 0x0000000080200000| Untracked 
|   3|0x0000000080300000, 0x0000000080400000, 0x0000000080400000|100%|HS|  |TAMS 0x0000000080400000, 0x0000000080300000| Complete 
|   4|0x0000000080400000, 0x0000000080500000, 0x0000000080500000|100%|HC|  |TAMS 0x0000000080500000, 0x0000000080400000| Complete 
|   5|0x0000000080500000, 0x0000000080600000, 0x0000000080600000|100%|HC|  |TAMS 0x0000000080600000, 0x0000000080500000| Complete 
|   6|0x0000000080600000, 0x0000000080700000, 0x0000000080700000|100%| O|  |TAMS 0x0000000080700000, 0x0000000080600000| Untracked 
|   7|0x0000000080700000, 0x0000000080800000, 0x0000000080800000|100%| O|  |TAMS 0x0000000080800000, 0x0000000080700000| Untracked 
|   8|0x0000000080800000, 0x0000000080900000, 0x0000000080900000|100%| O|  |TAMS 0x0000000080900000, 0x0000000080800000| Untracked 
|   9|0x0000000080900000, 0x0000000080a00000, 0x0000000080a00000|100%| O|  |TAMS 0x0000000080a00000, 0x0000000080900000| Untracked 
|  10|0x0000000080a00000, 0x0000000080b00000, 0x0000000080b00000|100%| O|  |TAMS 0x0000000080b00000, 0x0000000080a00000| Untracked 
|  11|0x0000000080b00000, 0x0000000080c00000, 0x0000000080c00000|100%| O|  |TAMS 0x0000000080c00000, 0x0000000080b00000| Untracked 
|  12|0x0000000080c00000, 0x0000000080d00000, 0x0000000080d00000|100%| O|  |TAMS 0x0000000080d00000, 0x0000000080c00000| Untracked 
|  13|0x0000000080d00000, 0x0000000080e00000, 0x0000000080e00000|100%| O|  |TAMS 0x0000000080e00000, 0x0000000080d00000| Untracked 
|  14|0x0000000080e00000, 0x0000000080f00000, 0x0000000080f00000|100%| O|  |TAMS 0x0000000080f00000, 0x0000000080e00000| Untracked 
|  15|0x0000000080f00000, 0x0000000081000000, 0x0000000081000000|100%| O|  |TAMS 0x0000000081000000, 0x0000000080f00000| Untracked 
|  16|0x0000000081000000, 0x0000000081100000, 0x0000000081100000|100%| O|  |TAMS 0x0000000081100000, 0x0000000081000000| Untracked 
|  17|0x0000000081100000, 0x0000000081200000, 0x0000000081200000|100%|HS|  |TAMS 0x0000000081200000, 0x0000000081100000| Complete 
|  18|0x0000000081200000, 0x0000000081300000, 0x0000000081300000|100%|HS|  |TAMS 0x0000000081300000, 0x0000000081200000| Complete 
|  19|0x0000000081300000, 0x0000000081400000, 0x0000000081400000|100%| O|  |TAMS 0x0000000081400000, 0x0000000081300000| Untracked 
|  20|0x0000000081400000, 0x0000000081500000, 0x0000000081500000|100%|HS|  |TAMS 0x0000000081500000, 0x0000000081400000| Complete 
|  21|0x0000000081500000, 0x0000000081600000, 0x0000000081600000|100%|HC|  |TAMS 0x0000000081600000, 0x0000000081500000| Complete 
|  22|0x0000000081600000, 0x0000000081700000, 0x0000000081700000|100%| O|  |TAMS 0x0000000081700000, 0x0000000081600000| Untracked 
|  23|0x0000000081700000, 0x0000000081800000, 0x0000000081800000|100%| O|  |TAMS 0x0000000081800000, 0x0000000081700000| Untracked 
|  24|0x0000000081800000, 0x0000000081900000, 0x0000000081900000|100%| O|  |TAMS 0x0000000081900000, 0x0000000081800000| Untracked 
|  25|0x0000000081900000, 0x0000000081a00000, 0x0000000081a00000|100%| O|  |TAMS 0x0000000081a00000, 0x0000000081900000| Untracked 
|  26|0x0000000081a00000, 0x0000000081b00000, 0x0000000081b00000|100%| O|  |TAMS 0x0000000081b00000, 0x0000000081a00000| Untracked 
|  27|0x0000000081b00000, 0x0000000081c00000, 0x0000000081c00000|100%| O|  |TAMS 0x0000000081c00000, 0x0000000081b00000| Untracked 
|  28|0x0000000081c00000, 0x0000000081d00000, 0x0000000081d00000|100%| O|  |TAMS 0x0000000081d00000, 0x0000000081c00000| Untracked 
|  29|0x0000000081d00000, 0x0000000081e00000, 0x0000000081e00000|100%| O|  |TAMS 0x0000000081e00000, 0x0000000081d00000| Untracked 
|  30|0x0000000081e00000, 0x0000000081f00000, 0x0000000081f00000|100%| O|  |TAMS 0x0000000081f00000, 0x0000000081e00000| Untracked 
|  31|0x0000000081f00000, 0x0000000082000000, 0x0000000082000000|100%| O|  |TAMS 0x0000000082000000, 0x0000000081f00000| Untracked 
|  32|0x0000000082000000, 0x0000000082100000, 0x0000000082100000|100%| O|  |TAMS 0x0000000082091400, 0x0000000082000000| Untracked 
|  33|0x0000000082100000, 0x0000000082200000, 0x0000000082200000|100%| O|  |TAMS 0x0000000082100000, 0x0000000082100000| Untracked 
|  34|0x0000000082200000, 0x0000000082300000, 0x0000000082300000|100%| O|  |TAMS 0x0000000082200000, 0x0000000082200000| Untracked 
|  35|0x0000000082300000, 0x0000000082400000, 0x0000000082400000|100%| O|  |TAMS 0x0000000082300000, 0x0000000082300000| Untracked 
|  36|0x0000000082400000, 0x0000000082500000, 0x0000000082500000|100%| O|  |TAMS 0x0000000082400000, 0x0000000082400000| Untracked 
|  37|0x0000000082500000, 0x0000000082600000, 0x0000000082600000|100%| O|  |TAMS 0x0000000082500000, 0x0000000082500000| Untracked 
|  38|0x0000000082600000, 0x0000000082700000, 0x0000000082700000|100%| O|  |TAMS 0x0000000082600000, 0x0000000082600000| Untracked 
|  39|0x0000000082700000, 0x0000000082800000, 0x0000000082800000|100%| O|  |TAMS 0x0000000082700000, 0x0000000082700000| Untracked 
|  40|0x0000000082800000, 0x0000000082900000, 0x0000000082900000|100%| O|  |TAMS 0x0000000082800000, 0x0000000082800000| Untracked 
|  41|0x0000000082900000, 0x0000000082a00000, 0x0000000082a00000|100%| O|  |TAMS 0x0000000082900000, 0x0000000082900000| Untracked 
|  42|0x0000000082a00000, 0x0000000082b00000, 0x0000000082b00000|100%| O|  |TAMS 0x0000000082a00000, 0x0000000082a00000| Untracked 
|  43|0x0000000082b00000, 0x0000000082c00000, 0x0000000082c00000|100%| O|  |TAMS 0x0000000082b00000, 0x0000000082b00000| Untracked 
|  44|0x0000000082c00000, 0x0000000082d00000, 0x0000000082d00000|100%| O|  |TAMS 0x0000000082c00000, 0x0000000082c00000| Untracked 
|  45|0x0000000082d00000, 0x0000000082e00000, 0x0000000082e00000|100%| O|  |TAMS 0x0000000082d00000, 0x0000000082d00000| Untracked 
|  46|0x0000000082e00000, 0x0000000082f00000, 0x0000000082f00000|100%| O|  |TAMS 0x0000000082e00000, 0x0000000082e00000| Untracked 
|  47|0x0000000082f00000, 0x0000000083000000, 0x0000000083000000|100%| O|  |TAMS 0x0000000082f00000, 0x0000000082f00000| Untracked 
|  48|0x0000000083000000, 0x0000000083100000, 0x0000000083100000|100%| O|  |TAMS 0x0000000083000000, 0x0000000083000000| Untracked 
|  49|0x0000000083100000, 0x0000000083200000, 0x0000000083200000|100%| O|  |TAMS 0x0000000083100000, 0x0000000083100000| Untracked 
|  50|0x0000000083200000, 0x0000000083300000, 0x0000000083300000|100%| O|  |TAMS 0x0000000083200000, 0x0000000083200000| Untracked 
|  51|0x0000000083300000, 0x0000000083400000, 0x0000000083400000|100%| O|  |TAMS 0x0000000083300000, 0x0000000083300000| Untracked 
|  52|0x0000000083400000, 0x0000000083500000, 0x0000000083500000|100%| O|  |TAMS 0x0000000083400000, 0x0000000083400000| Untracked 
|  53|0x0000000083500000, 0x0000000083600000, 0x0000000083600000|100%| O|  |TAMS 0x0000000083500000, 0x0000000083500000| Untracked 
|  54|0x0000000083600000, 0x0000000083700000, 0x0000000083700000|100%| O|  |TAMS 0x0000000083600000, 0x0000000083600000| Untracked 
|  55|0x0000000083700000, 0x0000000083800000, 0x0000000083800000|100%| O|  |TAMS 0x0000000083700000, 0x0000000083700000| Untracked 
|  56|0x0000000083800000, 0x0000000083900000, 0x0000000083900000|100%| O|  |TAMS 0x0000000083800000, 0x0000000083800000| Untracked 
|  57|0x0000000083900000, 0x0000000083a00000, 0x0000000083a00000|100%| O|  |TAMS 0x0000000083900000, 0x0000000083900000| Untracked 
|  58|0x0000000083a00000, 0x0000000083b00000, 0x0000000083b00000|100%| O|  |TAMS 0x0000000083a00000, 0x0000000083a00000| Untracked 
|  59|0x0000000083b00000, 0x0000000083c00000, 0x0000000083c00000|100%| O|  |TAMS 0x0000000083b00000, 0x0000000083b00000| Untracked 
|  60|0x0000000083c00000, 0x0000000083d00000, 0x0000000083d00000|100%| O|  |TAMS 0x0000000083c00000, 0x0000000083c00000| Untracked 
|  61|0x0000000083d00000, 0x0000000083e00000, 0x0000000083e00000|100%| O|  |TAMS 0x0000000083d00000, 0x0000000083d00000| Untracked 
|  62|0x0000000083e00000, 0x0000000083f00000, 0x0000000083f00000|100%| O|  |TAMS 0x0000000083e00000, 0x0000000083e00000| Untracked 
|  63|0x0000000083f00000, 0x0000000084000000, 0x0000000084000000|100%| O|  |TAMS 0x0000000083f00000, 0x0000000083f00000| Untracked 
|  64|0x0000000084000000, 0x0000000084100000, 0x0000000084100000|100%| O|  |TAMS 0x0000000084000000, 0x0000000084000000| Untracked 
|  65|0x0000000084100000, 0x0000000084200000, 0x0000000084200000|100%| O|  |TAMS 0x0000000084100000, 0x0000000084100000| Untracked 
|  66|0x0000000084200000, 0x0000000084300000, 0x0000000084300000|100%| O|  |TAMS 0x0000000084200000, 0x0000000084200000| Untracked 
|  67|0x0000000084300000, 0x0000000084400000, 0x0000000084400000|100%| O|  |TAMS 0x0000000084300000, 0x0000000084300000| Untracked 
|  68|0x0000000084400000, 0x0000000084500000, 0x0000000084500000|100%| O|  |TAMS 0x0000000084400000, 0x0000000084400000| Untracked 
|  69|0x0000000084500000, 0x0000000084600000, 0x0000000084600000|100%| O|  |TAMS 0x0000000084500000, 0x0000000084500000| Untracked 
|  70|0x0000000084600000, 0x0000000084700000, 0x0000000084700000|100%| O|  |TAMS 0x0000000084600000, 0x0000000084600000| Untracked 
|  71|0x0000000084700000, 0x0000000084800000, 0x0000000084800000|100%| O|  |TAMS 0x0000000084700000, 0x0000000084700000| Untracked 
|  72|0x0000000084800000, 0x0000000084900000, 0x0000000084900000|100%| O|  |TAMS 0x0000000084800000, 0x0000000084800000| Untracked 
|  73|0x0000000084900000, 0x0000000084a00000, 0x0000000084a00000|100%| O|  |TAMS 0x0000000084900000, 0x0000000084900000| Untracked 
|  74|0x0000000084a00000, 0x0000000084b00000, 0x0000000084b00000|100%| O|  |TAMS 0x0000000084a00000, 0x0000000084a00000| Untracked 
|  75|0x0000000084b00000, 0x0000000084c00000, 0x0000000084c00000|100%| O|  |TAMS 0x0000000084b00000, 0x0000000084b00000| Untracked 
|  76|0x0000000084c00000, 0x0000000084d00000, 0x0000000084d00000|100%| O|  |TAMS 0x0000000084c00000, 0x0000000084c00000| Untracked 
|  77|0x0000000084d00000, 0x0000000084e00000, 0x0000000084e00000|100%| O|  |TAMS 0x0000000084d00000, 0x0000000084d00000| Untracked 
|  78|0x0000000084e00000, 0x0000000084f00000, 0x0000000084f00000|100%| O|  |TAMS 0x0000000084e00000, 0x0000000084e00000| Untracked 
|  79|0x0000000084f00000, 0x0000000085000000, 0x0000000085000000|100%| O|  |TAMS 0x0000000084f00000, 0x0000000084f00000| Untracked 
|  80|0x0000000085000000, 0x00000000850e2a00, 0x0000000085100000| 88%| O|  |TAMS 0x0000000085000000, 0x0000000085000000| Untracked 
|  81|0x0000000085100000, 0x0000000085200000, 0x0000000085200000|100%|HS|  |TAMS 0x0000000085100000, 0x0000000085100000| Complete 
|  82|0x0000000085200000, 0x0000000085300000, 0x0000000085300000|100%|HS|  |TAMS 0x0000000085200000, 0x0000000085200000| Complete 
|  83|0x0000000085300000, 0x0000000085400000, 0x0000000085400000|100%|HS|  |TAMS 0x0000000085300000, 0x0000000085300000| Complete 
|  84|0x0000000085400000, 0x0000000085500000, 0x0000000085500000|100%|HS|  |TAMS 0x0000000085400000, 0x0000000085400000| Complete 
|  85|0x0000000085500000, 0x0000000085600000, 0x0000000085600000|100%|HS|  |TAMS 0x0000000085500000, 0x0000000085500000| Complete 
|  86|0x0000000085600000, 0x0000000085700000, 0x0000000085700000|100%|HC|  |TAMS 0x0000000085600000, 0x0000000085600000| Complete 
|  87|0x0000000085700000, 0x0000000085800000, 0x0000000085800000|100%|HS|  |TAMS 0x0000000085700000, 0x0000000085700000| Complete 
|  88|0x0000000085800000, 0x0000000085900000, 0x0000000085900000|100%|HS|  |TAMS 0x0000000085800000, 0x0000000085800000| Complete 
|  89|0x0000000085900000, 0x0000000085a00000, 0x0000000085a00000|100%|HC|  |TAMS 0x0000000085900000, 0x0000000085900000| Complete 
|  90|0x0000000085a00000, 0x0000000085b00000, 0x0000000085b00000|100%|HS|  |TAMS 0x0000000085a00000, 0x0000000085a00000| Complete 
|  91|0x0000000085b00000, 0x0000000085c00000, 0x0000000085c00000|100%|HC|  |TAMS 0x0000000085b00000, 0x0000000085b00000| Complete 
|  92|0x0000000085c00000, 0x0000000085c00000, 0x0000000085d00000|  0%| F|  |TAMS 0x0000000085c00000, 0x0000000085c00000| Untracked 
|  93|0x0000000085d00000, 0x0000000085d00000, 0x0000000085e00000|  0%| F|  |TAMS 0x0000000085d00000, 0x0000000085d00000| Untracked 
|  94|0x0000000085e00000, 0x0000000085e00000, 0x0000000085f00000|  0%| F|  |TAMS 0x0000000085e00000, 0x0000000085e00000| Untracked 
|  95|0x0000000085f00000, 0x0000000085f00000, 0x0000000086000000|  0%| F|  |TAMS 0x0000000085f00000, 0x0000000085f00000| Untracked 
|  96|0x0000000086000000, 0x0000000086000000, 0x0000000086100000|  0%| F|  |TAMS 0x0000000086000000, 0x0000000086000000| Untracked 
|  97|0x0000000086100000, 0x0000000086100000, 0x0000000086200000|  0%| F|  |TAMS 0x0000000086100000, 0x0000000086100000| Untracked 
|  98|0x0000000086200000, 0x0000000086200000, 0x0000000086300000|  0%| F|  |TAMS 0x0000000086200000, 0x0000000086200000| Untracked 
|  99|0x0000000086300000, 0x0000000086300000, 0x0000000086400000|  0%| F|  |TAMS 0x0000000086300000, 0x0000000086300000| Untracked 
| 100|0x0000000086400000, 0x0000000086400000, 0x0000000086500000|  0%| F|  |TAMS 0x0000000086400000, 0x0000000086400000| Untracked 
| 101|0x0000000086500000, 0x0000000086500000, 0x0000000086600000|  0%| F|  |TAMS 0x0000000086500000, 0x0000000086500000| Untracked 
| 102|0x0000000086600000, 0x0000000086600000, 0x0000000086700000|  0%| F|  |TAMS 0x0000000086600000, 0x0000000086600000| Untracked 
| 103|0x0000000086700000, 0x0000000086700000, 0x0000000086800000|  0%| F|  |TAMS 0x0000000086700000, 0x0000000086700000| Untracked 
| 104|0x0000000086800000, 0x0000000086800000, 0x0000000086900000|  0%| F|  |TAMS 0x0000000086800000, 0x0000000086800000| Untracked 
| 105|0x0000000086900000, 0x0000000086900000, 0x0000000086a00000|  0%| F|  |TAMS 0x0000000086900000, 0x0000000086900000| Untracked 
| 106|0x0000000086a00000, 0x0000000086a00000, 0x0000000086b00000|  0%| F|  |TAMS 0x0000000086a00000, 0x0000000086a00000| Untracked 
| 107|0x0000000086b00000, 0x0000000086b00000, 0x0000000086c00000|  0%| F|  |TAMS 0x0000000086b00000, 0x0000000086b00000| Untracked 
| 108|0x0000000086c00000, 0x0000000086c00000, 0x0000000086d00000|  0%| F|  |TAMS 0x0000000086c00000, 0x0000000086c00000| Untracked 
| 109|0x0000000086d00000, 0x0000000086d00000, 0x0000000086e00000|  0%| F|  |TAMS 0x0000000086d00000, 0x0000000086d00000| Untracked 
| 110|0x0000000086e00000, 0x0000000086e90a60, 0x0000000086f00000| 56%| S|CS|TAMS 0x0000000086e00000, 0x0000000086e00000| Complete 
| 111|0x0000000086f00000, 0x0000000087000000, 0x0000000087000000|100%| S|CS|TAMS 0x0000000086f00000, 0x0000000086f00000| Complete 
| 112|0x0000000087000000, 0x0000000087100000, 0x0000000087100000|100%| S|CS|TAMS 0x0000000087000000, 0x0000000087000000| Complete 
| 113|0x0000000087100000, 0x0000000087200000, 0x0000000087200000|100%| S|CS|TAMS 0x0000000087100000, 0x0000000087100000| Complete 
| 114|0x0000000087200000, 0x0000000087300000, 0x0000000087300000|100%| S|CS|TAMS 0x0000000087200000, 0x0000000087200000| Complete 
| 115|0x0000000087300000, 0x0000000087400000, 0x0000000087400000|100%| S|CS|TAMS 0x0000000087300000, 0x0000000087300000| Complete 
| 116|0x0000000087400000, 0x0000000087500000, 0x0000000087500000|100%| S|CS|TAMS 0x0000000087400000, 0x0000000087400000| Complete 
| 117|0x0000000087500000, 0x0000000087600000, 0x0000000087600000|100%| S|CS|TAMS 0x0000000087500000, 0x0000000087500000| Complete 
| 118|0x0000000087600000, 0x0000000087700000, 0x0000000087700000|100%| S|CS|TAMS 0x0000000087600000, 0x0000000087600000| Complete 
| 119|0x0000000087700000, 0x0000000087800000, 0x0000000087800000|100%| S|CS|TAMS 0x0000000087700000, 0x0000000087700000| Complete 
| 120|0x0000000087800000, 0x0000000087900000, 0x0000000087900000|100%| S|CS|TAMS 0x0000000087800000, 0x0000000087800000| Complete 
| 121|0x0000000087900000, 0x0000000087a00000, 0x0000000087a00000|100%| S|CS|TAMS 0x0000000087900000, 0x0000000087900000| Complete 
| 122|0x0000000087a00000, 0x0000000087b00000, 0x0000000087b00000|100%| S|CS|TAMS 0x0000000087a00000, 0x0000000087a00000| Complete 
| 123|0x0000000087b00000, 0x0000000087c00000, 0x0000000087c00000|100%| S|CS|TAMS 0x0000000087b00000, 0x0000000087b00000| Complete 
| 124|0x0000000087c00000, 0x0000000087d00000, 0x0000000087d00000|100%| S|CS|TAMS 0x0000000087c00000, 0x0000000087c00000| Complete 
| 125|0x0000000087d00000, 0x0000000087e00000, 0x0000000087e00000|100%| S|CS|TAMS 0x0000000087d00000, 0x0000000087d00000| Complete 
| 126|0x0000000087e00000, 0x0000000087e00000, 0x0000000087f00000|  0%| F|  |TAMS 0x0000000087e00000, 0x0000000087e00000| Untracked 
| 127|0x0000000087f00000, 0x0000000087f00000, 0x0000000088000000|  0%| F|  |TAMS 0x0000000087f00000, 0x0000000087f00000| Untracked 
| 128|0x0000000088000000, 0x0000000088000000, 0x0000000088100000|  0%| F|  |TAMS 0x0000000088000000, 0x0000000088000000| Untracked 
| 129|0x0000000088100000, 0x0000000088100000, 0x0000000088200000|  0%| F|  |TAMS 0x0000000088100000, 0x0000000088100000| Untracked 
| 130|0x0000000088200000, 0x0000000088200000, 0x0000000088300000|  0%| F|  |TAMS 0x0000000088200000, 0x0000000088200000| Untracked 
| 131|0x0000000088300000, 0x0000000088300000, 0x0000000088400000|  0%| F|  |TAMS 0x0000000088300000, 0x0000000088300000| Untracked 
| 132|0x0000000088400000, 0x0000000088400000, 0x0000000088500000|  0%| F|  |TAMS 0x0000000088400000, 0x0000000088400000| Untracked 
| 133|0x0000000088500000, 0x0000000088500000, 0x0000000088600000|  0%| F|  |TAMS 0x0000000088500000, 0x0000000088500000| Untracked 
| 134|0x0000000088600000, 0x0000000088600000, 0x0000000088700000|  0%| F|  |TAMS 0x0000000088600000, 0x0000000088600000| Untracked 
| 135|0x0000000088700000, 0x0000000088700000, 0x0000000088800000|  0%| F|  |TAMS 0x0000000088700000, 0x0000000088700000| Untracked 
| 136|0x0000000088800000, 0x0000000088800000, 0x0000000088900000|  0%| F|  |TAMS 0x0000000088800000, 0x0000000088800000| Untracked 
| 137|0x0000000088900000, 0x0000000088900000, 0x0000000088a00000|  0%| F|  |TAMS 0x0000000088900000, 0x0000000088900000| Untracked 
| 138|0x0000000088a00000, 0x0000000088a00000, 0x0000000088b00000|  0%| F|  |TAMS 0x0000000088a00000, 0x0000000088a00000| Untracked 
| 139|0x0000000088b00000, 0x0000000088b00000, 0x0000000088c00000|  0%| F|  |TAMS 0x0000000088b00000, 0x0000000088b00000| Untracked 
| 140|0x0000000088c00000, 0x0000000088c00000, 0x0000000088d00000|  0%| F|  |TAMS 0x0000000088c00000, 0x0000000088c00000| Untracked 
| 141|0x0000000088d00000, 0x0000000088d00000, 0x0000000088e00000|  0%| F|  |TAMS 0x0000000088d00000, 0x0000000088d00000| Untracked 
| 142|0x0000000088e00000, 0x0000000088e00000, 0x0000000088f00000|  0%| F|  |TAMS 0x0000000088e00000, 0x0000000088e00000| Untracked 
| 143|0x0000000088f00000, 0x0000000088f00000, 0x0000000089000000|  0%| F|  |TAMS 0x0000000088f00000, 0x0000000088f00000| Untracked 
| 144|0x0000000089000000, 0x0000000089000000, 0x0000000089100000|  0%| F|  |TAMS 0x0000000089000000, 0x0000000089000000| Untracked 
| 145|0x0000000089100000, 0x0000000089100000, 0x0000000089200000|  0%| F|  |TAMS 0x0000000089100000, 0x0000000089100000| Untracked 
| 146|0x0000000089200000, 0x0000000089200000, 0x0000000089300000|  0%| F|  |TAMS 0x0000000089200000, 0x0000000089200000| Untracked 
| 147|0x0000000089300000, 0x0000000089300000, 0x0000000089400000|  0%| F|  |TAMS 0x0000000089300000, 0x0000000089300000| Untracked 
| 148|0x0000000089400000, 0x0000000089400000, 0x0000000089500000|  0%| F|  |TAMS 0x0000000089400000, 0x0000000089400000| Untracked 
| 149|0x0000000089500000, 0x0000000089500000, 0x0000000089600000|  0%| F|  |TAMS 0x0000000089500000, 0x0000000089500000| Untracked 
| 150|0x0000000089600000, 0x0000000089600000, 0x0000000089700000|  0%| F|  |TAMS 0x0000000089600000, 0x0000000089600000| Untracked 
| 151|0x0000000089700000, 0x0000000089700000, 0x0000000089800000|  0%| F|  |TAMS 0x0000000089700000, 0x0000000089700000| Untracked 
| 152|0x0000000089800000, 0x0000000089800000, 0x0000000089900000|  0%| F|  |TAMS 0x0000000089800000, 0x0000000089800000| Untracked 
| 153|0x0000000089900000, 0x0000000089900000, 0x0000000089a00000|  0%| F|  |TAMS 0x0000000089900000, 0x0000000089900000| Untracked 
| 154|0x0000000089a00000, 0x0000000089a00000, 0x0000000089b00000|  0%| F|  |TAMS 0x0000000089a00000, 0x0000000089a00000| Untracked 
| 155|0x0000000089b00000, 0x0000000089b00000, 0x0000000089c00000|  0%| F|  |TAMS 0x0000000089b00000, 0x0000000089b00000| Untracked 
| 156|0x0000000089c00000, 0x0000000089c00000, 0x0000000089d00000|  0%| F|  |TAMS 0x0000000089c00000, 0x0000000089c00000| Untracked 
| 157|0x0000000089d00000, 0x0000000089d00000, 0x0000000089e00000|  0%| F|  |TAMS 0x0000000089d00000, 0x0000000089d00000| Untracked 
| 158|0x0000000089e00000, 0x0000000089e00000, 0x0000000089f00000|  0%| F|  |TAMS 0x0000000089e00000, 0x0000000089e00000| Untracked 
| 159|0x0000000089f00000, 0x0000000089f00000, 0x000000008a000000|  0%| F|  |TAMS 0x0000000089f00000, 0x0000000089f00000| Untracked 
| 160|0x000000008a000000, 0x000000008a000000, 0x000000008a100000|  0%| F|  |TAMS 0x000000008a000000, 0x000000008a000000| Untracked 
| 161|0x000000008a100000, 0x000000008a100000, 0x000000008a200000|  0%| F|  |TAMS 0x000000008a100000, 0x000000008a100000| Untracked 
| 162|0x000000008a200000, 0x000000008a200000, 0x000000008a300000|  0%| F|  |TAMS 0x000000008a200000, 0x000000008a200000| Untracked 
| 163|0x000000008a300000, 0x000000008a300000, 0x000000008a400000|  0%| F|  |TAMS 0x000000008a300000, 0x000000008a300000| Untracked 
| 164|0x000000008a400000, 0x000000008a400000, 0x000000008a500000|  0%| F|  |TAMS 0x000000008a400000, 0x000000008a400000| Untracked 
| 165|0x000000008a500000, 0x000000008a500000, 0x000000008a600000|  0%| F|  |TAMS 0x000000008a500000, 0x000000008a500000| Untracked 
| 166|0x000000008a600000, 0x000000008a600000, 0x000000008a700000|  0%| F|  |TAMS 0x000000008a600000, 0x000000008a600000| Untracked 
| 167|0x000000008a700000, 0x000000008a700000, 0x000000008a800000|  0%| F|  |TAMS 0x000000008a700000, 0x000000008a700000| Untracked 
| 168|0x000000008a800000, 0x000000008a800000, 0x000000008a900000|  0%| F|  |TAMS 0x000000008a800000, 0x000000008a800000| Untracked 
| 169|0x000000008a900000, 0x000000008a900000, 0x000000008aa00000|  0%| F|  |TAMS 0x000000008a900000, 0x000000008a900000| Untracked 
| 170|0x000000008aa00000, 0x000000008aa00000, 0x000000008ab00000|  0%| F|  |TAMS 0x000000008aa00000, 0x000000008aa00000| Untracked 
| 171|0x000000008ab00000, 0x000000008ab00000, 0x000000008ac00000|  0%| F|  |TAMS 0x000000008ab00000, 0x000000008ab00000| Untracked 
| 172|0x000000008ac00000, 0x000000008ac00000, 0x000000008ad00000|  0%| F|  |TAMS 0x000000008ac00000, 0x000000008ac00000| Untracked 
| 173|0x000000008ad00000, 0x000000008ad00000, 0x000000008ae00000|  0%| F|  |TAMS 0x000000008ad00000, 0x000000008ad00000| Untracked 
| 174|0x000000008ae00000, 0x000000008ae00000, 0x000000008af00000|  0%| F|  |TAMS 0x000000008ae00000, 0x000000008ae00000| Untracked 
| 175|0x000000008af00000, 0x000000008af00000, 0x000000008b000000|  0%| F|  |TAMS 0x000000008af00000, 0x000000008af00000| Untracked 
| 176|0x000000008b000000, 0x000000008b000000, 0x000000008b100000|  0%| F|  |TAMS 0x000000008b000000, 0x000000008b000000| Untracked 
| 177|0x000000008b100000, 0x000000008b100000, 0x000000008b200000|  0%| F|  |TAMS 0x000000008b100000, 0x000000008b100000| Untracked 
| 178|0x000000008b200000, 0x000000008b200000, 0x000000008b300000|  0%| F|  |TAMS 0x000000008b200000, 0x000000008b200000| Untracked 
| 179|0x000000008b300000, 0x000000008b300000, 0x000000008b400000|  0%| F|  |TAMS 0x000000008b300000, 0x000000008b300000| Untracked 
| 180|0x000000008b400000, 0x000000008b400000, 0x000000008b500000|  0%| F|  |TAMS 0x000000008b400000, 0x000000008b400000| Untracked 
| 181|0x000000008b500000, 0x000000008b500000, 0x000000008b600000|  0%| F|  |TAMS 0x000000008b500000, 0x000000008b500000| Untracked 
| 182|0x000000008b600000, 0x000000008b600000, 0x000000008b700000|  0%| F|  |TAMS 0x000000008b600000, 0x000000008b600000| Untracked 
| 183|0x000000008b700000, 0x000000008b700000, 0x000000008b800000|  0%| F|  |TAMS 0x000000008b700000, 0x000000008b700000| Untracked 
| 184|0x000000008b800000, 0x000000008b800000, 0x000000008b900000|  0%| F|  |TAMS 0x000000008b800000, 0x000000008b800000| Untracked 
| 185|0x000000008b900000, 0x000000008b900000, 0x000000008ba00000|  0%| F|  |TAMS 0x000000008b900000, 0x000000008b900000| Untracked 
| 186|0x000000008ba00000, 0x000000008ba00000, 0x000000008bb00000|  0%| F|  |TAMS 0x000000008ba00000, 0x000000008ba00000| Untracked 
| 187|0x000000008bb00000, 0x000000008bb00000, 0x000000008bc00000|  0%| F|  |TAMS 0x000000008bb00000, 0x000000008bb00000| Untracked 
| 188|0x000000008bc00000, 0x000000008bc00000, 0x000000008bd00000|  0%| F|  |TAMS 0x000000008bc00000, 0x000000008bc00000| Untracked 
| 189|0x000000008bd00000, 0x000000008bd00000, 0x000000008be00000|  0%| F|  |TAMS 0x000000008bd00000, 0x000000008bd00000| Untracked 
| 190|0x000000008be00000, 0x000000008be00000, 0x000000008bf00000|  0%| F|  |TAMS 0x000000008be00000, 0x000000008be00000| Untracked 
| 191|0x000000008bf00000, 0x000000008bf00000, 0x000000008c000000|  0%| F|  |TAMS 0x000000008bf00000, 0x000000008bf00000| Untracked 
| 192|0x000000008c000000, 0x000000008c000000, 0x000000008c100000|  0%| F|  |TAMS 0x000000008c000000, 0x000000008c000000| Untracked 
| 193|0x000000008c100000, 0x000000008c100000, 0x000000008c200000|  0%| F|  |TAMS 0x000000008c100000, 0x000000008c100000| Untracked 
| 194|0x000000008c200000, 0x000000008c200000, 0x000000008c300000|  0%| F|  |TAMS 0x000000008c200000, 0x000000008c200000| Untracked 
| 195|0x000000008c300000, 0x000000008c300000, 0x000000008c400000|  0%| F|  |TAMS 0x000000008c300000, 0x000000008c300000| Untracked 
| 196|0x000000008c400000, 0x000000008c400000, 0x000000008c500000|  0%| F|  |TAMS 0x000000008c400000, 0x000000008c400000| Untracked 
| 197|0x000000008c500000, 0x000000008c500000, 0x000000008c600000|  0%| F|  |TAMS 0x000000008c500000, 0x000000008c500000| Untracked 
| 198|0x000000008c600000, 0x000000008c600000, 0x000000008c700000|  0%| F|  |TAMS 0x000000008c600000, 0x000000008c600000| Untracked 
| 199|0x000000008c700000, 0x000000008c700000, 0x000000008c800000|  0%| F|  |TAMS 0x000000008c700000, 0x000000008c700000| Untracked 
| 200|0x000000008c800000, 0x000000008c800000, 0x000000008c900000|  0%| F|  |TAMS 0x000000008c800000, 0x000000008c800000| Untracked 
| 201|0x000000008c900000, 0x000000008c900000, 0x000000008ca00000|  0%| F|  |TAMS 0x000000008c900000, 0x000000008c900000| Untracked 
| 202|0x000000008ca00000, 0x000000008ca00000, 0x000000008cb00000|  0%| F|  |TAMS 0x000000008ca00000, 0x000000008ca00000| Untracked 
| 203|0x000000008cb00000, 0x000000008cc00000, 0x000000008cc00000|100%| E|  |TAMS 0x000000008cb00000, 0x000000008cb00000| Complete 
| 204|0x000000008cc00000, 0x000000008cd00000, 0x000000008cd00000|100%| E|CS|TAMS 0x000000008cc00000, 0x000000008cc00000| Complete 
| 205|0x000000008cd00000, 0x000000008ce00000, 0x000000008ce00000|100%| E|CS|TAMS 0x000000008cd00000, 0x000000008cd00000| Complete 
| 206|0x000000008ce00000, 0x000000008cf00000, 0x000000008cf00000|100%| E|CS|TAMS 0x000000008ce00000, 0x000000008ce00000| Complete 
| 207|0x000000008cf00000, 0x000000008d000000, 0x000000008d000000|100%| E|CS|TAMS 0x000000008cf00000, 0x000000008cf00000| Complete 
| 208|0x000000008d000000, 0x000000008d100000, 0x000000008d100000|100%| E|CS|TAMS 0x000000008d000000, 0x000000008d000000| Complete 
| 209|0x000000008d100000, 0x000000008d200000, 0x000000008d200000|100%| E|CS|TAMS 0x000000008d100000, 0x000000008d100000| Complete 
| 210|0x000000008d200000, 0x000000008d300000, 0x000000008d300000|100%| E|CS|TAMS 0x000000008d200000, 0x000000008d200000| Complete 
| 211|0x000000008d300000, 0x000000008d400000, 0x000000008d400000|100%| E|CS|TAMS 0x000000008d300000, 0x000000008d300000| Complete 
| 212|0x000000008d400000, 0x000000008d500000, 0x000000008d500000|100%| E|CS|TAMS 0x000000008d400000, 0x000000008d400000| Complete 
| 213|0x000000008d500000, 0x000000008d600000, 0x000000008d600000|100%| E|CS|TAMS 0x000000008d500000, 0x000000008d500000| Complete 
| 214|0x000000008d600000, 0x000000008d700000, 0x000000008d700000|100%| E|CS|TAMS 0x000000008d600000, 0x000000008d600000| Complete 
| 215|0x000000008d700000, 0x000000008d800000, 0x000000008d800000|100%| E|CS|TAMS 0x000000008d700000, 0x000000008d700000| Complete 
| 216|0x000000008d800000, 0x000000008d900000, 0x000000008d900000|100%| E|CS|TAMS 0x000000008d800000, 0x000000008d800000| Complete 
| 217|0x000000008d900000, 0x000000008da00000, 0x000000008da00000|100%| E|CS|TAMS 0x000000008d900000, 0x000000008d900000| Complete 
| 218|0x000000008da00000, 0x000000008db00000, 0x000000008db00000|100%| E|CS|TAMS 0x000000008da00000, 0x000000008da00000| Complete 
| 219|0x000000008db00000, 0x000000008dc00000, 0x000000008dc00000|100%| E|CS|TAMS 0x000000008db00000, 0x000000008db00000| Complete 
| 220|0x000000008dc00000, 0x000000008dd00000, 0x000000008dd00000|100%| E|CS|TAMS 0x000000008dc00000, 0x000000008dc00000| Complete 
| 221|0x000000008dd00000, 0x000000008de00000, 0x000000008de00000|100%| E|CS|TAMS 0x000000008dd00000, 0x000000008dd00000| Complete 
| 222|0x000000008de00000, 0x000000008df00000, 0x000000008df00000|100%| E|CS|TAMS 0x000000008de00000, 0x000000008de00000| Complete 
| 223|0x000000008df00000, 0x000000008e000000, 0x000000008e000000|100%| E|CS|TAMS 0x000000008df00000, 0x000000008df00000| Complete 
| 224|0x000000008e000000, 0x000000008e100000, 0x000000008e100000|100%| E|CS|TAMS 0x000000008e000000, 0x000000008e000000| Complete 
| 225|0x000000008e100000, 0x000000008e200000, 0x000000008e200000|100%| E|CS|TAMS 0x000000008e100000, 0x000000008e100000| Complete 
| 226|0x000000008e200000, 0x000000008e300000, 0x000000008e300000|100%| E|CS|TAMS 0x000000008e200000, 0x000000008e200000| Complete 
| 227|0x000000008e300000, 0x000000008e400000, 0x000000008e400000|100%| E|CS|TAMS 0x000000008e300000, 0x000000008e300000| Complete 
| 228|0x000000008e400000, 0x000000008e500000, 0x000000008e500000|100%| E|CS|TAMS 0x000000008e400000, 0x000000008e400000| Complete 
| 229|0x000000008e500000, 0x000000008e600000, 0x000000008e600000|100%| E|CS|TAMS 0x000000008e500000, 0x000000008e500000| Complete 
| 230|0x000000008e600000, 0x000000008e700000, 0x000000008e700000|100%| E|CS|TAMS 0x000000008e600000, 0x000000008e600000| Complete 
| 231|0x000000008e700000, 0x000000008e800000, 0x000000008e800000|100%| E|CS|TAMS 0x000000008e700000, 0x000000008e700000| Complete 
| 232|0x000000008e800000, 0x000000008e900000, 0x000000008e900000|100%| E|CS|TAMS 0x000000008e800000, 0x000000008e800000| Complete 
| 233|0x000000008e900000, 0x000000008ea00000, 0x000000008ea00000|100%| E|CS|TAMS 0x000000008e900000, 0x000000008e900000| Complete 
| 234|0x000000008ea00000, 0x000000008eb00000, 0x000000008eb00000|100%| E|CS|TAMS 0x000000008ea00000, 0x000000008ea00000| Complete 
| 235|0x000000008eb00000, 0x000000008ec00000, 0x000000008ec00000|100%| E|CS|TAMS 0x000000008eb00000, 0x000000008eb00000| Complete 
| 236|0x000000008ec00000, 0x000000008ed00000, 0x000000008ed00000|100%| E|CS|TAMS 0x000000008ec00000, 0x000000008ec00000| Complete 
| 237|0x000000008ed00000, 0x000000008ee00000, 0x000000008ee00000|100%| E|CS|TAMS 0x000000008ed00000, 0x000000008ed00000| Complete 
| 238|0x000000008ee00000, 0x000000008ef00000, 0x000000008ef00000|100%| E|CS|TAMS 0x000000008ee00000, 0x000000008ee00000| Complete 
| 239|0x000000008ef00000, 0x000000008f000000, 0x000000008f000000|100%| E|CS|TAMS 0x000000008ef00000, 0x000000008ef00000| Complete 
| 240|0x000000008f000000, 0x000000008f100000, 0x000000008f100000|100%| E|CS|TAMS 0x000000008f000000, 0x000000008f000000| Complete 
| 241|0x000000008f100000, 0x000000008f200000, 0x000000008f200000|100%| E|CS|TAMS 0x000000008f100000, 0x000000008f100000| Complete 
| 242|0x000000008f200000, 0x000000008f300000, 0x000000008f300000|100%| E|CS|TAMS 0x000000008f200000, 0x000000008f200000| Complete 
| 243|0x000000008f300000, 0x000000008f400000, 0x000000008f400000|100%| E|CS|TAMS 0x000000008f300000, 0x000000008f300000| Complete 
| 244|0x000000008f400000, 0x000000008f500000, 0x000000008f500000|100%| E|CS|TAMS 0x000000008f400000, 0x000000008f400000| Complete 
| 245|0x000000008f500000, 0x000000008f600000, 0x000000008f600000|100%| E|CS|TAMS 0x000000008f500000, 0x000000008f500000| Complete 
| 246|0x000000008f600000, 0x000000008f700000, 0x000000008f700000|100%| E|CS|TAMS 0x000000008f600000, 0x000000008f600000| Complete 
| 247|0x000000008f700000, 0x000000008f800000, 0x000000008f800000|100%| E|CS|TAMS 0x000000008f700000, 0x000000008f700000| Complete 
| 248|0x000000008f800000, 0x000000008f900000, 0x000000008f900000|100%| E|  |TAMS 0x000000008f800000, 0x000000008f800000| Complete 
| 249|0x000000008f900000, 0x000000008fa00000, 0x000000008fa00000|100%| E|CS|TAMS 0x000000008f900000, 0x000000008f900000| Complete 
| 250|0x000000008fa00000, 0x000000008fb00000, 0x000000008fb00000|100%| E|CS|TAMS 0x000000008fa00000, 0x000000008fa00000| Complete 
| 251|0x000000008fb00000, 0x000000008fc00000, 0x000000008fc00000|100%| E|CS|TAMS 0x000000008fb00000, 0x000000008fb00000| Complete 
| 252|0x000000008fc00000, 0x000000008fd00000, 0x000000008fd00000|100%| E|CS|TAMS 0x000000008fc00000, 0x000000008fc00000| Complete 
| 253|0x000000008fd00000, 0x000000008fe00000, 0x000000008fe00000|100%| E|CS|TAMS 0x000000008fd00000, 0x000000008fd00000| Complete 
| 254|0x000000008fe00000, 0x000000008ff00000, 0x000000008ff00000|100%| E|CS|TAMS 0x000000008fe00000, 0x000000008fe00000| Complete 
| 255|0x000000008ff00000, 0x0000000090000000, 0x0000000090000000|100%| E|CS|TAMS 0x000000008ff00000, 0x000000008ff00000| Complete 

Card table byte_map: [0x00000245c4dd0000,0x00000245c51d0000] _byte_map_base: 0x00000245c49d0000

Marking Bits (Prev, Next): (CMBitMap*) 0x00000245afcaf270, (CMBitMap*) 0x00000245afcaf238
 Prev Bits: [0x00000245c75d0000, 0x00000245c95d0000)
 Next Bits: [0x00000245c55d0000, 0x00000245c75d0000)

Polling page: 0x00000245afa70000

Metaspace:

Usage:
  Non-class:     78.81 MB capacity,    77.10 MB ( 98%) used,     1.40 MB (  2%) free+waste,   308.44 KB ( <1%) overhead. 
      Class:     12.17 MB capacity,    11.23 MB ( 92%) used,   822.98 KB (  7%) free+waste,   138.69 KB (  1%) overhead. 
       Both:     90.98 MB capacity,    88.34 MB ( 97%) used,     2.21 MB (  2%) free+waste,   447.13 KB ( <1%) overhead. 

Virtual space:
  Non-class space:       80.00 MB reserved,      78.95 MB ( 99%) committed 
      Class space:        1.00 GB reserved,      12.25 MB (  1%) committed 
             Both:        1.08 GB reserved,      91.20 MB (  8%) committed 

Chunk freelists:
   Non-Class:  23.00 KB
       Class:  0 bytes
        Both:  23.00 KB

MaxMetaspaceSize: 17179869184.00 GB
CompressedClassSpaceSize: 1.00 GB
Initial GC threshold: 20.80 MB
Current GC threshold: 98.90 MB
CDS: off

CodeHeap 'non-profiled nmethods': size=120000Kb used=9992Kb max_used=9992Kb free=110008Kb
 bounds [0x00000245bca40000, 0x00000245bd410000, 0x00000245c3f70000]
CodeHeap 'profiled nmethods': size=120000Kb used=32150Kb max_used=32150Kb free=87849Kb
 bounds [0x00000245b5510000, 0x00000245b7480000, 0x00000245bca40000]
CodeHeap 'non-nmethods': size=5760Kb used=2369Kb max_used=2437Kb free=3390Kb
 bounds [0x00000245b4f70000, 0x00000245b51e0000, 0x00000245b5510000]
 total_blobs=15253 nmethods=14366 adapters=799
 compilation: enabled
              stopped_count=0, restarted_count=0
 full_count=0

Compilation events (20 events):
Event: 175.806 Thread 0x00000245cfe08800 14483       4       org.apache.xerces.dom.CoreDocumentImpl::getUserData (56 bytes)
Event: 175.812 Thread 0x00000245cc99e000 nmethod 14478 0x00000245b7467410 code [0x00000245b7467e40, 0x00000245b746eff8]
Event: 175.812 Thread 0x00000245cc99e000 14477       3       com.android.ide.common.blame.SourceFile::equals (55 bytes)
Event: 175.812 Thread 0x00000245cfe08800 nmethod 14483 0x00000245bd3ff010 code [0x00000245bd3ff1e0, 0x00000245bd3ff4d8]
Event: 175.812 Thread 0x00000245cfe08800 14452       4       com.android.ide.common.resources.NodeUtils::updateNamespace (161 bytes)
Event: 175.812 Thread 0x00000245cc99e000 nmethod 14477 0x00000245b7471b90 code [0x00000245b7471dc0, 0x00000245b7472718]
Event: 175.812 Thread 0x00000245cc99e000 14479       3       com.google.common.base.Objects::hashCode (5 bytes)
Event: 175.812 Thread 0x00000245cc99e000 nmethod 14479 0x00000245b7472910 code [0x00000245b7472ac0, 0x00000245b7472bc8]
Event: 175.813 Thread 0x00000245cc99e000 14482       3       com.android.utils.PositionXmlParser$Position::toSourcePosition (69 bytes)
Event: 175.813 Thread 0x00000245cc99e000 nmethod 14482 0x00000245b7472c90 code [0x00000245b7472e60, 0x00000245b74730c8]
Event: 175.813 Thread 0x00000245cc99e000 14481       3       com.android.ide.common.blame.SourcePosition::hashCode (69 bytes)
Event: 175.814 Thread 0x00000245cc99e000 nmethod 14481 0x00000245b7473210 code [0x00000245b7473560, 0x00000245b7474f48]
Event: 175.825 Thread 0x00000245cc99e000 14487       3       java.lang.StringUTF16::putCharSB (12 bytes)
Event: 175.825 Thread 0x00000245cc99e000 nmethod 14487 0x00000245b7475690 code [0x00000245b7475860, 0x00000245b7475a68]
Event: 175.836 Thread 0x00000245d81f5000 nmethod 14450 0x00000245bd3ff890 code [0x00000245bd3ffb00, 0x00000245bd400b70]
Event: 175.836 Thread 0x00000245d81f5000 14486 %     4       java.lang.StringUTF16::inflate @ 10 (42 bytes)
Event: 175.843 Thread 0x00000245d81f5000 nmethod 14486% 0x00000245bd401410 code [0x00000245bd4015a0, 0x00000245bd4018b8]
Event: 175.843 Thread 0x00000245d81f5000 14490       4       com.android.utils.XmlUtils::toXmlTextValue (65 bytes)
Event: 175.851 Thread 0x00000245d81f5000 nmethod 14490 0x00000245bd401a10 code [0x00000245bd401ba0, 0x00000245bd401eb8]
Event: 175.851 Thread 0x00000245d81f5000 14485       4       com.android.utils.XmlUtils::toXmlAttributeValue (89 bytes)

GC Heap History (20 events):
Event: 4.492 GC heap before
{Heap before GC invocations=6 (full 0):
 garbage-first heap   total 262144K, used 136366K [0x0000000080000000, 0x0000000100000000)
  region size 1024K, 114 young (116736K), 6 survivors (6144K)
 Metaspace       used 44542K, capacity 45635K, committed 45776K, reserved 1089536K
  class space    used 5628K, capacity 6024K, committed 6144K, reserved 1048576K
}
Event: 4.502 GC heap after
{Heap after GC invocations=7 (full 0):
 garbage-first heap   total 262144K, used 29847K [0x0000000080000000, 0x0000000100000000)
  region size 1024K, 13 young (13312K), 13 survivors (13312K)
 Metaspace       used 44542K, capacity 45635K, committed 45776K, reserved 1089536K
  class space    used 5628K, capacity 6024K, committed 6144K, reserved 1048576K
}
Event: 5.651 GC heap before
{Heap before GC invocations=7 (full 0):
 garbage-first heap   total 262144K, used 157847K [0x0000000080000000, 0x0000000100000000)
  region size 1024K, 134 young (137216K), 13 survivors (13312K)
 Metaspace       used 51317K, capacity 52743K, committed 52816K, reserved 1095680K
  class space    used 6514K, capacity 7033K, committed 7040K, reserved 1048576K
}
Event: 5.663 GC heap after
{Heap after GC invocations=8 (full 0):
 garbage-first heap   total 262144K, used 43516K [0x0000000080000000, 0x0000000100000000)
  region size 1024K, 17 young (17408K), 17 survivors (17408K)
 Metaspace       used 51317K, capacity 52743K, committed 52816K, reserved 1095680K
  class space    used 6514K, capacity 7033K, committed 7040K, reserved 1048576K
}
Event: 6.288 GC heap before
{Heap before GC invocations=8 (full 0):
 garbage-first heap   total 262144K, used 94716K [0x0000000080000000, 0x0000000100000000)
  region size 1024K, 68 young (69632K), 17 survivors (17408K)
 Metaspace       used 58921K, capacity 60460K, committed 60508K, reserved 1101824K
  class space    used 7448K, capacity 8024K, committed 8064K, reserved 1048576K
}
Event: 6.301 GC heap after
{Heap after GC invocations=9 (full 0):
 garbage-first heap   total 262144K, used 45535K [0x0000000080000000, 0x0000000100000000)
  region size 1024K, 12 young (12288K), 12 survivors (12288K)
 Metaspace       used 58921K, capacity 60460K, committed 60508K, reserved 1101824K
  class space    used 7448K, capacity 8024K, committed 8064K, reserved 1048576K
}
Event: 7.316 GC heap before
{Heap before GC invocations=10 (full 0):
 garbage-first heap   total 262144K, used 187871K [0x0000000080000000, 0x0000000100000000)
  region size 1024K, 144 young (147456K), 12 survivors (12288K)
 Metaspace       used 65921K, capacity 67674K, committed 67920K, reserved 1107968K
  class space    used 8359K, capacity 8978K, committed 9088K, reserved 1048576K
}
Event: 7.327 GC heap after
{Heap after GC invocations=11 (full 0):
 garbage-first heap   total 262144K, used 55546K [0x0000000080000000, 0x0000000100000000)
  region size 1024K, 13 young (13312K), 13 survivors (13312K)
 Metaspace       used 65921K, capacity 67674K, committed 67920K, reserved 1107968K
  class space    used 8359K, capacity 8978K, committed 9088K, reserved 1048576K
}
Event: 8.504 GC heap before
{Heap before GC invocations=11 (full 0):
 garbage-first heap   total 262144K, used 186618K [0x0000000080000000, 0x0000000100000000)
  region size 1024K, 141 young (144384K), 13 survivors (13312K)
 Metaspace       used 76180K, capacity 77940K, committed 78160K, reserved 1116160K
  class space    used 9955K, capacity 10622K, committed 10624K, reserved 1048576K
}
Event: 8.518 GC heap after
{Heap after GC invocations=12 (full 0):
 garbage-first heap   total 262144K, used 63488K [0x0000000080000000, 0x0000000100000000)
  region size 1024K, 8 young (8192K), 8 survivors (8192K)
 Metaspace       used 76180K, capacity 77940K, committed 78160K, reserved 1116160K
  class space    used 9955K, capacity 10622K, committed 10624K, reserved 1048576K
}
Event: 9.752 GC heap before
{Heap before GC invocations=12 (full 0):
 garbage-first heap   total 262144K, used 194560K [0x0000000080000000, 0x0000000100000000)
  region size 1024K, 136 young (139264K), 8 survivors (8192K)
 Metaspace       used 83164K, capacity 85607K, committed 85840K, reserved 1124352K
  class space    used 10911K, capacity 11803K, committed 11904K, reserved 1048576K
}
Event: 9.764 GC heap after
{Heap after GC invocations=13 (full 0):
 garbage-first heap   total 262144K, used 72704K [0x0000000080000000, 0x0000000100000000)
  region size 1024K, 17 young (17408K), 17 survivors (17408K)
 Metaspace       used 83164K, capacity 85607K, committed 85840K, reserved 1124352K
  class space    used 10911K, capacity 11803K, committed 11904K, reserved 1048576K
}
Event: 11.136 GC heap before
{Heap before GC invocations=13 (full 0):
 garbage-first heap   total 262144K, used 199680K [0x0000000080000000, 0x0000000100000000)
  region size 1024K, 140 young (143360K), 17 survivors (17408K)
 Metaspace       used 86424K, capacity 88845K, committed 88912K, reserved 1126400K
  class space    used 11199K, capacity 12115K, committed 12160K, reserved 1048576K
}
Event: 11.158 GC heap after
{Heap after GC invocations=14 (full 0):
 garbage-first heap   total 262144K, used 78846K [0x0000000080000000, 0x0000000100000000)
  region size 1024K, 16 young (16384K), 16 survivors (16384K)
 Metaspace       used 86424K, capacity 88845K, committed 88912K, reserved 1126400K
  class space    used 11199K, capacity 12115K, committed 12160K, reserved 1048576K
}
Event: 83.597 GC heap before
{Heap before GC invocations=14 (full 0):
 garbage-first heap   total 262144K, used 201726K [0x0000000080000000, 0x0000000100000000)
  region size 1024K, 137 young (140288K), 16 survivors (16384K)
 Metaspace       used 88226K, capacity 90827K, committed 90960K, reserved 1128448K
  class space    used 11363K, capacity 12343K, committed 12416K, reserved 1048576K
}
Event: 83.654 GC heap after
{Heap after GC invocations=15 (full 0):
 garbage-first heap   total 262144K, used 87556K [0x0000000080000000, 0x0000000100000000)
  region size 1024K, 16 young (16384K), 16 survivors (16384K)
 Metaspace       used 88226K, capacity 90827K, committed 90960K, reserved 1128448K
  class space    used 11363K, capacity 12343K, committed 12416K, reserved 1048576K
}
Event: 86.533 GC heap before
{Heap before GC invocations=15 (full 0):
 garbage-first heap   total 262144K, used 207364K [0x0000000080000000, 0x0000000100000000)
  region size 1024K, 131 young (134144K), 16 survivors (16384K)
 Metaspace       used 89119K, capacity 91693K, committed 91984K, reserved 1128448K
  class space    used 11400K, capacity 12364K, committed 12416K, reserved 1048576K
}
Event: 86.551 GC heap after
{Heap after GC invocations=16 (full 0):
 garbage-first heap   total 262144K, used 89378K [0x0000000080000000, 0x0000000100000000)
  region size 1024K, 12 young (12288K), 12 survivors (12288K)
 Metaspace       used 89119K, capacity 91693K, committed 91984K, reserved 1128448K
  class space    used 11400K, capacity 12364K, committed 12416K, reserved 1048576K
}
Event: 175.178 GC heap before
{Heap before GC invocations=16 (full 0):
 garbage-first heap   total 262144K, used 209186K [0x0000000080000000, 0x0000000100000000)
  region size 1024K, 130 young (133120K), 12 survivors (12288K)
 Metaspace       used 89701K, capacity 92419K, committed 92496K, reserved 1130496K
  class space    used 11428K, capacity 12409K, committed 12416K, reserved 1048576K
}
Event: 175.190 GC heap after
{Heap after GC invocations=17 (full 0):
 garbage-first heap   total 262144K, used 98765K [0x0000000080000000, 0x0000000100000000)
  region size 1024K, 16 young (16384K), 16 survivors (16384K)
 Metaspace       used 89701K, capacity 92419K, committed 92496K, reserved 1130496K
  class space    used 11428K, capacity 12409K, committed 12416K, reserved 1048576K
}

Deoptimization events (20 events):
Event: 175.733 Thread 0x00000245d1cb5800 Uncommon trap: trap_request=0xffffffc6 fr.pc=0x00000245bd237bfc relative=0x00000000000000bc
Event: 175.733 Thread 0x00000245d1cb5800 Uncommon trap: reason=bimorphic_or_optimized_type_check action=maybe_recompile pc=0x00000245bd237bfc method=org.apache.xerces.dom.NodeImpl.ownerDocument()Lorg/apache/xerces/dom/CoreDocumentImpl; @ 11 c2
Event: 175.733 Thread 0x00000245d1cb5800 DEOPT PACKING pc=0x00000245bd237bfc sp=0x000000ca7c1f8fb0
Event: 175.733 Thread 0x00000245d1cb5800 DEOPT UNPACKING pc=0x00000245b4fba1af sp=0x000000ca7c1f8f40 mode 2
Event: 175.750 Thread 0x00000245d1cb5800 Uncommon trap: trap_request=0xffffff4d fr.pc=0x00000245bd236a54 relative=0x0000000000000494
Event: 175.750 Thread 0x00000245d1cb5800 Uncommon trap: reason=unstable_if action=reinterpret pc=0x00000245bd236a54 method=org.apache.xerces.dom.ParentNode.nodeListItem(I)Lorg/w3c/dom/Node; @ 26 c2
Event: 175.750 Thread 0x00000245d1cb5800 DEOPT PACKING pc=0x00000245bd236a54 sp=0x000000ca7c1f8fe0
Event: 175.750 Thread 0x00000245d1cb5800 DEOPT UNPACKING pc=0x00000245b4fba1af sp=0x000000ca7c1f8f18 mode 2
Event: 175.750 Thread 0x00000245d1cb5800 Uncommon trap: trap_request=0xffffff4d fr.pc=0x00000245bd04a9d4 relative=0x0000000000000494
Event: 175.750 Thread 0x00000245d1cb5800 Uncommon trap: reason=unstable_if action=reinterpret pc=0x00000245bd04a9d4 method=org.apache.xerces.dom.ParentNode.nodeListItem(I)Lorg/w3c/dom/Node; @ 26 c2
Event: 175.750 Thread 0x00000245d1cb5800 DEOPT PACKING pc=0x00000245bd04a9d4 sp=0x000000ca7c1f8f50
Event: 175.750 Thread 0x00000245d1cb5800 DEOPT UNPACKING pc=0x00000245b4fba1af sp=0x000000ca7c1f8f00 mode 2
Event: 175.750 Thread 0x00000245d1cb5800 Uncommon trap: trap_request=0xffffff4d fr.pc=0x00000245bd2782a0 relative=0x00000000000004e0
Event: 175.750 Thread 0x00000245d1cb5800 Uncommon trap: reason=unstable_if action=reinterpret pc=0x00000245bd2782a0 method=org.apache.xerces.dom.ParentNode.nodeListGetLength()I @ 71 c2
Event: 175.750 Thread 0x00000245d1cb5800 DEOPT PACKING pc=0x00000245bd2782a0 sp=0x000000ca7c1f9080
Event: 175.750 Thread 0x00000245d1cb5800 DEOPT UNPACKING pc=0x00000245b4fba1af sp=0x000000ca7c1f9030 mode 2
Event: 175.788 Thread 0x00000245d1cb5800 Uncommon trap: trap_request=0xfffffff4 fr.pc=0x00000245bd2ad7d0 relative=0x00000000000001f0
Event: 175.788 Thread 0x00000245d1cb5800 Uncommon trap: reason=null_check action=make_not_entrant pc=0x00000245bd2ad7d0 method=org.apache.xerces.dom.CoreDocumentImpl.getUserData(Lorg/w3c/dom/Node;Ljava/lang/String;)Ljava/lang/Object; @ 19 c2
Event: 175.788 Thread 0x00000245d1cb5800 DEOPT PACKING pc=0x00000245bd2ad7d0 sp=0x000000ca7c1f8c50
Event: 175.788 Thread 0x00000245d1cb5800 DEOPT UNPACKING pc=0x00000245b4fba1af sp=0x000000ca7c1f8bf0 mode 2

Classes redefined (0 events):
No events

Internal exceptions (20 events):
Event: 174.165 Thread 0x00000245d42ad800 Exception <a 'sun/nio/fs/WindowsException'{0x000000008cd13768}> (0x000000008cd13768) thrown at [./src/hotspot/share/prims/jni.cpp, line 616]
Event: 174.166 Thread 0x00000245d42ad800 Exception <a 'sun/nio/fs/WindowsException'{0x000000008cd14ae0}> (0x000000008cd14ae0) thrown at [./src/hotspot/share/prims/jni.cpp, line 616]
Event: 174.166 Thread 0x00000245d42ad800 Exception <a 'sun/nio/fs/WindowsException'{0x000000008cd15ea8}> (0x000000008cd15ea8) thrown at [./src/hotspot/share/prims/jni.cpp, line 616]
Event: 174.166 Thread 0x00000245d42ad800 Exception <a 'sun/nio/fs/WindowsException'{0x000000008cd17270}> (0x000000008cd17270) thrown at [./src/hotspot/share/prims/jni.cpp, line 616]
Event: 175.615 Thread 0x00000245d1cb5800 Exception <a 'java/lang/NoSuchMethodError'{0x000000008d424330}: <clinit>> (0x000000008d424330) thrown at [./src/hotspot/share/prims/jni.cpp, line 1366]
Event: 175.616 Thread 0x00000245d1cb5800 Exception <a 'java/lang/NoSuchMethodError'{0x000000008d436080}: <clinit>> (0x000000008d436080) thrown at [./src/hotspot/share/prims/jni.cpp, line 1366]
Event: 175.623 Thread 0x00000245d1cb5800 Exception <a 'java/lang/NoSuchMethodError'{0x000000008d32f0e8}: <clinit>> (0x000000008d32f0e8) thrown at [./src/hotspot/share/prims/jni.cpp, line 1366]
Event: 175.624 Thread 0x00000245d1cb5800 Exception <a 'java/lang/NoSuchMethodError'{0x000000008d331f58}: <clinit>> (0x000000008d331f58) thrown at [./src/hotspot/share/prims/jni.cpp, line 1366]
Event: 175.624 Thread 0x00000245d1cb5800 Exception <a 'java/lang/NoSuchMethodError'{0x000000008d336be0}: <clinit>> (0x000000008d336be0) thrown at [./src/hotspot/share/prims/jni.cpp, line 1366]
Event: 175.624 Thread 0x00000245d1cb5800 Exception <a 'java/lang/NoSuchMethodError'{0x000000008d342628}: <clinit>> (0x000000008d342628) thrown at [./src/hotspot/share/prims/jni.cpp, line 1366]
Event: 175.632 Thread 0x00000245d1cb5800 Exception <a 'java/lang/NoSuchMethodError'{0x000000008d3b2ae0}: <clinit>> (0x000000008d3b2ae0) thrown at [./src/hotspot/share/prims/jni.cpp, line 1366]
Event: 175.637 Thread 0x00000245d1cb5800 Exception <a 'java/lang/NoSuchMethodError'{0x000000008d3ea0c0}: <clinit>> (0x000000008d3ea0c0) thrown at [./src/hotspot/share/prims/jni.cpp, line 1366]
Event: 175.637 Thread 0x00000245d1cb5800 Exception <a 'java/lang/NoSuchMethodError'{0x000000008d3ed7d0}: <clinit>> (0x000000008d3ed7d0) thrown at [./src/hotspot/share/prims/jni.cpp, line 1366]
Event: 175.637 Thread 0x00000245d1cb5800 Exception <a 'java/lang/NoSuchMethodError'{0x000000008d3f06e8}: <clinit>> (0x000000008d3f06e8) thrown at [./src/hotspot/share/prims/jni.cpp, line 1366]
Event: 175.639 Thread 0x00000245d1cb5800 Exception <a 'java/lang/NoSuchMethodError'{0x000000008d20b740}: <clinit>> (0x000000008d20b740) thrown at [./src/hotspot/share/prims/jni.cpp, line 1366]
Event: 175.640 Thread 0x00000245d1cb5800 Exception <a 'java/lang/NoSuchMethodError'{0x000000008d224f78}: <clinit>> (0x000000008d224f78) thrown at [./src/hotspot/share/prims/jni.cpp, line 1366]
Event: 175.641 Thread 0x00000245d1cb5800 Exception <a 'java/lang/NoSuchMethodError'{0x000000008d23b9c0}: <clinit>> (0x000000008d23b9c0) thrown at [./src/hotspot/share/prims/jni.cpp, line 1366]
Event: 175.643 Thread 0x00000245d1cb5800 Exception <a 'java/lang/NoSuchMethodError'{0x000000008d261ec0}: <clinit>> (0x000000008d261ec0) thrown at [./src/hotspot/share/prims/jni.cpp, line 1366]
Event: 175.645 Thread 0x00000245d1cb5800 Exception <a 'java/lang/NoSuchMethodError'{0x000000008d28aad0}: <clinit>> (0x000000008d28aad0) thrown at [./src/hotspot/share/prims/jni.cpp, line 1366]
Event: 175.647 Thread 0x00000245d1cb5800 Exception <a 'java/lang/NoSuchMethodError'{0x000000008d2a0b38}: <clinit>> (0x000000008d2a0b38) thrown at [./src/hotspot/share/prims/jni.cpp, line 1366]

Events (20 events):
Event: 175.714 loading class org/apache/xerces/dom/DOMImplementationImpl
Event: 175.714 loading class org/apache/xerces/dom/DOMImplementationImpl done
Event: 175.715 loading class org/w3c/dom/DOMImplementation
Event: 175.715 loading class org/w3c/dom/DOMImplementation done
Event: 175.715 loading class org/apache/xerces/dom/CoreDOMImplementationImpl
Event: 175.715 loading class org/apache/xerces/dom/CoreDOMImplementationImpl done
Event: 175.716 loading class org/w3c/dom/ls/DOMImplementationLS
Event: 175.716 loading class org/w3c/dom/ls/DOMImplementationLS done
Event: 175.716 loading class org/w3c/dom/ls/LSOutput
Event: 175.716 loading class org/w3c/dom/ls/LSOutput done
Event: 175.717 loading class org/w3c/dom/ls/LSInput
Event: 175.717 loading class org/w3c/dom/ls/LSInput done
Event: 175.717 loading class org/w3c/dom/ls/LSParser
Event: 175.717 loading class org/w3c/dom/ls/LSParser done
Event: 175.718 loading class org/w3c/dom/ls/LSSerializer
Event: 175.718 loading class org/w3c/dom/ls/LSSerializer done
Event: 175.719 loading class org/apache/xerces/dom/DeferredDOMImplementationImpl
Event: 175.719 loading class org/apache/xerces/dom/DeferredDOMImplementationImpl done
Event: 175.786 loading class com/android/utils/XmlUtils$PositionAwareStringBuilder
Event: 175.786 loading class com/android/utils/XmlUtils$PositionAwareStringBuilder done


Dynamic libraries:
0x00007ff651050000 - 0x00007ff65105a000 	C:\Program Files\Android\Android Studio\jre\bin\java.exe
0x00007ff917890000 - 0x00007ff917a88000 	C:\Windows\SYSTEM32\ntdll.dll
0x00007ff916490000 - 0x00007ff91654d000 	C:\Windows\System32\KERNEL32.DLL
0x00007ff914fb0000 - 0x00007ff91527e000 	C:\Windows\System32\KERNELBASE.dll
0x00007ff9157f0000 - 0x00007ff9158f0000 	C:\Windows\System32\ucrtbase.dll
0x00007ff9026e0000 - 0x00007ff9026f7000 	C:\Program Files\Android\Android Studio\jre\bin\VCRUNTIME140.dll
0x00007ff8ec6d0000 - 0x00007ff8ec6e9000 	C:\Program Files\Android\Android Studio\jre\bin\jli.dll
0x00007ff916030000 - 0x00007ff9161d0000 	C:\Windows\System32\USER32.dll
0x00007ff905130000 - 0x00007ff9053ca000 	C:\Windows\WinSxS\amd64_microsoft.windows.common-controls_6595b64144ccf1df_6.0.19041.1110_none_60b5254171f9507e\COMCTL32.dll
0x00007ff915280000 - 0x00007ff9152a2000 	C:\Windows\System32\win32u.dll
0x00007ff915e80000 - 0x00007ff915f1e000 	C:\Windows\System32\msvcrt.dll
0x00007ff9161d0000 - 0x00007ff9161fa000 	C:\Windows\System32\GDI32.dll
0x00007ff915560000 - 0x00007ff91566b000 	C:\Windows\System32\gdi32full.dll
0x00007ff9156c0000 - 0x00007ff91575d000 	C:\Windows\System32\msvcp_win.dll
0x00007ff915a90000 - 0x00007ff915ac0000 	C:\Windows\System32\IMM32.DLL
0x00007ff8eb790000 - 0x00007ff8eb82d000 	C:\Program Files\Android\Android Studio\jre\bin\msvcp140.dll
0x00007ff8be240000 - 0x00007ff8bed42000 	C:\Program Files\Android\Android Studio\jre\bin\server\jvm.dll
0x00007ff9169c0000 - 0x00007ff916a6e000 	C:\Windows\System32\ADVAPI32.dll
0x00007ff916a70000 - 0x00007ff916b0c000 	C:\Windows\System32\sechost.dll
0x00007ff916350000 - 0x00007ff916475000 	C:\Windows\System32\RPCRT4.dll
0x00007ff916c90000 - 0x00007ff916c98000 	C:\Windows\System32\PSAPI.DLL
0x00007ff907d90000 - 0x00007ff907db7000 	C:\Windows\SYSTEM32\WINMM.dll
0x00007ff9080e0000 - 0x00007ff9080e9000 	C:\Windows\SYSTEM32\WSOCK32.dll
0x00007ff90e760000 - 0x00007ff90e76a000 	C:\Windows\SYSTEM32\VERSION.dll
0x00007ff917090000 - 0x00007ff9170fb000 	C:\Windows\System32\WS2_32.dll
0x00007ff912f30000 - 0x00007ff912f42000 	C:\Windows\SYSTEM32\kernel.appcore.dll
0x00007ff8ff110000 - 0x00007ff8ff121000 	C:\Program Files\Android\Android Studio\jre\bin\verify.dll
0x00007ff912bb0000 - 0x00007ff912d94000 	C:\Windows\SYSTEM32\DBGHELP.DLL
0x00007ff90abf0000 - 0x00007ff90ac1c000 	C:\Windows\SYSTEM32\dbgcore.DLL
0x00007ff915760000 - 0x00007ff9157e2000 	C:\Windows\System32\bcryptPrimitives.dll
0x00007ff8feff0000 - 0x00007ff8ff019000 	C:\Program Files\Android\Android Studio\jre\bin\java.dll
0x00007ff904bd0000 - 0x00007ff904bdb000 	C:\Program Files\Android\Android Studio\jre\bin\jimage.dll
0x00007ff8fe540000 - 0x00007ff8fe558000 	C:\Program Files\Android\Android Studio\jre\bin\zip.dll
0x00007ff917100000 - 0x00007ff917843000 	C:\Windows\System32\SHELL32.dll
0x00007ff9130c0000 - 0x00007ff913855000 	C:\Windows\SYSTEM32\windows.storage.dll
0x00007ff915ac0000 - 0x00007ff915e14000 	C:\Windows\System32\combase.dll
0x00007ff914a10000 - 0x00007ff914a40000 	C:\Windows\SYSTEM32\Wldp.dll
0x00007ff916b10000 - 0x00007ff916bbd000 	C:\Windows\System32\SHCORE.dll
0x00007ff915e20000 - 0x00007ff915e75000 	C:\Windows\System32\shlwapi.dll
0x00007ff914ef0000 - 0x00007ff914f0f000 	C:\Windows\SYSTEM32\profapi.dll
0x00007ff8fe520000 - 0x00007ff8fe53a000 	C:\Program Files\Android\Android Studio\jre\bin\net.dll
0x00007ff90de00000 - 0x00007ff90df0a000 	C:\Windows\SYSTEM32\WINHTTP.dll
0x00007ff914770000 - 0x00007ff9147da000 	C:\Windows\system32\mswsock.dll
0x00007ff8fc610000 - 0x00007ff8fc624000 	C:\Program Files\Android\Android Studio\jre\bin\nio.dll
0x00007ff9081d0000 - 0x00007ff9081f7000 	C:\Users\filip\.gradle\native\e1d6ef7f7dcc3fd88c89a11ec53ec762bb8ba0a96d01ffa2cd45eb1d1d8dd5c5\windows-amd64\native-platform.dll
0x00007ff8c28d0000 - 0x00007ff8c2a14000 	C:\Users\filip\.gradle\native\0d407fdbe67a94daf76414ababcb853783967236a71b16ec16e742cd7a986fd3\windows-amd64\native-platform-file-events.dll
0x00007ff8fef60000 - 0x00007ff8fef6a000 	C:\Program Files\Android\Android Studio\jre\bin\management.dll
0x00007ff8fec20000 - 0x00007ff8fec2d000 	C:\Program Files\Android\Android Studio\jre\bin\management_ext.dll
0x00007ff914960000 - 0x00007ff914978000 	C:\Windows\SYSTEM32\CRYPTSP.dll
0x00007ff914080000 - 0x00007ff9140b4000 	C:\Windows\system32\rsaenh.dll
0x00007ff915530000 - 0x00007ff915557000 	C:\Windows\System32\bcrypt.dll
0x00007ff914e70000 - 0x00007ff914e9e000 	C:\Windows\SYSTEM32\USERENV.dll
0x00007ff914980000 - 0x00007ff91498c000 	C:\Windows\SYSTEM32\CRYPTBASE.dll
0x00007ff914410000 - 0x00007ff91444b000 	C:\Windows\SYSTEM32\IPHLPAPI.DLL
0x00007ff916200000 - 0x00007ff916208000 	C:\Windows\System32\NSI.dll
0x00007ff90e8b0000 - 0x00007ff90e8c7000 	C:\Windows\SYSTEM32\dhcpcsvc6.DLL
0x00007ff90e890000 - 0x00007ff90e8ad000 	C:\Windows\SYSTEM32\dhcpcsvc.DLL
0x00007ff914460000 - 0x00007ff91452a000 	C:\Windows\SYSTEM32\DNSAPI.dll

dbghelp: loaded successfully - version: 4.0.5 - missing functions: none
symbol engine: initialized successfully - sym options: 0x614 - pdb path: .;C:\Program Files\Android\Android Studio\jre\bin;C:\Windows\SYSTEM32;C:\Windows\WinSxS\amd64_microsoft.windows.common-controls_6595b64144ccf1df_6.0.19041.1110_none_60b5254171f9507e;C:\Program Files\Android\Android Studio\jre\bin\server;C:\Users\filip\.gradle\native\e1d6ef7f7dcc3fd88c89a11ec53ec762bb8ba0a96d01ffa2cd45eb1d1d8dd5c5\windows-amd64;C:\Users\filip\.gradle\native\0d407fdbe67a94daf76414ababcb853783967236a71b16ec16e742cd7a986fd3\windows-amd64

VM Arguments:
jvm_args: --add-opens=java.base/java.util=ALL-UNNAMED --add-opens=java.base/java.lang=ALL-UNNAMED --add-opens=java.base/java.lang.invoke=ALL-UNNAMED --add-opens=java.base/java.util=ALL-UNNAMED --add-opens=java.prefs/java.util.prefs=ALL-UNNAMED --add-opens=java.prefs/java.util.prefs=ALL-UNNAMED --add-opens=java.base/java.nio.charset=ALL-UNNAMED --add-opens=java.base/java.net=ALL-UNNAMED --add-opens=java.base/java.util.concurrent.atomic=ALL-UNNAMED -Xmx2048m -Dfile.encoding=UTF-8 -Duser.country=SE -Duser.language=sv -Duser.variant 
java_command: org.gradle.launcher.daemon.bootstrap.GradleDaemon 7.4
java_class_path (initial): C:\Users\filip\.gradle\wrapper\dists\gradle-7.4-bin\c0gwcg53nkjbqw7r0h0umtfvt\gradle-7.4\lib\gradle-launcher-7.4.jar
Launcher Type: SUN_STANDARD

[Global flags]
     intx CICompilerCount                          = 4                                         {product} {ergonomic}
     uint ConcGCThreads                            = 2                                         {product} {ergonomic}
     uint G1ConcRefinementThreads                  = 8                                         {product} {ergonomic}
   size_t G1HeapRegionSize                         = 1048576                                   {product} {ergonomic}
    uintx GCDrainStackTargetSize                   = 64                                        {product} {ergonomic}
   size_t InitialHeapSize                          = 268435456                                 {product} {ergonomic}
   size_t MarkStackSize                            = 4194304                                   {product} {ergonomic}
   size_t MaxHeapSize                              = 2147483648                                {product} {command line}
   size_t MaxNewSize                               = 1287651328                                {product} {ergonomic}
   size_t MinHeapDeltaBytes                        = 1048576                                   {product} {ergonomic}
    uintx NonNMethodCodeHeapSize                   = 5836300                                {pd product} {ergonomic}
    uintx NonProfiledCodeHeapSize                  = 122910970                              {pd product} {ergonomic}
    uintx ProfiledCodeHeapSize                     = 122910970                              {pd product} {ergonomic}
    uintx ReservedCodeCacheSize                    = 251658240                              {pd product} {ergonomic}
     bool SegmentedCodeCache                       = true                                      {product} {ergonomic}
     bool UseCompressedClassPointers               = true                                 {lp64_product} {ergonomic}
     bool UseCompressedOops                        = true                                 {lp64_product} {ergonomic}
     bool UseG1GC                                  = true                                      {product} {ergonomic}
     bool UseLargePagesIndividualAllocation        = false                                  {pd product} {ergonomic}

Logging:
Log output configuration:
 #0: stdout all=warning uptime,level,tags
 #1: stderr all=off uptime,level,tags

Environment Variables:
PATH=C:\Windows\system32;C:\Windows;C:\Windows\System32\Wbem;C:\Windows\System32\WindowsPowerShell\v1.0\;C:\Windows\System32\OpenSSH\;C:\Program Files\Git\cmd;C:\Users\filip\AppData\Local\Microsoft\WindowsApps;;C:\Users\filip\AppData\Local\Programs\Microsoft VS Code\bin
USERNAME=filip
OS=Windows_NT
PROCESSOR_IDENTIFIER=Intel64 Family 6 Model 58 Stepping 9, GenuineIntel



---------------  S Y S T E M  ---------------

OS: Windows 10 , 64 bit Build 19041 (10.0.19041.1889)
OS uptime: 3 days 20:24 hours

CPU:total 8 (initial active 8) (4 cores per cpu, 2 threads per core) family 6 model 58 stepping 9 microcode 0x21, cmov, cx8, fxsr, mmx, sse, sse2, sse3, ssse3, sse4.1, sse4.2, popcnt, avx, aes, clmul, erms, ht, tsc, tscinvbit, tscinv

Memory: 4k page, system-wide physical 16333M (5840M free)
TotalPageFile size 18765M (AvailPageFile size 5508M)
current process WorkingSet (physical memory assigned to process): 531M, peak: 531M
current process commit charge ("private bytes"): 581M, peak: 592M

vm_info: OpenJDK 64-Bit Server VM (11.0.13+0-b1751.21-8125866) for windows-amd64 JRE (11.0.13+0-b1751.21-8125866), built on Feb  2 2022 03:00:22 by "builder" with MS VC++ 14.0 (VS2015)

END.
